#
# A fatal error has been detected by the Java Runtime Environment:
#
#  SIGSEGV (0xb) at pc=0x00007f70a9113783, pid=5455, tid=0x00007f70aa3fb700
#
# JRE version: Java(TM) SE Runtime Environment (8.0_201-b09) (build 1.8.0_201-b09)
# Java VM: Java HotSpot(TM) 64-Bit Server VM (25.201-b09 mixed mode linux-amd64 compressed oops)
# Problematic frame:
# V  [libjvm.so+0x90b783]  SR_handler(int, siginfo*, ucontext*)+0x33
#
# Failed to write core dump. Core dumps have been disabled. To enable core dumping, try "ulimit -c unlimited" before starting Java again
#
# If you would like to submit a bug report, please visit:
#   http://bugreport.java.com/bugreport/crash.jsp
#

---------------  T H R E A D  ---------------

Current thread is native thread

siginfo: si_signo: 11 (SIGSEGV), si_code: 1 (SEGV_MAPERR), si_addr: 0x0000000000000128

Registers:
RAX=0x0000000000000000, RBX=0x00007f70aa3f9700, RCX=0x00007f70a9fdf98d, RDX=0x00007f70aa3fba20
RSP=0x00007fff9781ee40, RBP=0x00007fff9781eef0, RSI=0x00007fff9781f030, RDI=0x0000000000000001
R8 =0x00000000000000ca, R9 =0x00007f70aa3f99d0, R10=0x0000000000000000, R11=0x0000000000000246
R12=0x00007f70aa3fb698, R13=0x0000000000000000, R14=0x00007fff9781f030, R15=0x00007fff9781ef00
RIP=0x00007f70a9113783, EFLAGS=0x0000000000010246, CSGSFS=0x002b000000000033, ERR=0x0000000000000004
  TRAPNO=0x000000000000000e

Top of Stack: (sp=0x00007fff9781ee40)
0x00007fff9781ee40:   00000000fbad8001 00007f70a98030c9
0x00007fff9781ee50:   00007f70a97f9550 00007fff9781eec8
0x00007fff9781ee60:   00000000f5e616f3 0000000003d7985b
0x00007fff9781ee70:   00007fff00000033 00007fff9781efa0
0x00007fff9781ee80:   00007f70a9801ff8 00007f70a97f4d80
0x00007fff9781ee90:   00007fff9781eec4 00007fff9781ef90
0x00007fff9781eea0:   00007f70aa3fd5d8 0000000000000000
0x00007fff9781eeb0:   0000000000000006 00000000000003ff
0x00007fff9781eec0:   00000000aa3f0000 00007f70aa3f9700
0x00007fff9781eed0:   00007fff9781f5a0 0000000000000000
0x00007fff9781eee0:   00007f70aa3fb700 00007f70aa3f9d28
0x00007fff9781eef0:   00007fff9781f608 00007f70a9fe8390
0x00007fff9781ef00:   0000000000000007 0000000000000000
0x00007fff9781ef10:   0000000000000000 00007f7000000002
0x00007fff9781ef20:   0000000000000000 00000000000000ca
0x00007fff9781ef30:   00007f70aa3f99d0 0000000000000000
0x00007fff9781ef40:   0000000000000246 00007fff9781f5a0
0x00007fff9781ef50:   0000000000000000 00007f70aa3fb700
0x00007fff9781ef60:   00007f70aa3f9d28 00007f70aa3f99d0
0x00007fff9781ef70:   0000000000000000 00007fff9781f608
0x00007fff9781ef80:   00007f70aa3f9700 0000000000001550
0x00007fff9781ef90:   00000000000000ca 00007f70a9fdf98d
0x00007fff9781efa0:   00007fff9781f590 00007f70a9fdf98b
0x00007fff9781efb0:   0000000000000246 002b000000000033
0x00007fff9781efc0:   0000000000000000 0000000000000000
0x00007fff9781efd0:   0000000000000000 0000000000000000
0x00007fff9781efe0:   00007fff9781f0c0 00007fff9781f020
0x00007fff9781eff0:   0000000000000000 0000000000000000
0x00007fff9781f000:   00007fff9781f090 0000000000000000
0x00007fff9781f010:   00007fff0000000a 0000000000000004
0x00007fff9781f020:   00007fff9781f4c4 0000000000000000
0x00007fff9781f030:   000000000000000c 0000000200000000 

Instructions: (pc=0x00007f70a9113783)
0x00007f70a9113763:   48 81 ec 88 00 00 00 e8 81 1d 8f ff 44 8b 28 49
0x00007f70a9113773:   89 c4 48 8d 05 2c 61 68 00 8b 38 e8 15 2c 8f ff
0x00007f70a9113783:   48 8b 98 28 01 00 00 8b 83 a8 00 00 00 83 f8 01
0x00007f70a9113793:   74 1b 45 89 2c 24 48 81 c4 88 00 00 00 5b 41 5c 

Register to memory mapping:

RAX=0x0000000000000000 is an unknown value
RBX=0x00007f70aa3f9700 is pointing into the stack for thread: 0x00007f70a400a800
RCX=0x00007f70a9fdf98d: pthread_join+0xbd in /lib/x86_64-linux-gnu/libpthread.so.0 at 0x00007f70a9fd7000
RDX=0x00007f70aa3fba20 is an unknown value
RSP=0x00007fff9781ee40 is an unknown value
RBP=0x00007fff9781eef0 is an unknown value
RSI=0x00007fff9781f030 is an unknown value
RDI=0x0000000000000001 is an unknown value
R8 =0x00000000000000ca is an unknown value
R9 =0x00007f70aa3f99d0 is pointing into the stack for thread: 0x00007f70a400a800
R10=0x0000000000000000 is an unknown value
R11=0x0000000000000246 is an unknown value
R12=0x00007f70aa3fb698 is an unknown value
R13=0x0000000000000000 is an unknown value
R14=0x00007fff9781f030 is an unknown value
R15=0x00007fff9781ef00 is an unknown value


Stack: [0x00007fff97727000,0x00007fff97827000],  sp=0x00007fff9781ee40,  free space=991k
Native frames: (J=compiled Java code, j=interpreted, Vv=VM code, C=native code)
V  [libjvm.so+0x90b783]  SR_handler(int, siginfo*, ucontext*)+0x33
C  [libpthread.so.0+0x11390]


---------------  P R O C E S S  ---------------

VM state:not at safepoint (normal execution)

VM Mutex/Monitor currently owned by a thread: None

heap address: 0x00000006c8000000, size: 3968 MB, Compressed Oops mode: Zero based, Oop shift amount: 3
Narrow klass base: 0x0000000000000000, Narrow klass shift: 3
Compressed class space size: 1073741824 Address: 0x00000007c0000000

Heap:
 PSYoungGen      total 74240K, used 11099K [0x000000076d580000, 0x0000000772800000, 0x00000007c0000000)
  eden space 64000K, 17% used [0x000000076d580000,0x000000076e056c38,0x0000000771400000)
  from space 10240K, 0% used [0x0000000771e00000,0x0000000771e00000,0x0000000772800000)
  to   space 10240K, 0% used [0x0000000771400000,0x0000000771400000,0x0000000771e00000)
 ParOldGen       total 169472K, used 0K [0x00000006c8000000, 0x00000006d2580000, 0x000000076d580000)
  object space 169472K, 0% used [0x00000006c8000000,0x00000006c8000000,0x00000006d2580000)
 Metaspace       used 5325K, capacity 5514K, committed 5888K, reserved 1056768K
  class space    used 586K, capacity 647K, committed 768K, reserved 1048576K

Card table byte_map: [0x00007f70937f4000,0x00007f7093fb5000] byte_map_base: 0x00007f70901b4000

Marking Bits: (ParMarkBitMap*) 0x00007f70a97d3d80
 Begin Bits: [0x00007f708b2c5000, 0x00007f708f0c5000)
 End Bits:   [0x00007f708f0c5000, 0x00007f7092ec5000)

Polling page: 0x00007f70aa418000

CodeCache: size=245760Kb used=1945Kb max_used=1978Kb free=243814Kb
 bounds [0x00007f7094375000, 0x00007f70945e5000, 0x00007f70a3375000]
 total_blobs=650 nmethods=358 adapters=207
 compilation: enabled

Compilation events (10 events):
Event: 0,584 Thread 0x00007f70a4185800 nmethod 352 0x00007f7094549e10 code [0x00007f7094549f80, 0x00007f709454a130]
Event: 0,584 Thread 0x00007f70a4185800  353       3       jdk.internal.org.objectweb.asm.ClassWriter::newClass (9 bytes)
Event: 0,585 Thread 0x00007f70a4185800 nmethod 353 0x00007f709454a1d0 code [0x00007f709454a340, 0x00007f709454a4e8]
Event: 0,586 Thread 0x00007f70a4185800  354       3       java.lang.invoke.MemberName::initResolved (53 bytes)
Event: 0,587 Thread 0x00007f70a4185800 nmethod 354 0x00007f709454a5d0 code [0x00007f709454a740, 0x00007f709454a910]
Event: 0,587 Thread 0x00007f70a4180800  355       4       java.util.concurrent.ConcurrentHashMap::setTabAt (19 bytes)
Event: 0,588 Thread 0x00007f70a4180800 nmethod 355 0x00007f709454d610 code [0x00007f709454d740, 0x00007f709454d7b8]
Event: 0,588 Thread 0x00007f70a4185800  357       3       java.lang.invoke.MethodType::parameterCount (6 bytes)
Event: 0,588 Thread 0x00007f70a4185800 nmethod 357 0x00007f709454d290 code [0x00007f709454d400, 0x00007f709454d570]
Event: 0,612 Thread 0x00007f70a4183800 nmethod 104 0x00007f7094554cd0 code [0x00007f70945553c0, 0x00007f709455af98]

GC Heap History (0 events):
No events

Deoptimization events (2 events):
Event: 0,343 Thread 0x00007f70a400a800 Uncommon trap: reason=unstable_if action=reinterpret pc=0x00007f70944bcc80 method=java.util.HashMap.get(Ljava/lang/Object;)Ljava/lang/Object; @ 11
Event: 0,378 Thread 0x00007f70a400a800 Uncommon trap: reason=unstable_if action=reinterpret pc=0x00007f70944b7e34 method=java.util.HashMap.getNode(ILjava/lang/Object;)Ljava/util/HashMap$Node; @ 49

Classes redefined (0 events):
No events

Internal exceptions (9 events):
Event: 0,061 Thread 0x00007f70a400a800 Exception <a 'java/lang/NoSuchMethodError': Method sun.misc.Unsafe.defineClass(Ljava/lang/String;[BII)Ljava/lang/Class; name or signature does not match> (0x000000076d587cb0) thrown at [/HUDSON/workspace/8-2-build-linux-amd64/jdk8u201/12317/hotspot/src/sh
Event: 0,061 Thread 0x00007f70a400a800 Exception <a 'java/lang/NoSuchMethodError': Method sun.misc.Unsafe.prefetchRead(Ljava/lang/Object;J)V name or signature does not match> (0x000000076d587f98) thrown at [/HUDSON/workspace/8-2-build-linux-amd64/jdk8u201/12317/hotspot/src/share/vm/prims/jni.c
Event: 0,343 Thread 0x00007f70a400a800 Implicit null exception at 0x00007f70944bcb01 to 0x00007f70944bcc75
Event: 0,397 Thread 0x00007f70a400a800 Exception <a 'java/security/PrivilegedActionException'> (0x000000076dcc1c60) thrown at [/HUDSON/workspace/8-2-build-linux-amd64/jdk8u201/12317/hotspot/src/share/vm/prims/jvm.cpp, line 1502]
Event: 0,397 Thread 0x00007f70a400a800 Exception <a 'java/security/PrivilegedActionException'> (0x000000076dcc2058) thrown at [/HUDSON/workspace/8-2-build-linux-amd64/jdk8u201/12317/hotspot/src/share/vm/prims/jvm.cpp, line 1502]
Event: 0,397 Thread 0x00007f70a400a800 Exception <a 'java/security/PrivilegedActionException'> (0x000000076dcc46a8) thrown at [/HUDSON/workspace/8-2-build-linux-amd64/jdk8u201/12317/hotspot/src/share/vm/prims/jvm.cpp, line 1502]
Event: 0,397 Thread 0x00007f70a400a800 Exception <a 'java/security/PrivilegedActionException'> (0x000000076dcc4aa0) thrown at [/HUDSON/workspace/8-2-build-linux-amd64/jdk8u201/12317/hotspot/src/share/vm/prims/jvm.cpp, line 1502]
Event: 0,509 Thread 0x00007f70a400a800 Exception <a 'java/lang/NoSuchFieldError': method resolution failed> (0x000000076ddcdec0) thrown at [/HUDSON/workspace/8-2-build-linux-amd64/jdk8u201/12317/hotspot/src/share/vm/prims/methodHandles.cpp, line 1167]
Event: 0,523 Thread 0x00007f70a400a800 Exception <a 'java/lang/NoSuchFieldError': method resolution failed> (0x000000076dddb328) thrown at [/HUDSON/workspace/8-2-build-linux-amd64/jdk8u201/12317/hotspot/src/share/vm/prims/methodHandles.cpp, line 1167]

Events (10 events):
Event: 0,585 loading class java/lang/UNIXProcess$ProcessPipeOutputStream done
Event: 0,585 loading class java/lang/UNIXProcess$ProcessPipeInputStream
Event: 0,585 loading class java/lang/UNIXProcess$ProcessPipeInputStream done
Event: 0,586 Executing VM operation: Deoptimize
Event: 0,586 Executing VM operation: Deoptimize done
Event: 0,588 loading class java/util/concurrent/ThreadPoolExecutor$Worker
Event: 0,588 loading class java/util/concurrent/ThreadPoolExecutor$Worker done
Event: 0,589 Thread 0x00007f70a4340000 Thread added: 0x00007f70a4340000
Event: 4,153 Executing VM operation: EnableBiasedLocking
Event: 4,153 Executing VM operation: EnableBiasedLocking done


Dynamic libraries:
00400000-00401000 r-xp 00000000 08:02 36321787                           /usr/lib/jvm/java-8-oracle/jre/bin/java
00600000-00601000 r--p 00000000 08:02 36321787                           /usr/lib/jvm/java-8-oracle/jre/bin/java
00601000-00602000 rw-p 00001000 08:02 36321787                           /usr/lib/jvm/java-8-oracle/jre/bin/java
01c4a000-01f18000 rw-p 00000000 00:00 0                                  [heap]
6c8000000-6d2580000 rw-p 00000000 00:00 0 
6d2580000-76d580000 ---p 00000000 00:00 0 
76d580000-772800000 rw-p 00000000 00:00 0 
772800000-7c0000000 ---p 00000000 00:00 0 
7c0000000-7c00c0000 rw-p 00000000 00:00 0 
7c00c0000-800000000 ---p 00000000 00:00 0 
7f7048000000-7f7048021000 rw-p 00000000 00:00 0 
7f7048021000-7f704c000000 ---p 00000000 00:00 0 
7f7050000000-7f7050021000 rw-p 00000000 00:00 0 
7f7050021000-7f7054000000 ---p 00000000 00:00 0 
7f7054000000-7f7054021000 rw-p 00000000 00:00 0 
7f7054021000-7f7058000000 ---p 00000000 00:00 0 
7f705bec6000-7f705bec9000 ---p 00000000 00:00 0 
7f705bec9000-7f705beff000 rw-p 00000000 00:00 0 
7f705beff000-7f705bf00000 ---p 00000000 00:00 0 
7f705bf00000-7f705c000000 rw-p 00000000 00:00 0 
7f705c000000-7f705c51f000 rw-p 00000000 00:00 0 
7f705c51f000-7f7060000000 ---p 00000000 00:00 0 
7f7060000000-7f70602cb000 rw-p 00000000 00:00 0 
7f70602cb000-7f7064000000 ---p 00000000 00:00 0 
7f7064000000-7f7064021000 rw-p 00000000 00:00 0 
7f7064021000-7f7068000000 ---p 00000000 00:00 0 
7f7068000000-7f7068455000 rw-p 00000000 00:00 0 
7f7068455000-7f706c000000 ---p 00000000 00:00 0 
7f706c000000-7f706c021000 rw-p 00000000 00:00 0 
7f706c021000-7f7070000000 ---p 00000000 00:00 0 
7f7070000000-7f7070021000 rw-p 00000000 00:00 0 
7f7070021000-7f7074000000 ---p 00000000 00:00 0 
7f7074000000-7f7074021000 rw-p 00000000 00:00 0 
7f7074021000-7f7078000000 ---p 00000000 00:00 0 
7f7078000000-7f7078021000 rw-p 00000000 00:00 0 
7f7078021000-7f707c000000 ---p 00000000 00:00 0 
7f707c000000-7f707c021000 rw-p 00000000 00:00 0 
7f707c021000-7f7080000000 ---p 00000000 00:00 0 
7f7080000000-7f7080021000 rw-p 00000000 00:00 0 
7f7080021000-7f7084000000 ---p 00000000 00:00 0 
7f7084000000-7f7084021000 rw-p 00000000 00:00 0 
7f7084021000-7f7088000000 ---p 00000000 00:00 0 
7f7088015000-7f7088055000 r--s 00396000 08:02 43521301                   /home/pawel/codem/nodeServerReact/app/services/convert-0.0.1-SNAPSHOT.jar
7f7088055000-7f7088058000 ---p 00000000 00:00 0 
7f7088058000-7f7088156000 rw-p 00000000 00:00 0 
7f7088156000-7f7088159000 ---p 00000000 00:00 0 
7f7088159000-7f7088257000 rw-p 00000000 00:00 0 
7f7088257000-7f708825a000 ---p 00000000 00:00 0 
7f708825a000-7f7088358000 rw-p 00000000 00:00 0 
7f7088358000-7f708835b000 ---p 00000000 00:00 0 
7f708835b000-7f7088459000 rw-p 00000000 00:00 0 
7f7088459000-7f708845c000 ---p 00000000 00:00 0 
7f708845c000-7f708855a000 rw-p 00000000 00:00 0 
7f708855a000-7f7088f19000 r--p 00000000 08:02 36313964                   /usr/lib/locale/locale-archive
7f7088f19000-7f7088f1c000 ---p 00000000 00:00 0 
7f7088f1c000-7f708901a000 rw-p 00000000 00:00 0 
7f708901a000-7f708901d000 ---p 00000000 00:00 0 
7f708901d000-7f708911b000 rw-p 00000000 00:00 0 
7f708911b000-7f708911c000 ---p 00000000 00:00 0 
7f708911c000-7f708a12b000 rw-p 00000000 00:00 0 
7f708a12b000-7f708a305000 r--s 03d6f000 08:02 36321893                   /usr/lib/jvm/java-8-oracle/jre/lib/rt.jar
7f708a305000-7f708a805000 rw-p 00000000 00:00 0 
7f708a805000-7f708ab05000 ---p 00000000 00:00 0 
7f708ab05000-7f7092ec5000 rw-p 00000000 00:00 0 
7f7092ec5000-7f7092ec6000 ---p 00000000 00:00 0 
7f7092ec6000-7f7092fc6000 rw-p 00000000 00:00 0 
7f7092fc6000-7f7092fc7000 ---p 00000000 00:00 0 
7f7092fc7000-7f70930c7000 rw-p 00000000 00:00 0 
7f70930c7000-7f70930c8000 ---p 00000000 00:00 0 
7f70930c8000-7f70931c8000 rw-p 00000000 00:00 0 
7f70931c8000-7f70931c9000 ---p 00000000 00:00 0 
7f70931c9000-7f709331c000 rw-p 00000000 00:00 0 
7f709331c000-7f70937f4000 ---p 00000000 00:00 0 
7f70937f4000-7f7093847000 rw-p 00000000 00:00 0 
7f7093847000-7f7093d1e000 ---p 00000000 00:00 0 
7f7093d1e000-7f7093d48000 rw-p 00000000 00:00 0 
7f7093d48000-7f7093fb4000 ---p 00000000 00:00 0 
7f7093fb4000-7f7093fbf000 rw-p 00000000 00:00 0 
7f7093fbf000-7f7094375000 ---p 00000000 00:00 0 
7f7094375000-7f70945e5000 rwxp 00000000 00:00 0 
7f70945e5000-7f70a3375000 ---p 00000000 00:00 0 
7f70a3375000-7f70a3390000 r-xp 00000000 08:02 36322106                   /usr/lib/jvm/java-8-oracle/jre/lib/amd64/libzip.so
7f70a3390000-7f70a358f000 ---p 0001b000 08:02 36322106                   /usr/lib/jvm/java-8-oracle/jre/lib/amd64/libzip.so
7f70a358f000-7f70a3590000 r--p 0001a000 08:02 36322106                   /usr/lib/jvm/java-8-oracle/jre/lib/amd64/libzip.so
7f70a3590000-7f70a3591000 rw-p 0001b000 08:02 36322106                   /usr/lib/jvm/java-8-oracle/jre/lib/amd64/libzip.so
7f70a3591000-7f70a359c000 r-xp 00000000 08:02 528900                     /lib/x86_64-linux-gnu/libnss_files-2.23.so
7f70a359c000-7f70a379b000 ---p 0000b000 08:02 528900                     /lib/x86_64-linux-gnu/libnss_files-2.23.so
7f70a379b000-7f70a379c000 r--p 0000a000 08:02 528900                     /lib/x86_64-linux-gnu/libnss_files-2.23.so
7f70a379c000-7f70a379d000 rw-p 0000b000 08:02 528900                     /lib/x86_64-linux-gnu/libnss_files-2.23.so
7f70a379d000-7f70a37a3000 rw-p 00000000 00:00 0 
7f70a37a3000-7f70a37ae000 r-xp 00000000 08:02 528910                     /lib/x86_64-linux-gnu/libnss_nis-2.23.so
7f70a37ae000-7f70a39ad000 ---p 0000b000 08:02 528910                     /lib/x86_64-linux-gnu/libnss_nis-2.23.so
7f70a39ad000-7f70a39ae000 r--p 0000a000 08:02 528910                     /lib/x86_64-linux-gnu/libnss_nis-2.23.so
7f70a39ae000-7f70a39af000 rw-p 0000b000 08:02 528910                     /lib/x86_64-linux-gnu/libnss_nis-2.23.so
7f70a39af000-7f70a39c5000 r-xp 00000000 08:02 528894                     /lib/x86_64-linux-gnu/libnsl-2.23.so
7f70a39c5000-7f70a3bc4000 ---p 00016000 08:02 528894                     /lib/x86_64-linux-gnu/libnsl-2.23.so
7f70a3bc4000-7f70a3bc5000 r--p 00015000 08:02 528894                     /lib/x86_64-linux-gnu/libnsl-2.23.so
7f70a3bc5000-7f70a3bc6000 rw-p 00016000 08:02 528894                     /lib/x86_64-linux-gnu/libnsl-2.23.so
7f70a3bc6000-7f70a3bc8000 rw-p 00000000 00:00 0 
7f70a3bc8000-7f70a3bd0000 r-xp 00000000 08:02 528896                     /lib/x86_64-linux-gnu/libnss_compat-2.23.so
7f70a3bd0000-7f70a3dcf000 ---p 00008000 08:02 528896                     /lib/x86_64-linux-gnu/libnss_compat-2.23.so
7f70a3dcf000-7f70a3dd0000 r--p 00007000 08:02 528896                     /lib/x86_64-linux-gnu/libnss_compat-2.23.so
7f70a3dd0000-7f70a3dd1000 rw-p 00008000 08:02 528896                     /lib/x86_64-linux-gnu/libnss_compat-2.23.so
7f70a3dd1000-7f70a3dfd000 r-xp 00000000 08:02 36322100                   /usr/lib/jvm/java-8-oracle/jre/lib/amd64/libjava.so
7f70a3dfd000-7f70a3ffd000 ---p 0002c000 08:02 36322100                   /usr/lib/jvm/java-8-oracle/jre/lib/amd64/libjava.so
7f70a3ffd000-7f70a3ffe000 r--p 0002c000 08:02 36322100                   /usr/lib/jvm/java-8-oracle/jre/lib/amd64/libjava.so
7f70a3ffe000-7f70a4000000 rw-p 0002d000 08:02 36322100                   /usr/lib/jvm/java-8-oracle/jre/lib/amd64/libjava.so
7f70a4000000-7f70a450a000 rw-p 00000000 00:00 0 
7f70a450a000-7f70a8000000 ---p 00000000 00:00 0 
7f70a8023000-7f70a80e8000 rw-p 00000000 00:00 0 
7f70a80e8000-7f70a80f5000 r-xp 00000000 08:02 36322105                   /usr/lib/jvm/java-8-oracle/jre/lib/amd64/libverify.so
7f70a80f5000-7f70a82f4000 ---p 0000d000 08:02 36322105                   /usr/lib/jvm/java-8-oracle/jre/lib/amd64/libverify.so
7f70a82f4000-7f70a82f6000 r--p 0000c000 08:02 36322105                   /usr/lib/jvm/java-8-oracle/jre/lib/amd64/libverify.so
7f70a82f6000-7f70a82f7000 rw-p 0000e000 08:02 36322105                   /usr/lib/jvm/java-8-oracle/jre/lib/amd64/libverify.so
7f70a82f7000-7f70a82fe000 r-xp 00000000 08:02 528955                     /lib/x86_64-linux-gnu/librt-2.23.so
7f70a82fe000-7f70a84fd000 ---p 00007000 08:02 528955                     /lib/x86_64-linux-gnu/librt-2.23.so
7f70a84fd000-7f70a84fe000 r--p 00006000 08:02 528955                     /lib/x86_64-linux-gnu/librt-2.23.so
7f70a84fe000-7f70a84ff000 rw-p 00007000 08:02 528955                     /lib/x86_64-linux-gnu/librt-2.23.so
7f70a84ff000-7f70a8607000 r-xp 00000000 08:02 528871                     /lib/x86_64-linux-gnu/libm-2.23.so
7f70a8607000-7f70a8806000 ---p 00108000 08:02 528871                     /lib/x86_64-linux-gnu/libm-2.23.so
7f70a8806000-7f70a8807000 r--p 00107000 08:02 528871                     /lib/x86_64-linux-gnu/libm-2.23.so
7f70a8807000-7f70a8808000 rw-p 00108000 08:02 528871                     /lib/x86_64-linux-gnu/libm-2.23.so
7f70a8808000-7f70a94f0000 r-xp 00000000 08:02 36322082                   /usr/lib/jvm/java-8-oracle/jre/lib/amd64/server/libjvm.so
7f70a94f0000-7f70a96ef000 ---p 00ce8000 08:02 36322082                   /usr/lib/jvm/java-8-oracle/jre/lib/amd64/server/libjvm.so
7f70a96ef000-7f70a9785000 r--p 00ce7000 08:02 36322082                   /usr/lib/jvm/java-8-oracle/jre/lib/amd64/server/libjvm.so
7f70a9785000-7f70a97b6000 rw-p 00d7d000 08:02 36322082                   /usr/lib/jvm/java-8-oracle/jre/lib/amd64/server/libjvm.so
7f70a97b6000-7f70a97f1000 rw-p 00000000 00:00 0 
7f70a97f1000-7f70a99b1000 r-xp 00000000 08:02 528801                     /lib/x86_64-linux-gnu/libc-2.23.so
7f70a99b1000-7f70a9bb1000 ---p 001c0000 08:02 528801                     /lib/x86_64-linux-gnu/libc-2.23.so
7f70a9bb1000-7f70a9bb5000 r--p 001c0000 08:02 528801                     /lib/x86_64-linux-gnu/libc-2.23.so
7f70a9bb5000-7f70a9bb7000 rw-p 001c4000 08:02 528801                     /lib/x86_64-linux-gnu/libc-2.23.so
7f70a9bb7000-7f70a9bbb000 rw-p 00000000 00:00 0 
7f70a9bbb000-7f70a9bbe000 r-xp 00000000 08:02 528825                     /lib/x86_64-linux-gnu/libdl-2.23.so
7f70a9bbe000-7f70a9dbd000 ---p 00003000 08:02 528825                     /lib/x86_64-linux-gnu/libdl-2.23.so
7f70a9dbd000-7f70a9dbe000 r--p 00002000 08:02 528825                     /lib/x86_64-linux-gnu/libdl-2.23.so
7f70a9dbe000-7f70a9dbf000 rw-p 00003000 08:02 528825                     /lib/x86_64-linux-gnu/libdl-2.23.so
7f70a9dbf000-7f70a9dd6000 r-xp 00000000 08:02 36322077                   /usr/lib/jvm/java-8-oracle/jre/lib/amd64/jli/libjli.so
7f70a9dd6000-7f70a9fd5000 ---p 00017000 08:02 36322077                   /usr/lib/jvm/java-8-oracle/jre/lib/amd64/jli/libjli.so
7f70a9fd5000-7f70a9fd6000 r--p 00016000 08:02 36322077                   /usr/lib/jvm/java-8-oracle/jre/lib/amd64/jli/libjli.so
7f70a9fd6000-7f70a9fd7000 rw-p 00017000 08:02 36322077                   /usr/lib/jvm/java-8-oracle/jre/lib/amd64/jli/libjli.so
7f70a9fd7000-7f70a9fef000 r-xp 00000000 08:02 528947                     /lib/x86_64-linux-gnu/libpthread-2.23.so
7f70a9fef000-7f70aa1ee000 ---p 00018000 08:02 528947                     /lib/x86_64-linux-gnu/libpthread-2.23.so
7f70aa1ee000-7f70aa1ef000 r--p 00017000 08:02 528947                     /lib/x86_64-linux-gnu/libpthread-2.23.so
7f70aa1ef000-7f70aa1f0000 rw-p 00018000 08:02 528947                     /lib/x86_64-linux-gnu/libpthread-2.23.so
7f70aa1f0000-7f70aa1f4000 rw-p 00000000 00:00 0 
7f70aa1f4000-7f70aa21a000 r-xp 00000000 08:02 528773                     /lib/x86_64-linux-gnu/ld-2.23.so
7f70aa234000-7f70aa250000 r--s 00393000 08:02 36321954                   /usr/lib/jvm/java-8-oracle/jre/lib/ext/cldrdata.jar
7f70aa250000-7f70aa2f9000 rw-p 00000000 00:00 0 
7f70aa2f9000-7f70aa2fc000 ---p 00000000 00:00 0 
7f70aa2fc000-7f70aa3ff000 rw-p 00000000 00:00 0 
7f70aa401000-7f70aa40b000 r--s 00116000 08:02 36321961                   /usr/lib/jvm/java-8-oracle/jre/lib/ext/localedata.jar
7f70aa40b000-7f70aa40f000 r--s 000a1000 08:02 36321950                   /usr/lib/jvm/java-8-oracle/jre/lib/jsse.jar
7f70aa40f000-7f70aa417000 rw-s 00000000 08:02 38409545                   /tmp/hsperfdata_pawel/5455
7f70aa417000-7f70aa418000 rw-p 00000000 00:00 0 
7f70aa418000-7f70aa419000 r--p 00000000 00:00 0 
7f70aa419000-7f70aa41a000 r--p 00025000 08:02 528773                     /lib/x86_64-linux-gnu/ld-2.23.so
7f70aa41a000-7f70aa41b000 rw-p 00026000 08:02 528773                     /lib/x86_64-linux-gnu/ld-2.23.so
7f70aa41b000-7f70aa41c000 rw-p 00000000 00:00 0 
7fff97805000-7fff97827000 rw-p 00000000 00:00 0                          [stack]
7fff979c0000-7fff979c3000 r--p 00000000 00:00 0                          [vvar]
7fff979c3000-7fff979c5000 r-xp 00000000 00:00 0                          [vdso]
ffffffffff600000-ffffffffff601000 r-xp 00000000 00:00 0                  [vsyscall]

VM Arguments:
java_command: /home/pawel/codem/nodeServerReact/app/services/convert-0.0.1-SNAPSHOT.jar -f html -i /home/pawel/codem/nodeServerReact/app/services/docx_Test.docx -o /home/pawel/codem/nodeServerReact/public/loads/docx.html
java_class_path (initial): /home/pawel/codem/nodeServerReact/app/services/convert-0.0.1-SNAPSHOT.jar
Launcher Type: SUN_STANDARD

Environment Variables:
PATH=/usr/local/lib/node_modules/npm/node_modules/npm-lifecycle/node-gyp-bin:/home/pawel/codem/nodeServerReact/node_modules/.bin:/home/pawel/bin:/home/pawel/.local/bin:/usr/local/sbin:/usr/local/bin:/usr/sbin:/usr/bin:/sbin:/bin:/usr/games:/usr/local/games:/snap/bin
SHELL=/bin/bash
DISPLAY=:0

Signal Handlers:
SIGSEGV: [libjvm.so+0xad3e60], sa_mask[0]=11111111011111111101111111111110, sa_flags=SA_RESTART|SA_SIGINFO
SIGBUS: [libjvm.so+0xad3e60], sa_mask[0]=11111111011111111101111111111110, sa_flags=SA_RESTART|SA_SIGINFO
SIGFPE: [libjvm.so+0x90b880], sa_mask[0]=11111111011111111101111111111110, sa_flags=SA_RESTART|SA_SIGINFO
SIGPIPE: [libjvm.so+0x90b880], sa_mask[0]=11111111011111111101111111111110, sa_flags=SA_RESTART|SA_SIGINFO
SIGXFSZ: [libjvm.so+0x90b880], sa_mask[0]=11111111011111111101111111111110, sa_flags=SA_RESTART|SA_SIGINFO
SIGILL: [libjvm.so+0x90b880], sa_mask[0]=11111111011111111101111111111110, sa_flags=SA_RESTART|SA_SIGINFO
SIGUSR1: SIG_DFL, sa_mask[0]=00000000000000000000000000000000, sa_flags=none
SIGUSR2: [libjvm.so+0x90b750], sa_mask[0]=00000000000000000000000000000000, sa_flags=SA_RESTART|SA_SIGINFO
SIGHUP: [libjvm.so+0x90bd70], sa_mask[0]=11111111011111111101111111111110, sa_flags=SA_RESTART|SA_SIGINFO
SIGINT: [libjvm.so+0x90bd70], sa_mask[0]=11111111011111111101111111111110, sa_flags=SA_RESTART|SA_SIGINFO
SIGTERM: [libjvm.so+0x90bd70], sa_mask[0]=11111111011111111101111111111110, sa_flags=SA_RESTART|SA_SIGINFO
SIGQUIT: [libjvm.so+0x90bd70], sa_mask[0]=11111111011111111101111111111110, sa_flags=SA_RESTART|SA_SIGINFO


---------------  S Y S T E M  ---------------

OS:DISTRIB_ID=Ubuntu
DISTRIB_RELEASE=16.04
DISTRIB_CODENAME=xenial
DISTRIB_DESCRIPTION="Ubuntu 16.04.5 LTS"

uname:Linux 4.15.0-45-generic #48~16.04.1-Ubuntu SMP Tue Jan 29 18:03:48 UTC 2019 x86_64
libc:glibc 2.23 NPTL 2.23 
rlimit: STACK 8192k, CORE 0k, NPROC 63036, NOFILE 1048576, AS infinity
load average:1,62 1,16 1,08

/proc/meminfo:
MemTotal:       16245772 kB
MemFree:         3614608 kB
MemAvailable:    7800224 kB
Buffers:         1103488 kB
Cached:          4004276 kB
SwapCached:            0 kB
Active:          8615400 kB
Inactive:        2964744 kB
Active(anon):    6300636 kB
Inactive(anon):  1402336 kB
Active(file):    2314764 kB
Inactive(file):  1562408 kB
Unevictable:          64 kB
Mlocked:              64 kB
SwapTotal:       8208380 kB
SwapFree:        8208380 kB
Dirty:               436 kB
Writeback:             0 kB
AnonPages:       6472572 kB
Mapped:          1091568 kB
Shmem:           1482492 kB
Slab:             767524 kB
SReclaimable:     650672 kB
SUnreclaim:       116852 kB
KernelStack:       26252 kB
PageTables:       120380 kB
NFS_Unstable:          0 kB
Bounce:                0 kB
WritebackTmp:          0 kB
CommitLimit:    16331264 kB
Committed_AS:   22015460 kB
VmallocTotal:   34359738367 kB
VmallocUsed:           0 kB
VmallocChunk:          0 kB
HardwareCorrupted:     0 kB
AnonHugePages:      2048 kB
ShmemHugePages:        0 kB
ShmemPmdMapped:        0 kB
CmaTotal:              0 kB
CmaFree:               0 kB
HugePages_Total:       0
HugePages_Free:        0
HugePages_Rsvd:        0
HugePages_Surp:        0
Hugepagesize:       2048 kB
DirectMap4k:      891600 kB
DirectMap2M:    15706112 kB
DirectMap1G:     2097152 kB

container (cgroup) information:
container_type: cgroupv1
cpu_cpuset_cpus: 0-3
cpu_memory_nodes: 0
active_processor_count: 4
cpu_quota: -1
cpu_period: 100000
cpu_shares: -1
memory_limit_in_bytes: -1
memory_and_swap_limit_in_bytes: -2
memory_soft_limit_in_bytes: -1
memory_usage_in_bytes: 11858169856
memory_max_usage_in_bytes: 144596992


CPU:total 4 (initial active 4) (4 cores per cpu, 1 threads per core) family 6 model 92 stepping 9, cmov, cx8, fxsr, mmx, sse, sse2, sse3, ssse3, sse4.1, sse4.2, popcnt, aes, clmul, erms, 3dnowpref, tsc, tscinvbit

/proc/cpuinfo:
processor	: 0
vendor_id	: GenuineIntel
cpu family	: 6
model		: 92
model name	: Intel(R) Pentium(R) CPU N4200 @ 1.10GHz
stepping	: 9
microcode	: 0x32
cpu MHz		: 2186.382
cache size	: 1024 KB
physical id	: 0
siblings	: 4
core id		: 0
cpu cores	: 4
apicid		: 0
initial apicid	: 0
fpu		: yes
fpu_exception	: yes
cpuid level	: 21
wp		: yes
flags		: fpu vme de pse tsc msr pae mce cx8 apic sep mtrr pge mca cmov pat pse36 clflush dts acpi mmx fxsr sse sse2 ss ht tm pbe syscall nx pdpe1gb rdtscp lm constant_tsc art arch_perfmon pebs bts rep_good nopl xtopology tsc_reliable nonstop_tsc cpuid aperfmperf tsc_known_freq pni pclmulqdq dtes64 monitor ds_cpl vmx est tm2 ssse3 sdbg cx16 xtpr pdcm sse4_1 sse4_2 x2apic movbe popcnt tsc_deadline_timer aes xsave rdrand lahf_lm 3dnowprefetch cpuid_fault cat_l2 ibrs ibpb stibp tpr_shadow vnmi flexpriority ept vpid fsgsbase tsc_adjust smep erms mpx rdt_a rdseed smap clflushopt intel_pt sha_ni xsaveopt xsavec xgetbv1 xsaves dtherm ida arat pln pts arch_capabilities
bugs		: monitor spectre_v1 spectre_v2
bogomips	: 2188.80
clflush size	: 64
cache_alignment	: 64
address sizes	: 39 bits physical, 48 bits virtual
power management:

processor	: 1
vendor_id	: GenuineIntel
cpu family	: 6
model		: 92
model name	: Intel(R) Pentium(R) CPU N4200 @ 1.10GHz
stepping	: 9
microcode	: 0x32
cpu MHz		: 2189.237
cache size	: 1024 KB
physical id	: 0
siblings	: 4
core id		: 1
cpu cores	: 4
apicid		: 2
initial apicid	: 2
fpu		: yes
fpu_exception	: yes
cpuid level	: 21
wp		: yes
flags		: fpu vme de pse tsc msr pae mce cx8 apic sep mtrr pge mca cmov pat pse36 clflush dts acpi mmx fxsr sse sse2 ss ht tm pbe syscall nx pdpe1gb rdtscp lm constant_tsc art arch_perfmon pebs bts rep_good nopl xtopology tsc_reliable nonstop_tsc cpuid aperfmperf tsc_known_freq pni pclmulqdq dtes64 monitor ds_cpl vmx est tm2 ssse3 sdbg cx16 xtpr pdcm sse4_1 sse4_2 x2apic movbe popcnt tsc_deadline_timer aes xsave rdrand lahf_lm 3dnowprefetch cpuid_fault cat_l2 ibrs ibpb stibp tpr_shadow vnmi flexpriority ept vpid fsgsbase tsc_adjust smep erms mpx rdt_a rdseed smap clflushopt intel_pt sha_ni xsaveopt xsavec xgetbv1 xsaves dtherm ida arat pln pts arch_capabilities
bugs		: monitor spectre_v1 spectre_v2
bogomips	: 2188.80
clflush size	: 64
cache_alignment	: 64
address sizes	: 39 bits physical, 48 bits virtual
power management:

processor	: 2
vendor_id	: GenuineIntel
cpu family	: 6
model		: 92
model name	: Intel(R) Pentium(R) CPU N4200 @ 1.10GHz
stepping	: 9
microcode	: 0x32
cpu MHz		: 2200.575
cache size	: 1024 KB
physical id	: 0
siblings	: 4
core id		: 2
cpu cores	: 4
apicid		: 4
initial apicid	: 4
fpu		: yes
fpu_exception	: yes
cpuid level	: 21
wp		: yes
flags		: fpu vme de pse tsc msr pae mce cx8 apic sep mtrr pge mca cmov pat pse36 clflush dts acpi mmx fxsr sse sse2 ss ht tm pbe syscall nx pdpe1gb rdtscp lm constant_tsc art arch_perfmon pebs bts rep_good nopl xtopology tsc_reliable nonstop_tsc cpuid aperfmperf tsc_known_freq pni pclmulqdq dtes64 monitor ds_cpl vmx est tm2 ssse3 sdbg cx16 xtpr pdcm sse4_1 sse4_2 x2apic movbe popcnt tsc_deadline_timer aes xsave rdrand lahf_lm 3dnowprefetch cpuid_fault cat_l2 tpr_shadow vnmi flexpriority ept vpid fsgsbase tsc_adjust smep erms mpx rdt_a rdseed smap clflushopt intel_pt sha_ni xsaveopt xsavec xgetbv1 xsaves dtherm ida arat pln pts
bugs		: monitor spectre_v1 spectre_v2
bogomips	: 2188.80
clflush size	: 64
cache_alignment	: 64
address sizes	: 39 bits physical, 48 bits virtual
power management:

processor	: 3
vendor_id	: GenuineIntel
cpu family	: 6
model		: 92
model name	: Intel(R) Pentium(R) CPU N4200 @ 1.10GHz
stepping	: 9
microcode	: 0x32
cpu MHz		: 2202.274
cache size	: 1024 KB
physical id	: 0
siblings	: 4
core id		: 3
cpu cores	: 4
apicid		: 6
initial apicid	: 6
fpu		: yes
fpu_exception	: yes
cpuid level	: 21
wp		: yes
flags		: fpu vme de pse tsc msr pae mce cx8 apic sep mtrr pge mca cmov pat pse36 clflush dts acpi mmx fxsr sse sse2 ss ht tm pbe syscall nx pdpe1gb rdtscp lm constant_tsc art arch_perfmon pebs bts rep_good nopl xtopology tsc_reliable nonstop_tsc cpuid aperfmperf tsc_known_freq pni pclmulqdq dtes64 monitor ds_cpl vmx est tm2 ssse3 sdbg cx16 xtpr pdcm sse4_1 sse4_2 x2apic movbe popcnt tsc_deadline_timer aes xsave rdrand lahf_lm 3dnowprefetch cpuid_fault cat_l2 ibrs ibpb stibp tpr_shadow vnmi flexpriority ept vpid fsgsbase tsc_adjust smep erms mpx rdt_a rdseed smap clflushopt intel_pt sha_ni xsaveopt xsavec xgetbv1 xsaves dtherm ida arat pln pts arch_capabilities
bugs		: monitor spectre_v1 spectre_v2
bogomips	: 2188.80
clflush size	: 64
cache_alignment	: 64
address sizes	: 39 bits physical, 48 bits virtual
power management:



Memory: 4k page, physical 16245772k(3624436k free), swap 8208380k(8208380k free)

vm_info: Java HotSpot(TM) 64-Bit Server VM (25.201-b09) for linux-amd64 JRE (1.8.0_201-b09), built on Dec 15 2018 11:35:59 by "java_re" with gcc 7.3.0

time: Tue Mar 12 10:57:13 2019
timezone: CET
elapsed time: 80 seconds (0d 0h 1m 20s)

