#
# A fatal error has been detected by the Java Runtime Environment:
#
#  SIGSEGV (0xb) at pc=0x00007f5e9c2d3783, pid=17987, tid=0x00007f5e9d5bb700
#
# JRE version: Java(TM) SE Runtime Environment (8.0_201-b09) (build 1.8.0_201-b09)
# Java VM: Java HotSpot(TM) 64-Bit Server VM (25.201-b09 mixed mode linux-amd64 compressed oops)
# Problematic frame:
# V  [libjvm.so+0x90b783]  SR_handler(int, siginfo*, ucontext*)+0x33
#
# Failed to write core dump. Core dumps have been disabled. To enable core dumping, try "ulimit -c unlimited" before starting Java again
#
# If you would like to submit a bug report, please visit:
#   http://bugreport.java.com/bugreport/crash.jsp
#

---------------  T H R E A D  ---------------

Current thread is native thread

siginfo: si_signo: 11 (SIGSEGV), si_code: 1 (SEGV_MAPERR), si_addr: 0x0000000000000128

Registers:
RAX=0x0000000000000000, RBX=0x00007f5e9d5b9700, RCX=0x00007f5e9d19f98d, RDX=0x00007f5e9d5bba20
RSP=0x00007ffc5dd385c0, RBP=0x00007ffc5dd38670, RSI=0x00007ffc5dd387b0, RDI=0x0000000000000001
R8 =0x00000000000000ca, R9 =0x00007f5e9d5b99d0, R10=0x0000000000000000, R11=0x0000000000000246
R12=0x00007f5e9d5bb698, R13=0x0000000000000000, R14=0x00007ffc5dd387b0, R15=0x00007ffc5dd38680
RIP=0x00007f5e9c2d3783, EFLAGS=0x0000000000010246, CSGSFS=0x002b000000000033, ERR=0x0000000000000004
  TRAPNO=0x000000000000000e

Top of Stack: (sp=0x00007ffc5dd385c0)
0x00007ffc5dd385c0:   00000000000002fe 00007f5e9c9c1ff8
0x00007ffc5dd385d0:   00007f5e9d5bd000 00007ffc5dd38678
0x00007ffc5dd385e0:   00007ffc5dd38674 00007f5e9ca27a49
0x00007ffc5dd385f0:   00000000fbad8001 00007f5e9c9c30c9
0x00007ffc5dd38600:   00007f5e9c9b9550 00007ffc5dd38678
0x00007ffc5dd38610:   00000000f5e616f3 0000000003d7985b
0x00007ffc5dd38620:   00007ffc00000033 00007ffc5dd38750
0x00007ffc5dd38630:   00007f5e9c9c1ff8 00007f5e9c9b4d80
0x00007ffc5dd38640:   00007ffc5dd38674 00007f5e9d5b9700
0x00007ffc5dd38650:   00007ffc5dd38d50 0000000000000000
0x00007ffc5dd38660:   00007f5e9d5bb700 00007f5e9d5b9d28
0x00007ffc5dd38670:   00007ffc5dd38db8 00007f5e9d1a8390
0x00007ffc5dd38680:   0000000000000007 0000000000000000
0x00007ffc5dd38690:   0000000000000000 00007f5e00000002
0x00007ffc5dd386a0:   0000000000000000 00000000000000ca
0x00007ffc5dd386b0:   00007f5e9d5b99d0 0000000000000000
0x00007ffc5dd386c0:   0000000000000246 00007ffc5dd38d50
0x00007ffc5dd386d0:   0000000000000000 00007f5e9d5bb700
0x00007ffc5dd386e0:   00007f5e9d5b9d28 00007f5e9d5b99d0
0x00007ffc5dd386f0:   0000000000000000 00007ffc5dd38db8
0x00007ffc5dd38700:   00007f5e9d5b9700 0000000000004644
0x00007ffc5dd38710:   00000000000000ca 00007f5e9d19f98d
0x00007ffc5dd38720:   00007ffc5dd38d40 00007f5e9d19f98b
0x00007ffc5dd38730:   0000000000000246 002b000000000033
0x00007ffc5dd38740:   0000000000000000 0000000000000000
0x00007ffc5dd38750:   0000000000000000 0000000000000000
0x00007ffc5dd38760:   00007ffc5dd38840 00007f5e00000000
0x00007ffc5dd38770:   0000000000000000 00007ffc5dd38830
0x00007ffc5dd38780:   0000000000000000 00007ffc00000000
0x00007ffc5dd38790:   0000000000000000 00007ffc5dd38820
0x00007ffc5dd387a0:   0000000000000000 0000000000000000
0x00007ffc5dd387b0:   000000000000000c 0000000000000000 

Instructions: (pc=0x00007f5e9c2d3783)
0x00007f5e9c2d3763:   48 81 ec 88 00 00 00 e8 81 1d 8f ff 44 8b 28 49
0x00007f5e9c2d3773:   89 c4 48 8d 05 2c 61 68 00 8b 38 e8 15 2c 8f ff
0x00007f5e9c2d3783:   48 8b 98 28 01 00 00 8b 83 a8 00 00 00 83 f8 01
0x00007f5e9c2d3793:   74 1b 45 89 2c 24 48 81 c4 88 00 00 00 5b 41 5c 

Register to memory mapping:

RAX=0x0000000000000000 is an unknown value
RBX=0x00007f5e9d5b9700 is pointing into the stack for thread: 0x00007f5e9400a800
RCX=0x00007f5e9d19f98d: pthread_join+0xbd in /lib/x86_64-linux-gnu/libpthread.so.0 at 0x00007f5e9d197000
RDX=0x00007f5e9d5bba20 is an unknown value
RSP=0x00007ffc5dd385c0 is an unknown value
RBP=0x00007ffc5dd38670 is an unknown value
RSI=0x00007ffc5dd387b0 is an unknown value
RDI=0x0000000000000001 is an unknown value
R8 =0x00000000000000ca is an unknown value
R9 =0x00007f5e9d5b99d0 is pointing into the stack for thread: 0x00007f5e9400a800
R10=0x0000000000000000 is an unknown value
R11=0x0000000000000246 is an unknown value
R12=0x00007f5e9d5bb698 is an unknown value
R13=0x0000000000000000 is an unknown value
R14=0x00007ffc5dd387b0 is an unknown value
R15=0x00007ffc5dd38680 is an unknown value


Stack: [0x00007ffc5dc41000,0x00007ffc5dd41000],  sp=0x00007ffc5dd385c0,  free space=989k
Native frames: (J=compiled Java code, j=interpreted, Vv=VM code, C=native code)
V  [libjvm.so+0x90b783]  SR_handler(int, siginfo*, ucontext*)+0x33
C  [libpthread.so.0+0x11390]


---------------  P R O C E S S  ---------------

VM state:not at safepoint (normal execution)

VM Mutex/Monitor currently owned by a thread: None

heap address: 0x00000006c8000000, size: 3968 MB, Compressed Oops mode: Zero based, Oop shift amount: 3
Narrow klass base: 0x0000000000000000, Narrow klass shift: 3
Compressed class space size: 1073741824 Address: 0x00000007c0000000

Heap:
 PSYoungGen      total 74240K, used 9818K [0x000000076d580000, 0x0000000772800000, 0x00000007c0000000)
  eden space 64000K, 15% used [0x000000076d580000,0x000000076df16b30,0x0000000771400000)
  from space 10240K, 0% used [0x0000000771e00000,0x0000000771e00000,0x0000000772800000)
  to   space 10240K, 0% used [0x0000000771400000,0x0000000771400000,0x0000000771e00000)
 ParOldGen       total 169472K, used 0K [0x00000006c8000000, 0x00000006d2580000, 0x000000076d580000)
  object space 169472K, 0% used [0x00000006c8000000,0x00000006c8000000,0x00000006d2580000)
 Metaspace       used 5314K, capacity 5514K, committed 5888K, reserved 1056768K
  class space    used 585K, capacity 647K, committed 768K, reserved 1048576K

Card table byte_map: [0x00007f5e99a9c000,0x00007f5e9a25d000] byte_map_base: 0x00007f5e9645c000

Marking Bits: (ParMarkBitMap*) 0x00007f5e9c993d80
 Begin Bits: [0x00007f5e60400000, 0x00007f5e64200000)
 End Bits:   [0x00007f5e64200000, 0x00007f5e68000000)

Polling page: 0x00007f5e9d5d8000

CodeCache: size=245760Kb used=1935Kb max_used=1957Kb free=243824Kb
 bounds [0x00007f5e85000000, 0x00007f5e85270000, 0x00007f5e94000000]
 total_blobs=645 nmethods=353 adapters=207
 compilation: enabled

Compilation events (10 events):
Event: 0,563 Thread 0x00007f5e94185800 nmethod 349 0x00007f5e851d8cd0 code [0x00007f5e851d8e40, 0x00007f5e851d8fe8]
Event: 0,564 Thread 0x00007f5e94180800 nmethod 105 0x00007f5e851d90d0 code [0x00007f5e851d97c0, 0x00007f5e851df378]
Event: 0,564 Thread 0x00007f5e94185800  350       3       java.lang.invoke.MemberName::initResolved (53 bytes)
Event: 0,564 Thread 0x00007f5e94183800  351       4       java.util.concurrent.ConcurrentHashMap::setTabAt (19 bytes)
Event: 0,564 Thread 0x00007f5e94185800 nmethod 350 0x00007f5e851ce710 code [0x00007f5e851ce880, 0x00007f5e851cea50]
Event: 0,565 Thread 0x00007f5e94183800 nmethod 351 0x00007f5e851ce510 code [0x00007f5e851ce640, 0x00007f5e851ce6b8]
Event: 0,565 Thread 0x00007f5e94185800  353       3       java.lang.invoke.MethodType::parameterCount (6 bytes)
Event: 0,565 Thread 0x00007f5e94185800 nmethod 353 0x00007f5e851ce190 code [0x00007f5e851ce300, 0x00007f5e851ce470]
Event: 0,566 Thread 0x00007f5e94185800  354       3       sun.invoke.util.BytecodeDescriptor::unparseSig (75 bytes)
Event: 0,568 Thread 0x00007f5e94185800 nmethod 354 0x00007f5e851d56d0 code [0x00007f5e851d59c0, 0x00007f5e851d7178]

GC Heap History (0 events):
No events

Deoptimization events (2 events):
Event: 0,300 Thread 0x00007f5e9400a800 Uncommon trap: reason=unstable_if action=reinterpret pc=0x00007f5e851434c0 method=java.util.HashMap.get(Ljava/lang/Object;)Ljava/lang/Object; @ 11
Event: 0,331 Thread 0x00007f5e9400a800 Uncommon trap: reason=unstable_if action=reinterpret pc=0x00007f5e851450b4 method=java.util.HashMap.getNode(ILjava/lang/Object;)Ljava/util/HashMap$Node; @ 49

Classes redefined (0 events):
No events

Internal exceptions (9 events):
Event: 0,042 Thread 0x00007f5e9400a800 Exception <a 'java/lang/NoSuchMethodError': Method sun.misc.Unsafe.defineClass(Ljava/lang/String;[BII)Ljava/lang/Class; name or signature does not match> (0x000000076d587cb0) thrown at [/HUDSON/workspace/8-2-build-linux-amd64/jdk8u201/12317/hotspot/src/sh
Event: 0,042 Thread 0x00007f5e9400a800 Exception <a 'java/lang/NoSuchMethodError': Method sun.misc.Unsafe.prefetchRead(Ljava/lang/Object;J)V name or signature does not match> (0x000000076d587f98) thrown at [/HUDSON/workspace/8-2-build-linux-amd64/jdk8u201/12317/hotspot/src/share/vm/prims/jni.c
Event: 0,300 Thread 0x00007f5e9400a800 Implicit null exception at 0x00007f5e85143344 to 0x00007f5e851434b5
Event: 0,351 Thread 0x00007f5e9400a800 Exception <a 'java/security/PrivilegedActionException'> (0x000000076dcc1c60) thrown at [/HUDSON/workspace/8-2-build-linux-amd64/jdk8u201/12317/hotspot/src/share/vm/prims/jvm.cpp, line 1502]
Event: 0,351 Thread 0x00007f5e9400a800 Exception <a 'java/security/PrivilegedActionException'> (0x000000076dcc2058) thrown at [/HUDSON/workspace/8-2-build-linux-amd64/jdk8u201/12317/hotspot/src/share/vm/prims/jvm.cpp, line 1502]
Event: 0,352 Thread 0x00007f5e9400a800 Exception <a 'java/security/PrivilegedActionException'> (0x000000076dcc46a8) thrown at [/HUDSON/workspace/8-2-build-linux-amd64/jdk8u201/12317/hotspot/src/share/vm/prims/jvm.cpp, line 1502]
Event: 0,352 Thread 0x00007f5e9400a800 Exception <a 'java/security/PrivilegedActionException'> (0x000000076dcc4aa0) thrown at [/HUDSON/workspace/8-2-build-linux-amd64/jdk8u201/12317/hotspot/src/share/vm/prims/jvm.cpp, line 1502]
Event: 0,504 Thread 0x00007f5e9400a800 Exception <a 'java/lang/NoSuchFieldError': method resolution failed> (0x000000076ddce280) thrown at [/HUDSON/workspace/8-2-build-linux-amd64/jdk8u201/12317/hotspot/src/share/vm/prims/methodHandles.cpp, line 1167]
Event: 0,508 Thread 0x00007f5e9400a800 Exception <a 'java/lang/NoSuchFieldError': method resolution failed> (0x000000076dddb668) thrown at [/HUDSON/workspace/8-2-build-linux-amd64/jdk8u201/12317/hotspot/src/share/vm/prims/methodHandles.cpp, line 1167]

Events (10 events):
Event: 0,563 loading class java/lang/UNIXProcess$ProcessPipeOutputStream done
Event: 0,563 loading class java/lang/UNIXProcess$ProcessPipeInputStream
Event: 0,563 loading class java/lang/UNIXProcess$ProcessPipeInputStream done
Event: 0,563 Executing VM operation: Deoptimize
Event: 0,563 Executing VM operation: Deoptimize done
Event: 0,566 loading class java/util/concurrent/ThreadPoolExecutor$Worker
Event: 0,566 loading class java/util/concurrent/ThreadPoolExecutor$Worker done
Event: 0,567 Thread 0x00007f5e94370800 Thread added: 0x00007f5e94370800
Event: 4,121 Executing VM operation: EnableBiasedLocking
Event: 4,121 Executing VM operation: EnableBiasedLocking done


Dynamic libraries:
00400000-00401000 r-xp 00000000 08:02 36321787                           /usr/lib/jvm/java-8-oracle/jre/bin/java
00600000-00601000 r--p 00000000 08:02 36321787                           /usr/lib/jvm/java-8-oracle/jre/bin/java
00601000-00602000 rw-p 00001000 08:02 36321787                           /usr/lib/jvm/java-8-oracle/jre/bin/java
016e5000-019b3000 rw-p 00000000 00:00 0                                  [heap]
6c8000000-6d2580000 rw-p 00000000 00:00 0 
6d2580000-76d580000 ---p 00000000 00:00 0 
76d580000-772800000 rw-p 00000000 00:00 0 
772800000-7c0000000 ---p 00000000 00:00 0 
7c0000000-7c00c0000 rw-p 00000000 00:00 0 
7c00c0000-800000000 ---p 00000000 00:00 0 
7f5e3c000000-7f5e3c021000 rw-p 00000000 00:00 0 
7f5e3c021000-7f5e40000000 ---p 00000000 00:00 0 
7f5e40000000-7f5e40021000 rw-p 00000000 00:00 0 
7f5e40021000-7f5e44000000 ---p 00000000 00:00 0 
7f5e44000000-7f5e44382000 rw-p 00000000 00:00 0 
7f5e44382000-7f5e48000000 ---p 00000000 00:00 0 
7f5e48000000-7f5e48021000 rw-p 00000000 00:00 0 
7f5e48021000-7f5e4c000000 ---p 00000000 00:00 0 
7f5e4c000000-7f5e4c587000 rw-p 00000000 00:00 0 
7f5e4c587000-7f5e50000000 ---p 00000000 00:00 0 
7f5e50000000-7f5e50370000 rw-p 00000000 00:00 0 
7f5e50370000-7f5e54000000 ---p 00000000 00:00 0 
7f5e54000000-7f5e54021000 rw-p 00000000 00:00 0 
7f5e54021000-7f5e58000000 ---p 00000000 00:00 0 
7f5e58000000-7f5e58021000 rw-p 00000000 00:00 0 
7f5e58021000-7f5e5c000000 ---p 00000000 00:00 0 
7f5e5c000000-7f5e5c021000 rw-p 00000000 00:00 0 
7f5e5c021000-7f5e60000000 ---p 00000000 00:00 0 
7f5e60400000-7f5e68000000 rw-p 00000000 00:00 0 
7f5e68000000-7f5e68021000 rw-p 00000000 00:00 0 
7f5e68021000-7f5e6c000000 ---p 00000000 00:00 0 
7f5e6c000000-7f5e6c021000 rw-p 00000000 00:00 0 
7f5e6c021000-7f5e70000000 ---p 00000000 00:00 0 
7f5e70000000-7f5e70021000 rw-p 00000000 00:00 0 
7f5e70021000-7f5e74000000 ---p 00000000 00:00 0 
7f5e78000000-7f5e78021000 rw-p 00000000 00:00 0 
7f5e78021000-7f5e7c000000 ---p 00000000 00:00 0 
7f5e7ec37000-7f5e7ec38000 ---p 00000000 00:00 0 
7f5e7ec38000-7f5e7ed38000 rw-p 00000000 00:00 0 
7f5e7ed38000-7f5e7ed3b000 ---p 00000000 00:00 0 
7f5e7ed3b000-7f5e7ee39000 rw-p 00000000 00:00 0 
7f5e7ee39000-7f5e7ee3c000 ---p 00000000 00:00 0 
7f5e7ee3c000-7f5e7ef3a000 rw-p 00000000 00:00 0 
7f5e7ef3a000-7f5e7ef3d000 ---p 00000000 00:00 0 
7f5e7ef3d000-7f5e7f03b000 rw-p 00000000 00:00 0 
7f5e7f03b000-7f5e7f03e000 ---p 00000000 00:00 0 
7f5e7f03e000-7f5e7f13c000 rw-p 00000000 00:00 0 
7f5e7f13c000-7f5e7f13f000 ---p 00000000 00:00 0 
7f5e7f13f000-7f5e7f23d000 rw-p 00000000 00:00 0 
7f5e7f23d000-7f5e7fbfc000 r--p 00000000 08:02 36313964                   /usr/lib/locale/locale-archive
7f5e7fbfc000-7f5e7fbff000 ---p 00000000 00:00 0 
7f5e7fbff000-7f5e7fcfd000 rw-p 00000000 00:00 0 
7f5e7fcfd000-7f5e7fd00000 ---p 00000000 00:00 0 
7f5e7fd00000-7f5e7fdfe000 rw-p 00000000 00:00 0 
7f5e7fdfe000-7f5e7fdff000 ---p 00000000 00:00 0 
7f5e7fdff000-7f5e80000000 rw-p 00000000 00:00 0 
7f5e80000000-7f5e80021000 rw-p 00000000 00:00 0 
7f5e80021000-7f5e84000000 ---p 00000000 00:00 0 
7f5e84018000-7f5e84e26000 rw-p 00000000 00:00 0 
7f5e84e26000-7f5e85000000 r--s 03d6f000 08:02 36321893                   /usr/lib/jvm/java-8-oracle/jre/lib/rt.jar
7f5e85000000-7f5e85270000 rwxp 00000000 00:00 0 
7f5e85270000-7f5e94000000 ---p 00000000 00:00 0 
7f5e94000000-7f5e945a2000 rw-p 00000000 00:00 0 
7f5e945a2000-7f5e98000000 ---p 00000000 00:00 0 
7f5e9806f000-7f5e98072000 ---p 00000000 00:00 0 
7f5e98072000-7f5e980a8000 rw-p 00000000 00:00 0 
7f5e980a8000-7f5e980e8000 r--s 00396000 08:02 43521301                   /home/pawel/codem/nodeServerReact/app/services/convert-0.0.1-SNAPSHOT.jar
7f5e980e8000-7f5e986ad000 rw-p 00000000 00:00 0 
7f5e986ad000-7f5e989ad000 ---p 00000000 00:00 0 
7f5e989ad000-7f5e9916d000 rw-p 00000000 00:00 0 
7f5e9916d000-7f5e9916e000 ---p 00000000 00:00 0 
7f5e9916e000-7f5e9926e000 rw-p 00000000 00:00 0 
7f5e9926e000-7f5e9926f000 ---p 00000000 00:00 0 
7f5e9926f000-7f5e9936f000 rw-p 00000000 00:00 0 
7f5e9936f000-7f5e99370000 ---p 00000000 00:00 0 
7f5e99370000-7f5e99470000 rw-p 00000000 00:00 0 
7f5e99470000-7f5e99471000 ---p 00000000 00:00 0 
7f5e99471000-7f5e995c4000 rw-p 00000000 00:00 0 
7f5e995c4000-7f5e99a9c000 ---p 00000000 00:00 0 
7f5e99a9c000-7f5e99aef000 rw-p 00000000 00:00 0 
7f5e99aef000-7f5e99fc6000 ---p 00000000 00:00 0 
7f5e99fc6000-7f5e99ff0000 rw-p 00000000 00:00 0 
7f5e99ff0000-7f5e9a25c000 ---p 00000000 00:00 0 
7f5e9a25c000-7f5e9a267000 rw-p 00000000 00:00 0 
7f5e9a267000-7f5e9a61d000 ---p 00000000 00:00 0 
7f5e9a61d000-7f5e9a638000 r-xp 00000000 08:02 36322106                   /usr/lib/jvm/java-8-oracle/jre/lib/amd64/libzip.so
7f5e9a638000-7f5e9a837000 ---p 0001b000 08:02 36322106                   /usr/lib/jvm/java-8-oracle/jre/lib/amd64/libzip.so
7f5e9a837000-7f5e9a838000 r--p 0001a000 08:02 36322106                   /usr/lib/jvm/java-8-oracle/jre/lib/amd64/libzip.so
7f5e9a838000-7f5e9a839000 rw-p 0001b000 08:02 36322106                   /usr/lib/jvm/java-8-oracle/jre/lib/amd64/libzip.so
7f5e9a839000-7f5e9a844000 r-xp 00000000 08:02 528900                     /lib/x86_64-linux-gnu/libnss_files-2.23.so
7f5e9a844000-7f5e9aa43000 ---p 0000b000 08:02 528900                     /lib/x86_64-linux-gnu/libnss_files-2.23.so
7f5e9aa43000-7f5e9aa44000 r--p 0000a000 08:02 528900                     /lib/x86_64-linux-gnu/libnss_files-2.23.so
7f5e9aa44000-7f5e9aa45000 rw-p 0000b000 08:02 528900                     /lib/x86_64-linux-gnu/libnss_files-2.23.so
7f5e9aa45000-7f5e9aa4b000 rw-p 00000000 00:00 0 
7f5e9aa4b000-7f5e9aa56000 r-xp 00000000 08:02 528910                     /lib/x86_64-linux-gnu/libnss_nis-2.23.so
7f5e9aa56000-7f5e9ac55000 ---p 0000b000 08:02 528910                     /lib/x86_64-linux-gnu/libnss_nis-2.23.so
7f5e9ac55000-7f5e9ac56000 r--p 0000a000 08:02 528910                     /lib/x86_64-linux-gnu/libnss_nis-2.23.so
7f5e9ac56000-7f5e9ac57000 rw-p 0000b000 08:02 528910                     /lib/x86_64-linux-gnu/libnss_nis-2.23.so
7f5e9ac57000-7f5e9ac6d000 r-xp 00000000 08:02 528894                     /lib/x86_64-linux-gnu/libnsl-2.23.so
7f5e9ac6d000-7f5e9ae6c000 ---p 00016000 08:02 528894                     /lib/x86_64-linux-gnu/libnsl-2.23.so
7f5e9ae6c000-7f5e9ae6d000 r--p 00015000 08:02 528894                     /lib/x86_64-linux-gnu/libnsl-2.23.so
7f5e9ae6d000-7f5e9ae6e000 rw-p 00016000 08:02 528894                     /lib/x86_64-linux-gnu/libnsl-2.23.so
7f5e9ae6e000-7f5e9ae70000 rw-p 00000000 00:00 0 
7f5e9ae70000-7f5e9ae78000 r-xp 00000000 08:02 528896                     /lib/x86_64-linux-gnu/libnss_compat-2.23.so
7f5e9ae78000-7f5e9b077000 ---p 00008000 08:02 528896                     /lib/x86_64-linux-gnu/libnss_compat-2.23.so
7f5e9b077000-7f5e9b078000 r--p 00007000 08:02 528896                     /lib/x86_64-linux-gnu/libnss_compat-2.23.so
7f5e9b078000-7f5e9b079000 rw-p 00008000 08:02 528896                     /lib/x86_64-linux-gnu/libnss_compat-2.23.so
7f5e9b079000-7f5e9b0a5000 r-xp 00000000 08:02 36322100                   /usr/lib/jvm/java-8-oracle/jre/lib/amd64/libjava.so
7f5e9b0a5000-7f5e9b2a5000 ---p 0002c000 08:02 36322100                   /usr/lib/jvm/java-8-oracle/jre/lib/amd64/libjava.so
7f5e9b2a5000-7f5e9b2a6000 r--p 0002c000 08:02 36322100                   /usr/lib/jvm/java-8-oracle/jre/lib/amd64/libjava.so
7f5e9b2a6000-7f5e9b2a8000 rw-p 0002d000 08:02 36322100                   /usr/lib/jvm/java-8-oracle/jre/lib/amd64/libjava.so
7f5e9b2a8000-7f5e9b2b5000 r-xp 00000000 08:02 36322105                   /usr/lib/jvm/java-8-oracle/jre/lib/amd64/libverify.so
7f5e9b2b5000-7f5e9b4b4000 ---p 0000d000 08:02 36322105                   /usr/lib/jvm/java-8-oracle/jre/lib/amd64/libverify.so
7f5e9b4b4000-7f5e9b4b6000 r--p 0000c000 08:02 36322105                   /usr/lib/jvm/java-8-oracle/jre/lib/amd64/libverify.so
7f5e9b4b6000-7f5e9b4b7000 rw-p 0000e000 08:02 36322105                   /usr/lib/jvm/java-8-oracle/jre/lib/amd64/libverify.so
7f5e9b4b7000-7f5e9b4be000 r-xp 00000000 08:02 528955                     /lib/x86_64-linux-gnu/librt-2.23.so
7f5e9b4be000-7f5e9b6bd000 ---p 00007000 08:02 528955                     /lib/x86_64-linux-gnu/librt-2.23.so
7f5e9b6bd000-7f5e9b6be000 r--p 00006000 08:02 528955                     /lib/x86_64-linux-gnu/librt-2.23.so
7f5e9b6be000-7f5e9b6bf000 rw-p 00007000 08:02 528955                     /lib/x86_64-linux-gnu/librt-2.23.so
7f5e9b6bf000-7f5e9b7c7000 r-xp 00000000 08:02 528871                     /lib/x86_64-linux-gnu/libm-2.23.so
7f5e9b7c7000-7f5e9b9c6000 ---p 00108000 08:02 528871                     /lib/x86_64-linux-gnu/libm-2.23.so
7f5e9b9c6000-7f5e9b9c7000 r--p 00107000 08:02 528871                     /lib/x86_64-linux-gnu/libm-2.23.so
7f5e9b9c7000-7f5e9b9c8000 rw-p 00108000 08:02 528871                     /lib/x86_64-linux-gnu/libm-2.23.so
7f5e9b9c8000-7f5e9c6b0000 r-xp 00000000 08:02 36322082                   /usr/lib/jvm/java-8-oracle/jre/lib/amd64/server/libjvm.so
7f5e9c6b0000-7f5e9c8af000 ---p 00ce8000 08:02 36322082                   /usr/lib/jvm/java-8-oracle/jre/lib/amd64/server/libjvm.so
7f5e9c8af000-7f5e9c945000 r--p 00ce7000 08:02 36322082                   /usr/lib/jvm/java-8-oracle/jre/lib/amd64/server/libjvm.so
7f5e9c945000-7f5e9c976000 rw-p 00d7d000 08:02 36322082                   /usr/lib/jvm/java-8-oracle/jre/lib/amd64/server/libjvm.so
7f5e9c976000-7f5e9c9b1000 rw-p 00000000 00:00 0 
7f5e9c9b1000-7f5e9cb71000 r-xp 00000000 08:02 528801                     /lib/x86_64-linux-gnu/libc-2.23.so
7f5e9cb71000-7f5e9cd71000 ---p 001c0000 08:02 528801                     /lib/x86_64-linux-gnu/libc-2.23.so
7f5e9cd71000-7f5e9cd75000 r--p 001c0000 08:02 528801                     /lib/x86_64-linux-gnu/libc-2.23.so
7f5e9cd75000-7f5e9cd77000 rw-p 001c4000 08:02 528801                     /lib/x86_64-linux-gnu/libc-2.23.so
7f5e9cd77000-7f5e9cd7b000 rw-p 00000000 00:00 0 
7f5e9cd7b000-7f5e9cd7e000 r-xp 00000000 08:02 528825                     /lib/x86_64-linux-gnu/libdl-2.23.so
7f5e9cd7e000-7f5e9cf7d000 ---p 00003000 08:02 528825                     /lib/x86_64-linux-gnu/libdl-2.23.so
7f5e9cf7d000-7f5e9cf7e000 r--p 00002000 08:02 528825                     /lib/x86_64-linux-gnu/libdl-2.23.so
7f5e9cf7e000-7f5e9cf7f000 rw-p 00003000 08:02 528825                     /lib/x86_64-linux-gnu/libdl-2.23.so
7f5e9cf7f000-7f5e9cf96000 r-xp 00000000 08:02 36322077                   /usr/lib/jvm/java-8-oracle/jre/lib/amd64/jli/libjli.so
7f5e9cf96000-7f5e9d195000 ---p 00017000 08:02 36322077                   /usr/lib/jvm/java-8-oracle/jre/lib/amd64/jli/libjli.so
7f5e9d195000-7f5e9d196000 r--p 00016000 08:02 36322077                   /usr/lib/jvm/java-8-oracle/jre/lib/amd64/jli/libjli.so
7f5e9d196000-7f5e9d197000 rw-p 00017000 08:02 36322077                   /usr/lib/jvm/java-8-oracle/jre/lib/amd64/jli/libjli.so
7f5e9d197000-7f5e9d1af000 r-xp 00000000 08:02 528947                     /lib/x86_64-linux-gnu/libpthread-2.23.so
7f5e9d1af000-7f5e9d3ae000 ---p 00018000 08:02 528947                     /lib/x86_64-linux-gnu/libpthread-2.23.so
7f5e9d3ae000-7f5e9d3af000 r--p 00017000 08:02 528947                     /lib/x86_64-linux-gnu/libpthread-2.23.so
7f5e9d3af000-7f5e9d3b0000 rw-p 00018000 08:02 528947                     /lib/x86_64-linux-gnu/libpthread-2.23.so
7f5e9d3b0000-7f5e9d3b4000 rw-p 00000000 00:00 0 
7f5e9d3b4000-7f5e9d3da000 r-xp 00000000 08:02 528773                     /lib/x86_64-linux-gnu/ld-2.23.so
7f5e9d3f4000-7f5e9d410000 r--s 00393000 08:02 36321954                   /usr/lib/jvm/java-8-oracle/jre/lib/ext/cldrdata.jar
7f5e9d410000-7f5e9d4b9000 rw-p 00000000 00:00 0 
7f5e9d4b9000-7f5e9d4bc000 ---p 00000000 00:00 0 
7f5e9d4bc000-7f5e9d5bf000 rw-p 00000000 00:00 0 
7f5e9d5c1000-7f5e9d5cb000 r--s 00116000 08:02 36321961                   /usr/lib/jvm/java-8-oracle/jre/lib/ext/localedata.jar
7f5e9d5cb000-7f5e9d5cf000 r--s 000a1000 08:02 36321950                   /usr/lib/jvm/java-8-oracle/jre/lib/jsse.jar
7f5e9d5cf000-7f5e9d5d7000 rw-s 00000000 08:02 38410231                   /tmp/hsperfdata_pawel/17987
7f5e9d5d7000-7f5e9d5d8000 rw-p 00000000 00:00 0 
7f5e9d5d8000-7f5e9d5d9000 r--p 00000000 00:00 0 
7f5e9d5d9000-7f5e9d5da000 r--p 00025000 08:02 528773                     /lib/x86_64-linux-gnu/ld-2.23.so
7f5e9d5da000-7f5e9d5db000 rw-p 00026000 08:02 528773                     /lib/x86_64-linux-gnu/ld-2.23.so
7f5e9d5db000-7f5e9d5dc000 rw-p 00000000 00:00 0 
7ffc5dd1f000-7ffc5dd41000 rw-p 00000000 00:00 0                          [stack]
7ffc5ddc7000-7ffc5ddca000 r--p 00000000 00:00 0                          [vvar]
7ffc5ddca000-7ffc5ddcc000 r-xp 00000000 00:00 0                          [vdso]
ffffffffff600000-ffffffffff601000 r-xp 00000000 00:00 0                  [vsyscall]

VM Arguments:
java_command: /home/pawel/codem/nodeServerReact/app/services/convert-0.0.1-SNAPSHOT.jar -f html -i /home/pawel/codem/nodeServerReact/public/loads/docx_Test.docx -o /home/pawel/codem/nodeServerReact/public/loads/docx.html
java_class_path (initial): /home/pawel/codem/nodeServerReact/app/services/convert-0.0.1-SNAPSHOT.jar
Launcher Type: SUN_STANDARD

Environment Variables:
PATH=/usr/local/lib/node_modules/npm/node_modules/npm-lifecycle/node-gyp-bin:/home/pawel/codem/nodeServerReact/node_modules/.bin:/home/pawel/bin:/home/pawel/.local/bin:/usr/local/sbin:/usr/local/bin:/usr/sbin:/usr/bin:/sbin:/bin:/usr/games:/usr/local/games:/snap/bin
SHELL=/bin/bash
DISPLAY=:0

Signal Handlers:
SIGSEGV: [libjvm.so+0xad3e60], sa_mask[0]=11111111011111111101111111111110, sa_flags=SA_RESTART|SA_SIGINFO
SIGBUS: [libjvm.so+0xad3e60], sa_mask[0]=11111111011111111101111111111110, sa_flags=SA_RESTART|SA_SIGINFO
SIGFPE: [libjvm.so+0x90b880], sa_mask[0]=11111111011111111101111111111110, sa_flags=SA_RESTART|SA_SIGINFO
SIGPIPE: [libjvm.so+0x90b880], sa_mask[0]=11111111011111111101111111111110, sa_flags=SA_RESTART|SA_SIGINFO
SIGXFSZ: [libjvm.so+0x90b880], sa_mask[0]=11111111011111111101111111111110, sa_flags=SA_RESTART|SA_SIGINFO
SIGILL: [libjvm.so+0x90b880], sa_mask[0]=11111111011111111101111111111110, sa_flags=SA_RESTART|SA_SIGINFO
SIGUSR1: SIG_DFL, sa_mask[0]=00000000000000000000000000000000, sa_flags=none
SIGUSR2: [libjvm.so+0x90b750], sa_mask[0]=00000000000000000000000000000000, sa_flags=SA_RESTART|SA_SIGINFO
SIGHUP: [libjvm.so+0x90bd70], sa_mask[0]=11111111011111111101111111111110, sa_flags=SA_RESTART|SA_SIGINFO
SIGINT: [libjvm.so+0x90bd70], sa_mask[0]=11111111011111111101111111111110, sa_flags=SA_RESTART|SA_SIGINFO
SIGTERM: [libjvm.so+0x90bd70], sa_mask[0]=11111111011111111101111111111110, sa_flags=SA_RESTART|SA_SIGINFO
SIGQUIT: [libjvm.so+0x90bd70], sa_mask[0]=11111111011111111101111111111110, sa_flags=SA_RESTART|SA_SIGINFO


---------------  S Y S T E M  ---------------

OS:DISTRIB_ID=Ubuntu
DISTRIB_RELEASE=16.04
DISTRIB_CODENAME=xenial
DISTRIB_DESCRIPTION="Ubuntu 16.04.5 LTS"

uname:Linux 4.15.0-45-generic #48~16.04.1-Ubuntu SMP Tue Jan 29 18:03:48 UTC 2019 x86_64
libc:glibc 2.23 NPTL 2.23 
rlimit: STACK 8192k, CORE 0k, NPROC 63036, NOFILE 1048576, AS infinity
load average:1,32 1,35 1,15

/proc/meminfo:
MemTotal:       16245772 kB
MemFree:          356952 kB
MemAvailable:    4478616 kB
Buffers:          840940 kB
Cached:          4251064 kB
SwapCached:            0 kB
Active:         11683312 kB
Inactive:        2941300 kB
Active(anon):    9442068 kB
Inactive(anon):  1469488 kB
Active(file):    2241244 kB
Inactive(file):  1471812 kB
Unevictable:          64 kB
Mlocked:              64 kB
SwapTotal:       8208380 kB
SwapFree:        8208380 kB
Dirty:              2680 kB
Writeback:             0 kB
AnonPages:       9532896 kB
Mapped:          1112084 kB
Shmem:           1572992 kB
Slab:             883756 kB
SReclaimable:     750836 kB
SUnreclaim:       132920 kB
KernelStack:       33280 kB
PageTables:       173340 kB
NFS_Unstable:          0 kB
Bounce:                0 kB
WritebackTmp:          0 kB
CommitLimit:    16331264 kB
Committed_AS:   31501392 kB
VmallocTotal:   34359738367 kB
VmallocUsed:           0 kB
VmallocChunk:          0 kB
HardwareCorrupted:     0 kB
AnonHugePages:     32768 kB
ShmemHugePages:        0 kB
ShmemPmdMapped:        0 kB
CmaTotal:              0 kB
CmaFree:               0 kB
HugePages_Total:       0
HugePages_Free:        0
HugePages_Rsvd:        0
HugePages_Surp:        0
Hugepagesize:       2048 kB
DirectMap4k:     1432272 kB
DirectMap2M:    15165440 kB
DirectMap1G:     2097152 kB

container (cgroup) information:
container_type: cgroupv1
cpu_cpuset_cpus: 0-3
cpu_memory_nodes: 0
active_processor_count: 4
cpu_quota: -1
cpu_period: 100000
cpu_shares: -1
memory_limit_in_bytes: -1
memory_and_swap_limit_in_bytes: -2
memory_soft_limit_in_bytes: -1
memory_usage_in_bytes: 14975926272
memory_max_usage_in_bytes: 299913216


CPU:total 4 (initial active 4) (4 cores per cpu, 1 threads per core) family 6 model 92 stepping 9, cmov, cx8, fxsr, mmx, sse, sse2, sse3, ssse3, sse4.1, sse4.2, popcnt, aes, clmul, erms, 3dnowpref, tsc, tscinvbit

/proc/cpuinfo:
processor	: 0
vendor_id	: GenuineIntel
cpu family	: 6
model		: 92
model name	: Intel(R) Pentium(R) CPU N4200 @ 1.10GHz
stepping	: 9
microcode	: 0x32
cpu MHz		: 2156.355
cache size	: 1024 KB
physical id	: 0
siblings	: 4
core id		: 0
cpu cores	: 4
apicid		: 0
initial apicid	: 0
fpu		: yes
fpu_exception	: yes
cpuid level	: 21
wp		: yes
flags		: fpu vme de pse tsc msr pae mce cx8 apic sep mtrr pge mca cmov pat pse36 clflush dts acpi mmx fxsr sse sse2 ss ht tm pbe syscall nx pdpe1gb rdtscp lm constant_tsc art arch_perfmon pebs bts rep_good nopl xtopology tsc_reliable nonstop_tsc cpuid aperfmperf tsc_known_freq pni pclmulqdq dtes64 monitor ds_cpl vmx est tm2 ssse3 sdbg cx16 xtpr pdcm sse4_1 sse4_2 x2apic movbe popcnt tsc_deadline_timer aes xsave rdrand lahf_lm 3dnowprefetch cpuid_fault cat_l2 ibrs ibpb stibp tpr_shadow vnmi flexpriority ept vpid fsgsbase tsc_adjust smep erms mpx rdt_a rdseed smap clflushopt intel_pt sha_ni xsaveopt xsavec xgetbv1 xsaves dtherm ida arat pln pts arch_capabilities
bugs		: monitor spectre_v1 spectre_v2
bogomips	: 2188.80
clflush size	: 64
cache_alignment	: 64
address sizes	: 39 bits physical, 48 bits virtual
power management:

processor	: 1
vendor_id	: GenuineIntel
cpu family	: 6
model		: 92
model name	: Intel(R) Pentium(R) CPU N4200 @ 1.10GHz
stepping	: 9
microcode	: 0x32
cpu MHz		: 2176.766
cache size	: 1024 KB
physical id	: 0
siblings	: 4
core id		: 1
cpu cores	: 4
apicid		: 2
initial apicid	: 2
fpu		: yes
fpu_exception	: yes
cpuid level	: 21
wp		: yes
flags		: fpu vme de pse tsc msr pae mce cx8 apic sep mtrr pge mca cmov pat pse36 clflush dts acpi mmx fxsr sse sse2 ss ht tm pbe syscall nx pdpe1gb rdtscp lm constant_tsc art arch_perfmon pebs bts rep_good nopl xtopology tsc_reliable nonstop_tsc cpuid aperfmperf tsc_known_freq pni pclmulqdq dtes64 monitor ds_cpl vmx est tm2 ssse3 sdbg cx16 xtpr pdcm sse4_1 sse4_2 x2apic movbe popcnt tsc_deadline_timer aes xsave rdrand lahf_lm 3dnowprefetch cpuid_fault cat_l2 ibrs ibpb stibp tpr_shadow vnmi flexpriority ept vpid fsgsbase tsc_adjust smep erms mpx rdt_a rdseed smap clflushopt intel_pt sha_ni xsaveopt xsavec xgetbv1 xsaves dtherm ida arat pln pts arch_capabilities
bugs		: monitor spectre_v1 spectre_v2
bogomips	: 2188.80
clflush size	: 64
cache_alignment	: 64
address sizes	: 39 bits physical, 48 bits virtual
power management:

processor	: 2
vendor_id	: GenuineIntel
cpu family	: 6
model		: 92
model name	: Intel(R) Pentium(R) CPU N4200 @ 1.10GHz
stepping	: 9
microcode	: 0x32
cpu MHz		: 2203.666
cache size	: 1024 KB
physical id	: 0
siblings	: 4
core id		: 2
cpu cores	: 4
apicid		: 4
initial apicid	: 4
fpu		: yes
fpu_exception	: yes
cpuid level	: 21
wp		: yes
flags		: fpu vme de pse tsc msr pae mce cx8 apic sep mtrr pge mca cmov pat pse36 clflush dts acpi mmx fxsr sse sse2 ss ht tm pbe syscall nx pdpe1gb rdtscp lm constant_tsc art arch_perfmon pebs bts rep_good nopl xtopology tsc_reliable nonstop_tsc cpuid aperfmperf tsc_known_freq pni pclmulqdq dtes64 monitor ds_cpl vmx est tm2 ssse3 sdbg cx16 xtpr pdcm sse4_1 sse4_2 x2apic movbe popcnt tsc_deadline_timer aes xsave rdrand lahf_lm 3dnowprefetch cpuid_fault cat_l2 tpr_shadow vnmi flexpriority ept vpid fsgsbase tsc_adjust smep erms mpx rdt_a rdseed smap clflushopt intel_pt sha_ni xsaveopt xsavec xgetbv1 xsaves dtherm ida arat pln pts
bugs		: monitor spectre_v1 spectre_v2
bogomips	: 2188.80
clflush size	: 64
cache_alignment	: 64
address sizes	: 39 bits physical, 48 bits virtual
power management:

processor	: 3
vendor_id	: GenuineIntel
cpu family	: 6
model		: 92
model name	: Intel(R) Pentium(R) CPU N4200 @ 1.10GHz
stepping	: 9
microcode	: 0x32
cpu MHz		: 2188.207
cache size	: 1024 KB
physical id	: 0
siblings	: 4
core id		: 3
cpu cores	: 4
apicid		: 6
initial apicid	: 6
fpu		: yes
fpu_exception	: yes
cpuid level	: 21
wp		: yes
flags		: fpu vme de pse tsc msr pae mce cx8 apic sep mtrr pge mca cmov pat pse36 clflush dts acpi mmx fxsr sse sse2 ss ht tm pbe syscall nx pdpe1gb rdtscp lm constant_tsc art arch_perfmon pebs bts rep_good nopl xtopology tsc_reliable nonstop_tsc cpuid aperfmperf tsc_known_freq pni pclmulqdq dtes64 monitor ds_cpl vmx est tm2 ssse3 sdbg cx16 xtpr pdcm sse4_1 sse4_2 x2apic movbe popcnt tsc_deadline_timer aes xsave rdrand lahf_lm 3dnowprefetch cpuid_fault cat_l2 ibrs ibpb stibp tpr_shadow vnmi flexpriority ept vpid fsgsbase tsc_adjust smep erms mpx rdt_a rdseed smap clflushopt intel_pt sha_ni xsaveopt xsavec xgetbv1 xsaves dtherm ida arat pln pts arch_capabilities
bugs		: monitor spectre_v1 spectre_v2
bogomips	: 2188.80
clflush size	: 64
cache_alignment	: 64
address sizes	: 39 bits physical, 48 bits virtual
power management:



Memory: 4k page, physical 16245772k(425696k free), swap 8208380k(8208380k free)

vm_info: Java HotSpot(TM) 64-Bit Server VM (25.201-b09) for linux-amd64 JRE (1.8.0_201-b09), built on Dec 15 2018 11:35:59 by "java_re" with gcc 7.3.0

time: Thu Mar 14 14:03:57 2019
timezone: CET
elapsed time: 6 seconds (0d 0h 0m 6s)

