#
# A fatal error has been detected by the Java Runtime Environment:
#
#  SIGSEGV (0xb) at pc=0x00007fb507f06783, pid=6604, tid=0x00007fb5091ee700
#
# JRE version: Java(TM) SE Runtime Environment (8.0_201-b09) (build 1.8.0_201-b09)
# Java VM: Java HotSpot(TM) 64-Bit Server VM (25.201-b09 mixed mode linux-amd64 compressed oops)
# Problematic frame:
# V  [libjvm.so+0x90b783]  SR_handler(int, siginfo*, ucontext*)+0x33
#
# Failed to write core dump. Core dumps have been disabled. To enable core dumping, try "ulimit -c unlimited" before starting Java again
#
# If you would like to submit a bug report, please visit:
#   http://bugreport.java.com/bugreport/crash.jsp
#

---------------  T H R E A D  ---------------

Current thread is native thread

siginfo: si_signo: 11 (SIGSEGV), si_code: 1 (SEGV_MAPERR), si_addr: 0x0000000000000128

Registers:
RAX=0x0000000000000000, RBX=0x00007fb5091ec700, RCX=0x00007fb508dd298d, RDX=0x00007fb5091eea20
RSP=0x00007ffe750ff1c0, RBP=0x00007ffe750ff270, RSI=0x00007ffe750ff3b0, RDI=0x0000000000000001
R8 =0x00000000000000ca, R9 =0x00007fb5091ec9d0, R10=0x0000000000000000, R11=0x0000000000000246
R12=0x00007fb5091ee698, R13=0x0000000000000000, R14=0x00007ffe750ff3b0, R15=0x00007ffe750ff280
RIP=0x00007fb507f06783, EFLAGS=0x0000000000010246, CSGSFS=0x002b000000000033, ERR=0x0000000000000004
  TRAPNO=0x000000000000000e

Top of Stack: (sp=0x00007ffe750ff1c0)
0x00007ffe750ff1c0:   00000000000002fe 00007fb5085f4ff8
0x00007ffe750ff1d0:   00007fb5091f0000 00007ffe750ff278
0x00007ffe750ff1e0:   00007ffe750ff274 00007fb50865aa49
0x00007ffe750ff1f0:   00000000fbad8001 00007fb5085f60c9
0x00007ffe750ff200:   00007fb5085ec550 00007ffe750ff278
0x00007ffe750ff210:   00000000f5e616f3 0000000003d7985b
0x00007ffe750ff220:   00007ffe00000033 00007ffe750ff350
0x00007ffe750ff230:   00007fb5085f4ff8 00007fb5085e7d80
0x00007ffe750ff240:   00007ffe750ff274 00007fb5091ec700
0x00007ffe750ff250:   00007ffe750ff950 0000000000000000
0x00007ffe750ff260:   00007fb5091ee700 00007fb5091ecd28
0x00007ffe750ff270:   00007ffe750ff9b8 00007fb508ddb390
0x00007ffe750ff280:   0000000000000007 0000000000000000
0x00007ffe750ff290:   0000000000000000 00007fb500000002
0x00007ffe750ff2a0:   0000000000000000 00000000000000ca
0x00007ffe750ff2b0:   00007fb5091ec9d0 0000000000000000
0x00007ffe750ff2c0:   0000000000000246 00007ffe750ff950
0x00007ffe750ff2d0:   0000000000000000 00007fb5091ee700
0x00007ffe750ff2e0:   00007fb5091ecd28 00007fb5091ec9d0
0x00007ffe750ff2f0:   0000000000000000 00007ffe750ff9b8
0x00007ffe750ff300:   00007fb5091ec700 00000000000019cd
0x00007ffe750ff310:   00000000000000ca 00007fb508dd298d
0x00007ffe750ff320:   00007ffe750ff940 00007fb508dd298b
0x00007ffe750ff330:   0000000000000246 002b000000000033
0x00007ffe750ff340:   0000000000000000 0000000000000000
0x00007ffe750ff350:   0000000000000000 0000000000000000
0x00007ffe750ff360:   00007ffe750ff440 00007fb500000000
0x00007ffe750ff370:   0000000000000000 00007ffe750ff430
0x00007ffe750ff380:   0000000000000000 00007ffe00000000
0x00007ffe750ff390:   0000000000000000 00007ffe750ff420
0x00007ffe750ff3a0:   0000000000000000 0000000000000000
0x00007ffe750ff3b0:   000000000000000c 0000000000000000 

Instructions: (pc=0x00007fb507f06783)
0x00007fb507f06763:   48 81 ec 88 00 00 00 e8 81 1d 8f ff 44 8b 28 49
0x00007fb507f06773:   89 c4 48 8d 05 2c 61 68 00 8b 38 e8 15 2c 8f ff
0x00007fb507f06783:   48 8b 98 28 01 00 00 8b 83 a8 00 00 00 83 f8 01
0x00007fb507f06793:   74 1b 45 89 2c 24 48 81 c4 88 00 00 00 5b 41 5c 

Register to memory mapping:

RAX=0x0000000000000000 is an unknown value
RBX=0x00007fb5091ec700 is pointing into the stack for thread: 0x00007fb50000a800
RCX=0x00007fb508dd298d: pthread_join+0xbd in /lib/x86_64-linux-gnu/libpthread.so.0 at 0x00007fb508dca000
RDX=0x00007fb5091eea20 is an unknown value
RSP=0x00007ffe750ff1c0 is an unknown value
RBP=0x00007ffe750ff270 is an unknown value
RSI=0x00007ffe750ff3b0 is an unknown value
RDI=0x0000000000000001 is an unknown value
R8 =0x00000000000000ca is an unknown value
R9 =0x00007fb5091ec9d0 is pointing into the stack for thread: 0x00007fb50000a800
R10=0x0000000000000000 is an unknown value
R11=0x0000000000000246 is an unknown value
R12=0x00007fb5091ee698 is an unknown value
R13=0x0000000000000000 is an unknown value
R14=0x00007ffe750ff3b0 is an unknown value
R15=0x00007ffe750ff280 is an unknown value


Stack: [0x00007ffe75008000,0x00007ffe75108000],  sp=0x00007ffe750ff1c0,  free space=988k
Native frames: (J=compiled Java code, j=interpreted, Vv=VM code, C=native code)
V  [libjvm.so+0x90b783]  SR_handler(int, siginfo*, ucontext*)+0x33
C  [libpthread.so.0+0x11390]


---------------  P R O C E S S  ---------------

VM state:not at safepoint (normal execution)

VM Mutex/Monitor currently owned by a thread: None

heap address: 0x00000006c8000000, size: 3968 MB, Compressed Oops mode: Zero based, Oop shift amount: 3
Narrow klass base: 0x0000000000000000, Narrow klass shift: 3
Compressed class space size: 1073741824 Address: 0x00000007c0000000

Heap:
 PSYoungGen      total 74240K, used 11099K [0x000000076d580000, 0x0000000772800000, 0x00000007c0000000)
  eden space 64000K, 17% used [0x000000076d580000,0x000000076e056c38,0x0000000771400000)
  from space 10240K, 0% used [0x0000000771e00000,0x0000000771e00000,0x0000000772800000)
  to   space 10240K, 0% used [0x0000000771400000,0x0000000771400000,0x0000000771e00000)
 ParOldGen       total 169472K, used 0K [0x00000006c8000000, 0x00000006d2580000, 0x000000076d580000)
  object space 169472K, 0% used [0x00000006c8000000,0x00000006c8000000,0x00000006d2580000)
 Metaspace       used 5315K, capacity 5534K, committed 5632K, reserved 1056768K
  class space    used 588K, capacity 679K, committed 768K, reserved 1048576K

Card table byte_map: [0x00007fb5056cf000,0x00007fb505e90000] byte_map_base: 0x00007fb50208f000

Marking Bits: (ParMarkBitMap*) 0x00007fb5085c6d80
 Begin Bits: [0x00007fb4e9400000, 0x00007fb4ed200000)
 End Bits:   [0x00007fb4ed200000, 0x00007fb4f1000000)

Polling page: 0x00007fb50920b000

CodeCache: size=245760Kb used=1882Kb max_used=1904Kb free=243877Kb
 bounds [0x00007fb4f1000000, 0x00007fb4f1270000, 0x00007fb500000000]
 total_blobs=633 nmethods=341 adapters=207
 compilation: enabled

Compilation events (10 events):
Event: 0,530 Thread 0x00007fb500185800  338       3       jdk.internal.org.objectweb.asm.Type::getArgumentsAndReturnSizes (151 bytes)
Event: 0,531 Thread 0x00007fb500185800 nmethod 338 0x00007fb4f11c2550 code [0x00007fb4f11c2780, 0x00007fb4f11c3518]
Event: 0,531 Thread 0x00007fb500185800  336       3       jdk.internal.org.objectweb.asm.ClassWriter::put122 (15 bytes)
Event: 0,532 Thread 0x00007fb500185800 nmethod 336 0x00007fb4f11c1710 code [0x00007fb4f11c18a0, 0x00007fb4f11c1a98]
Event: 0,532 Thread 0x00007fb500185800  339       3       jdk.internal.org.objectweb.asm.ClassWriter::newClass (9 bytes)
Event: 0,532 Thread 0x00007fb500185800 nmethod 339 0x00007fb4f11cb7d0 code [0x00007fb4f11cb940, 0x00007fb4f11cbae8]
Event: 0,532 Thread 0x00007fb500185800  337       3       sun.invoke.util.Wrapper::forBasicType (16 bytes)
Event: 0,533 Thread 0x00007fb500185800 nmethod 337 0x00007fb4f11cb310 code [0x00007fb4f11cb4a0, 0x00007fb4f11cb718]
Event: 0,533 Thread 0x00007fb500185800  340       3       jdk.internal.org.objectweb.asm.Frame::get (46 bytes)
Event: 0,533 Thread 0x00007fb500185800 nmethod 340 0x00007fb4f11cae90 code [0x00007fb4f11cb000, 0x00007fb4f11cb250]

GC Heap History (0 events):
No events

Deoptimization events (2 events):
Event: 0,290 Thread 0x00007fb50000a800 Uncommon trap: reason=unstable_if action=reinterpret pc=0x00007fb4f1143a80 method=java.util.HashMap.get(Ljava/lang/Object;)Ljava/lang/Object; @ 11
Event: 0,331 Thread 0x00007fb50000a800 Uncommon trap: reason=unstable_if action=reinterpret pc=0x00007fb4f1145674 method=java.util.HashMap.getNode(ILjava/lang/Object;)Ljava/util/HashMap$Node; @ 49

Classes redefined (0 events):
No events

Internal exceptions (9 events):
Event: 0,044 Thread 0x00007fb50000a800 Exception <a 'java/lang/NoSuchMethodError': Method sun.misc.Unsafe.defineClass(Ljava/lang/String;[BII)Ljava/lang/Class; name or signature does not match> (0x000000076d587cb0) thrown at [/HUDSON/workspace/8-2-build-linux-amd64/jdk8u201/12317/hotspot/src/sh
Event: 0,044 Thread 0x00007fb50000a800 Exception <a 'java/lang/NoSuchMethodError': Method sun.misc.Unsafe.prefetchRead(Ljava/lang/Object;J)V name or signature does not match> (0x000000076d587f98) thrown at [/HUDSON/workspace/8-2-build-linux-amd64/jdk8u201/12317/hotspot/src/share/vm/prims/jni.c
Event: 0,290 Thread 0x00007fb50000a800 Implicit null exception at 0x00007fb4f1143901 to 0x00007fb4f1143a75
Event: 0,351 Thread 0x00007fb50000a800 Exception <a 'java/security/PrivilegedActionException'> (0x000000076dcc1c60) thrown at [/HUDSON/workspace/8-2-build-linux-amd64/jdk8u201/12317/hotspot/src/share/vm/prims/jvm.cpp, line 1502]
Event: 0,351 Thread 0x00007fb50000a800 Exception <a 'java/security/PrivilegedActionException'> (0x000000076dcc2058) thrown at [/HUDSON/workspace/8-2-build-linux-amd64/jdk8u201/12317/hotspot/src/share/vm/prims/jvm.cpp, line 1502]
Event: 0,351 Thread 0x00007fb50000a800 Exception <a 'java/security/PrivilegedActionException'> (0x000000076dcc46a8) thrown at [/HUDSON/workspace/8-2-build-linux-amd64/jdk8u201/12317/hotspot/src/share/vm/prims/jvm.cpp, line 1502]
Event: 0,351 Thread 0x00007fb50000a800 Exception <a 'java/security/PrivilegedActionException'> (0x000000076dcc4aa0) thrown at [/HUDSON/workspace/8-2-build-linux-amd64/jdk8u201/12317/hotspot/src/share/vm/prims/jvm.cpp, line 1502]
Event: 0,460 Thread 0x00007fb50000a800 Exception <a 'java/lang/NoSuchFieldError': method resolution failed> (0x000000076ddce280) thrown at [/HUDSON/workspace/8-2-build-linux-amd64/jdk8u201/12317/hotspot/src/share/vm/prims/methodHandles.cpp, line 1167]
Event: 0,465 Thread 0x00007fb50000a800 Exception <a 'java/lang/NoSuchFieldError': method resolution failed> (0x000000076dddb6a8) thrown at [/HUDSON/workspace/8-2-build-linux-amd64/jdk8u201/12317/hotspot/src/share/vm/prims/methodHandles.cpp, line 1167]

Events (10 events):
Event: 0,525 loading class java/lang/UNIXProcess$ProcessPipeOutputStream done
Event: 0,525 loading class java/lang/UNIXProcess$ProcessPipeInputStream
Event: 0,525 loading class java/lang/UNIXProcess$ProcessPipeInputStream done
Event: 0,526 Executing VM operation: Deoptimize
Event: 0,526 Executing VM operation: Deoptimize done
Event: 0,528 loading class java/util/concurrent/ThreadPoolExecutor$Worker
Event: 0,529 loading class java/util/concurrent/ThreadPoolExecutor$Worker done
Event: 0,530 Thread 0x00007fb500318000 Thread added: 0x00007fb500318000
Event: 4,110 Executing VM operation: EnableBiasedLocking
Event: 4,110 Executing VM operation: EnableBiasedLocking done


Dynamic libraries:
00400000-00401000 r-xp 00000000 08:02 36321787                           /usr/lib/jvm/java-8-oracle/jre/bin/java
00600000-00601000 r--p 00000000 08:02 36321787                           /usr/lib/jvm/java-8-oracle/jre/bin/java
00601000-00602000 rw-p 00001000 08:02 36321787                           /usr/lib/jvm/java-8-oracle/jre/bin/java
017be000-01a8c000 rw-p 00000000 00:00 0                                  [heap]
6c8000000-6d2580000 rw-p 00000000 00:00 0 
6d2580000-76d580000 ---p 00000000 00:00 0 
76d580000-772800000 rw-p 00000000 00:00 0 
772800000-7c0000000 ---p 00000000 00:00 0 
7c0000000-7c00c0000 rw-p 00000000 00:00 0 
7c00c0000-800000000 ---p 00000000 00:00 0 
7fb4a8000000-7fb4a8021000 rw-p 00000000 00:00 0 
7fb4a8021000-7fb4ac000000 ---p 00000000 00:00 0 
7fb4ac000000-7fb4ac021000 rw-p 00000000 00:00 0 
7fb4ac021000-7fb4b0000000 ---p 00000000 00:00 0 
7fb4b0000000-7fb4b03af000 rw-p 00000000 00:00 0 
7fb4b03af000-7fb4b4000000 ---p 00000000 00:00 0 
7fb4b4000000-7fb4b4021000 rw-p 00000000 00:00 0 
7fb4b4021000-7fb4b8000000 ---p 00000000 00:00 0 
7fb4b8000000-7fb4b8452000 rw-p 00000000 00:00 0 
7fb4b8452000-7fb4bc000000 ---p 00000000 00:00 0 
7fb4bc000000-7fb4bc53d000 rw-p 00000000 00:00 0 
7fb4bc53d000-7fb4c0000000 ---p 00000000 00:00 0 
7fb4c0000000-7fb4c0021000 rw-p 00000000 00:00 0 
7fb4c0021000-7fb4c4000000 ---p 00000000 00:00 0 
7fb4c4000000-7fb4c4021000 rw-p 00000000 00:00 0 
7fb4c4021000-7fb4c8000000 ---p 00000000 00:00 0 
7fb4c8000000-7fb4c8021000 rw-p 00000000 00:00 0 
7fb4c8021000-7fb4cc000000 ---p 00000000 00:00 0 
7fb4cc000000-7fb4cc021000 rw-p 00000000 00:00 0 
7fb4cc021000-7fb4d0000000 ---p 00000000 00:00 0 
7fb4d0000000-7fb4d0021000 rw-p 00000000 00:00 0 
7fb4d0021000-7fb4d4000000 ---p 00000000 00:00 0 
7fb4d8000000-7fb4d8021000 rw-p 00000000 00:00 0 
7fb4d8021000-7fb4dc000000 ---p 00000000 00:00 0 
7fb4dc000000-7fb4dc021000 rw-p 00000000 00:00 0 
7fb4dc021000-7fb4e0000000 ---p 00000000 00:00 0 
7fb4e2c37000-7fb4e2c38000 ---p 00000000 00:00 0 
7fb4e2c38000-7fb4e2d38000 rw-p 00000000 00:00 0 
7fb4e2d38000-7fb4e2d3b000 ---p 00000000 00:00 0 
7fb4e2d3b000-7fb4e2e39000 rw-p 00000000 00:00 0 
7fb4e2e39000-7fb4e2e3c000 ---p 00000000 00:00 0 
7fb4e2e3c000-7fb4e2f3a000 rw-p 00000000 00:00 0 
7fb4e2f3a000-7fb4e2f3d000 ---p 00000000 00:00 0 
7fb4e2f3d000-7fb4e303b000 rw-p 00000000 00:00 0 
7fb4e303b000-7fb4e303e000 ---p 00000000 00:00 0 
7fb4e303e000-7fb4e313c000 rw-p 00000000 00:00 0 
7fb4e313c000-7fb4e313f000 ---p 00000000 00:00 0 
7fb4e313f000-7fb4e323d000 rw-p 00000000 00:00 0 
7fb4e323d000-7fb4e3bfc000 r--p 00000000 08:02 36313964                   /usr/lib/locale/locale-archive
7fb4e3bfc000-7fb4e3bff000 ---p 00000000 00:00 0 
7fb4e3bff000-7fb4e3cfd000 rw-p 00000000 00:00 0 
7fb4e3cfd000-7fb4e3d00000 ---p 00000000 00:00 0 
7fb4e3d00000-7fb4e3dfe000 rw-p 00000000 00:00 0 
7fb4e3dfe000-7fb4e3dff000 ---p 00000000 00:00 0 
7fb4e3dff000-7fb4e4000000 rw-p 00000000 00:00 0 
7fb4e4000000-7fb4e4021000 rw-p 00000000 00:00 0 
7fb4e4021000-7fb4e8000000 ---p 00000000 00:00 0 
7fb4e80b5000-7fb4e80f5000 r--s 00396000 08:02 43521301                   /home/pawel/codem/nodeServerReact/app/services/convert-0.0.1-SNAPSHOT.jar
7fb4e80f5000-7fb4e90c0000 rw-p 00000000 00:00 0 
7fb4e90c0000-7fb4e9400000 ---p 00000000 00:00 0 
7fb4e9400000-7fb4f1000000 rw-p 00000000 00:00 0 
7fb4f1000000-7fb4f1270000 rwxp 00000000 00:00 0 
7fb4f1270000-7fb500000000 ---p 00000000 00:00 0 
7fb500000000-7fb5004f2000 rw-p 00000000 00:00 0 
7fb5004f2000-7fb504000000 ---p 00000000 00:00 0 
7fb504005000-7fb504008000 ---p 00000000 00:00 0 
7fb504008000-7fb504390000 rw-p 00000000 00:00 0 
7fb504390000-7fb50456a000 r--s 03d6f000 08:02 36321893                   /usr/lib/jvm/java-8-oracle/jre/lib/rt.jar
7fb50456a000-7fb504da0000 rw-p 00000000 00:00 0 
7fb504da0000-7fb504da1000 ---p 00000000 00:00 0 
7fb504da1000-7fb504ea1000 rw-p 00000000 00:00 0 
7fb504ea1000-7fb504ea2000 ---p 00000000 00:00 0 
7fb504ea2000-7fb504fa2000 rw-p 00000000 00:00 0 
7fb504fa2000-7fb504fa3000 ---p 00000000 00:00 0 
7fb504fa3000-7fb5050a3000 rw-p 00000000 00:00 0 
7fb5050a3000-7fb5050a4000 ---p 00000000 00:00 0 
7fb5050a4000-7fb5051f7000 rw-p 00000000 00:00 0 
7fb5051f7000-7fb5056cf000 ---p 00000000 00:00 0 
7fb5056cf000-7fb505722000 rw-p 00000000 00:00 0 
7fb505722000-7fb505bf9000 ---p 00000000 00:00 0 
7fb505bf9000-7fb505c23000 rw-p 00000000 00:00 0 
7fb505c23000-7fb505e8f000 ---p 00000000 00:00 0 
7fb505e8f000-7fb505e9a000 rw-p 00000000 00:00 0 
7fb505e9a000-7fb506250000 ---p 00000000 00:00 0 
7fb506250000-7fb50626b000 r-xp 00000000 08:02 36322106                   /usr/lib/jvm/java-8-oracle/jre/lib/amd64/libzip.so
7fb50626b000-7fb50646a000 ---p 0001b000 08:02 36322106                   /usr/lib/jvm/java-8-oracle/jre/lib/amd64/libzip.so
7fb50646a000-7fb50646b000 r--p 0001a000 08:02 36322106                   /usr/lib/jvm/java-8-oracle/jre/lib/amd64/libzip.so
7fb50646b000-7fb50646c000 rw-p 0001b000 08:02 36322106                   /usr/lib/jvm/java-8-oracle/jre/lib/amd64/libzip.so
7fb50646c000-7fb506477000 r-xp 00000000 08:02 528900                     /lib/x86_64-linux-gnu/libnss_files-2.23.so
7fb506477000-7fb506676000 ---p 0000b000 08:02 528900                     /lib/x86_64-linux-gnu/libnss_files-2.23.so
7fb506676000-7fb506677000 r--p 0000a000 08:02 528900                     /lib/x86_64-linux-gnu/libnss_files-2.23.so
7fb506677000-7fb506678000 rw-p 0000b000 08:02 528900                     /lib/x86_64-linux-gnu/libnss_files-2.23.so
7fb506678000-7fb50667e000 rw-p 00000000 00:00 0 
7fb50667e000-7fb506689000 r-xp 00000000 08:02 528910                     /lib/x86_64-linux-gnu/libnss_nis-2.23.so
7fb506689000-7fb506888000 ---p 0000b000 08:02 528910                     /lib/x86_64-linux-gnu/libnss_nis-2.23.so
7fb506888000-7fb506889000 r--p 0000a000 08:02 528910                     /lib/x86_64-linux-gnu/libnss_nis-2.23.so
7fb506889000-7fb50688a000 rw-p 0000b000 08:02 528910                     /lib/x86_64-linux-gnu/libnss_nis-2.23.so
7fb50688a000-7fb5068a0000 r-xp 00000000 08:02 528894                     /lib/x86_64-linux-gnu/libnsl-2.23.so
7fb5068a0000-7fb506a9f000 ---p 00016000 08:02 528894                     /lib/x86_64-linux-gnu/libnsl-2.23.so
7fb506a9f000-7fb506aa0000 r--p 00015000 08:02 528894                     /lib/x86_64-linux-gnu/libnsl-2.23.so
7fb506aa0000-7fb506aa1000 rw-p 00016000 08:02 528894                     /lib/x86_64-linux-gnu/libnsl-2.23.so
7fb506aa1000-7fb506aa3000 rw-p 00000000 00:00 0 
7fb506aa3000-7fb506aab000 r-xp 00000000 08:02 528896                     /lib/x86_64-linux-gnu/libnss_compat-2.23.so
7fb506aab000-7fb506caa000 ---p 00008000 08:02 528896                     /lib/x86_64-linux-gnu/libnss_compat-2.23.so
7fb506caa000-7fb506cab000 r--p 00007000 08:02 528896                     /lib/x86_64-linux-gnu/libnss_compat-2.23.so
7fb506cab000-7fb506cac000 rw-p 00008000 08:02 528896                     /lib/x86_64-linux-gnu/libnss_compat-2.23.so
7fb506cac000-7fb506cd8000 r-xp 00000000 08:02 36322100                   /usr/lib/jvm/java-8-oracle/jre/lib/amd64/libjava.so
7fb506cd8000-7fb506ed8000 ---p 0002c000 08:02 36322100                   /usr/lib/jvm/java-8-oracle/jre/lib/amd64/libjava.so
7fb506ed8000-7fb506ed9000 r--p 0002c000 08:02 36322100                   /usr/lib/jvm/java-8-oracle/jre/lib/amd64/libjava.so
7fb506ed9000-7fb506edb000 rw-p 0002d000 08:02 36322100                   /usr/lib/jvm/java-8-oracle/jre/lib/amd64/libjava.so
7fb506edb000-7fb506ee8000 r-xp 00000000 08:02 36322105                   /usr/lib/jvm/java-8-oracle/jre/lib/amd64/libverify.so
7fb506ee8000-7fb5070e7000 ---p 0000d000 08:02 36322105                   /usr/lib/jvm/java-8-oracle/jre/lib/amd64/libverify.so
7fb5070e7000-7fb5070e9000 r--p 0000c000 08:02 36322105                   /usr/lib/jvm/java-8-oracle/jre/lib/amd64/libverify.so
7fb5070e9000-7fb5070ea000 rw-p 0000e000 08:02 36322105                   /usr/lib/jvm/java-8-oracle/jre/lib/amd64/libverify.so
7fb5070ea000-7fb5070f1000 r-xp 00000000 08:02 528955                     /lib/x86_64-linux-gnu/librt-2.23.so
7fb5070f1000-7fb5072f0000 ---p 00007000 08:02 528955                     /lib/x86_64-linux-gnu/librt-2.23.so
7fb5072f0000-7fb5072f1000 r--p 00006000 08:02 528955                     /lib/x86_64-linux-gnu/librt-2.23.so
7fb5072f1000-7fb5072f2000 rw-p 00007000 08:02 528955                     /lib/x86_64-linux-gnu/librt-2.23.so
7fb5072f2000-7fb5073fa000 r-xp 00000000 08:02 528871                     /lib/x86_64-linux-gnu/libm-2.23.so
7fb5073fa000-7fb5075f9000 ---p 00108000 08:02 528871                     /lib/x86_64-linux-gnu/libm-2.23.so
7fb5075f9000-7fb5075fa000 r--p 00107000 08:02 528871                     /lib/x86_64-linux-gnu/libm-2.23.so
7fb5075fa000-7fb5075fb000 rw-p 00108000 08:02 528871                     /lib/x86_64-linux-gnu/libm-2.23.so
7fb5075fb000-7fb5082e3000 r-xp 00000000 08:02 36322082                   /usr/lib/jvm/java-8-oracle/jre/lib/amd64/server/libjvm.so
7fb5082e3000-7fb5084e2000 ---p 00ce8000 08:02 36322082                   /usr/lib/jvm/java-8-oracle/jre/lib/amd64/server/libjvm.so
7fb5084e2000-7fb508578000 r--p 00ce7000 08:02 36322082                   /usr/lib/jvm/java-8-oracle/jre/lib/amd64/server/libjvm.so
7fb508578000-7fb5085a9000 rw-p 00d7d000 08:02 36322082                   /usr/lib/jvm/java-8-oracle/jre/lib/amd64/server/libjvm.so
7fb5085a9000-7fb5085e4000 rw-p 00000000 00:00 0 
7fb5085e4000-7fb5087a4000 r-xp 00000000 08:02 528801                     /lib/x86_64-linux-gnu/libc-2.23.so
7fb5087a4000-7fb5089a4000 ---p 001c0000 08:02 528801                     /lib/x86_64-linux-gnu/libc-2.23.so
7fb5089a4000-7fb5089a8000 r--p 001c0000 08:02 528801                     /lib/x86_64-linux-gnu/libc-2.23.so
7fb5089a8000-7fb5089aa000 rw-p 001c4000 08:02 528801                     /lib/x86_64-linux-gnu/libc-2.23.so
7fb5089aa000-7fb5089ae000 rw-p 00000000 00:00 0 
7fb5089ae000-7fb5089b1000 r-xp 00000000 08:02 528825                     /lib/x86_64-linux-gnu/libdl-2.23.so
7fb5089b1000-7fb508bb0000 ---p 00003000 08:02 528825                     /lib/x86_64-linux-gnu/libdl-2.23.so
7fb508bb0000-7fb508bb1000 r--p 00002000 08:02 528825                     /lib/x86_64-linux-gnu/libdl-2.23.so
7fb508bb1000-7fb508bb2000 rw-p 00003000 08:02 528825                     /lib/x86_64-linux-gnu/libdl-2.23.so
7fb508bb2000-7fb508bc9000 r-xp 00000000 08:02 36322077                   /usr/lib/jvm/java-8-oracle/jre/lib/amd64/jli/libjli.so
7fb508bc9000-7fb508dc8000 ---p 00017000 08:02 36322077                   /usr/lib/jvm/java-8-oracle/jre/lib/amd64/jli/libjli.so
7fb508dc8000-7fb508dc9000 r--p 00016000 08:02 36322077                   /usr/lib/jvm/java-8-oracle/jre/lib/amd64/jli/libjli.so
7fb508dc9000-7fb508dca000 rw-p 00017000 08:02 36322077                   /usr/lib/jvm/java-8-oracle/jre/lib/amd64/jli/libjli.so
7fb508dca000-7fb508de2000 r-xp 00000000 08:02 528947                     /lib/x86_64-linux-gnu/libpthread-2.23.so
7fb508de2000-7fb508fe1000 ---p 00018000 08:02 528947                     /lib/x86_64-linux-gnu/libpthread-2.23.so
7fb508fe1000-7fb508fe2000 r--p 00017000 08:02 528947                     /lib/x86_64-linux-gnu/libpthread-2.23.so
7fb508fe2000-7fb508fe3000 rw-p 00018000 08:02 528947                     /lib/x86_64-linux-gnu/libpthread-2.23.so
7fb508fe3000-7fb508fe7000 rw-p 00000000 00:00 0 
7fb508fe7000-7fb50900d000 r-xp 00000000 08:02 528773                     /lib/x86_64-linux-gnu/ld-2.23.so
7fb509027000-7fb509043000 r--s 00393000 08:02 36321954                   /usr/lib/jvm/java-8-oracle/jre/lib/ext/cldrdata.jar
7fb509043000-7fb5090ec000 rw-p 00000000 00:00 0 
7fb5090ec000-7fb5090ef000 ---p 00000000 00:00 0 
7fb5090ef000-7fb5091f2000 rw-p 00000000 00:00 0 
7fb5091f4000-7fb5091fe000 r--s 00116000 08:02 36321961                   /usr/lib/jvm/java-8-oracle/jre/lib/ext/localedata.jar
7fb5091fe000-7fb509202000 r--s 000a1000 08:02 36321950                   /usr/lib/jvm/java-8-oracle/jre/lib/jsse.jar
7fb509202000-7fb50920a000 rw-s 00000000 08:02 38410057                   /tmp/hsperfdata_pawel/6604
7fb50920a000-7fb50920b000 rw-p 00000000 00:00 0 
7fb50920b000-7fb50920c000 r--p 00000000 00:00 0 
7fb50920c000-7fb50920d000 r--p 00025000 08:02 528773                     /lib/x86_64-linux-gnu/ld-2.23.so
7fb50920d000-7fb50920e000 rw-p 00026000 08:02 528773                     /lib/x86_64-linux-gnu/ld-2.23.so
7fb50920e000-7fb50920f000 rw-p 00000000 00:00 0 
7ffe750e6000-7ffe75108000 rw-p 00000000 00:00 0                          [stack]
7ffe7513a000-7ffe7513d000 r--p 00000000 00:00 0                          [vvar]
7ffe7513d000-7ffe7513f000 r-xp 00000000 00:00 0                          [vdso]
ffffffffff600000-ffffffffff601000 r-xp 00000000 00:00 0                  [vsyscall]

VM Arguments:
java_command: /home/pawel/codem/nodeServerReact/app/services/convert-0.0.1-SNAPSHOT.jar -f html -i /home/pawel/codem/nodeServerReact/public/loads/docx_Test.docx -o /home/pawel/codem/nodeServerReact/public/loads/docx.html
java_class_path (initial): /home/pawel/codem/nodeServerReact/app/services/convert-0.0.1-SNAPSHOT.jar
Launcher Type: SUN_STANDARD

Environment Variables:
PATH=/usr/local/lib/node_modules/npm/node_modules/npm-lifecycle/node-gyp-bin:/home/pawel/codem/nodeServerReact/node_modules/.bin:/home/pawel/bin:/home/pawel/.local/bin:/usr/local/sbin:/usr/local/bin:/usr/sbin:/usr/bin:/sbin:/bin:/usr/games:/usr/local/games:/snap/bin
SHELL=/bin/bash
DISPLAY=:0

Signal Handlers:
SIGSEGV: [libjvm.so+0xad3e60], sa_mask[0]=11111111011111111101111111111110, sa_flags=SA_RESTART|SA_SIGINFO
SIGBUS: [libjvm.so+0xad3e60], sa_mask[0]=11111111011111111101111111111110, sa_flags=SA_RESTART|SA_SIGINFO
SIGFPE: [libjvm.so+0x90b880], sa_mask[0]=11111111011111111101111111111110, sa_flags=SA_RESTART|SA_SIGINFO
SIGPIPE: [libjvm.so+0x90b880], sa_mask[0]=11111111011111111101111111111110, sa_flags=SA_RESTART|SA_SIGINFO
SIGXFSZ: [libjvm.so+0x90b880], sa_mask[0]=11111111011111111101111111111110, sa_flags=SA_RESTART|SA_SIGINFO
SIGILL: [libjvm.so+0x90b880], sa_mask[0]=11111111011111111101111111111110, sa_flags=SA_RESTART|SA_SIGINFO
SIGUSR1: SIG_DFL, sa_mask[0]=00000000000000000000000000000000, sa_flags=none
SIGUSR2: [libjvm.so+0x90b750], sa_mask[0]=00000000000000000000000000000000, sa_flags=SA_RESTART|SA_SIGINFO
SIGHUP: [libjvm.so+0x90bd70], sa_mask[0]=11111111011111111101111111111110, sa_flags=SA_RESTART|SA_SIGINFO
SIGINT: [libjvm.so+0x90bd70], sa_mask[0]=11111111011111111101111111111110, sa_flags=SA_RESTART|SA_SIGINFO
SIGTERM: [libjvm.so+0x90bd70], sa_mask[0]=11111111011111111101111111111110, sa_flags=SA_RESTART|SA_SIGINFO
SIGQUIT: [libjvm.so+0x90bd70], sa_mask[0]=11111111011111111101111111111110, sa_flags=SA_RESTART|SA_SIGINFO


---------------  S Y S T E M  ---------------

OS:DISTRIB_ID=Ubuntu
DISTRIB_RELEASE=16.04
DISTRIB_CODENAME=xenial
DISTRIB_DESCRIPTION="Ubuntu 16.04.5 LTS"

uname:Linux 4.15.0-45-generic #48~16.04.1-Ubuntu SMP Tue Jan 29 18:03:48 UTC 2019 x86_64
libc:glibc 2.23 NPTL 2.23 
rlimit: STACK 8192k, CORE 0k, NPROC 63036, NOFILE 1048576, AS infinity
load average:1,26 1,07 0,93

/proc/meminfo:
MemTotal:       16245772 kB
MemFree:          456140 kB
MemAvailable:    5322820 kB
Buffers:         1088224 kB
Cached:          4585560 kB
SwapCached:            0 kB
Active:         11776408 kB
Inactive:        2721980 kB
Active(anon):    8641340 kB
Inactive(anon):  1431608 kB
Active(file):    3135068 kB
Inactive(file):  1290372 kB
Unevictable:          64 kB
Mlocked:              64 kB
SwapTotal:       8208380 kB
SwapFree:        8208380 kB
Dirty:              1948 kB
Writeback:             0 kB
AnonPages:       8824604 kB
Mapped:          1022808 kB
Shmem:           1516884 kB
Slab:             915624 kB
SReclaimable:     783468 kB
SUnreclaim:       132156 kB
KernelStack:       33888 kB
PageTables:       170008 kB
NFS_Unstable:          0 kB
Bounce:                0 kB
WritebackTmp:          0 kB
CommitLimit:    16331264 kB
Committed_AS:   31096120 kB
VmallocTotal:   34359738367 kB
VmallocUsed:           0 kB
VmallocChunk:          0 kB
HardwareCorrupted:     0 kB
AnonHugePages:      2048 kB
ShmemHugePages:        0 kB
ShmemPmdMapped:        0 kB
CmaTotal:              0 kB
CmaFree:               0 kB
HugePages_Total:       0
HugePages_Free:        0
HugePages_Rsvd:        0
HugePages_Surp:        0
Hugepagesize:       2048 kB
DirectMap4k:     1403600 kB
DirectMap2M:    15194112 kB
DirectMap1G:     2097152 kB

container (cgroup) information:
container_type: cgroupv1
cpu_cpuset_cpus: 0-3
cpu_memory_nodes: 0
active_processor_count: 4
cpu_quota: -1
cpu_period: 100000
cpu_shares: -1
memory_limit_in_bytes: -1
memory_and_swap_limit_in_bytes: -2
memory_soft_limit_in_bytes: -1
memory_usage_in_bytes: 14846779392
memory_max_usage_in_bytes: 239755264


CPU:total 4 (initial active 4) (4 cores per cpu, 1 threads per core) family 6 model 92 stepping 9, cmov, cx8, fxsr, mmx, sse, sse2, sse3, ssse3, sse4.1, sse4.2, popcnt, aes, clmul, erms, 3dnowpref, tsc, tscinvbit

/proc/cpuinfo:
processor	: 0
vendor_id	: GenuineIntel
cpu family	: 6
model		: 92
model name	: Intel(R) Pentium(R) CPU N4200 @ 1.10GHz
stepping	: 9
microcode	: 0x32
cpu MHz		: 2278.157
cache size	: 1024 KB
physical id	: 0
siblings	: 4
core id		: 0
cpu cores	: 4
apicid		: 0
initial apicid	: 0
fpu		: yes
fpu_exception	: yes
cpuid level	: 21
wp		: yes
flags		: fpu vme de pse tsc msr pae mce cx8 apic sep mtrr pge mca cmov pat pse36 clflush dts acpi mmx fxsr sse sse2 ss ht tm pbe syscall nx pdpe1gb rdtscp lm constant_tsc art arch_perfmon pebs bts rep_good nopl xtopology tsc_reliable nonstop_tsc cpuid aperfmperf tsc_known_freq pni pclmulqdq dtes64 monitor ds_cpl vmx est tm2 ssse3 sdbg cx16 xtpr pdcm sse4_1 sse4_2 x2apic movbe popcnt tsc_deadline_timer aes xsave rdrand lahf_lm 3dnowprefetch cpuid_fault cat_l2 ibrs ibpb stibp tpr_shadow vnmi flexpriority ept vpid fsgsbase tsc_adjust smep erms mpx rdt_a rdseed smap clflushopt intel_pt sha_ni xsaveopt xsavec xgetbv1 xsaves dtherm ida arat pln pts arch_capabilities
bugs		: monitor spectre_v1 spectre_v2
bogomips	: 2188.80
clflush size	: 64
cache_alignment	: 64
address sizes	: 39 bits physical, 48 bits virtual
power management:

processor	: 1
vendor_id	: GenuineIntel
cpu family	: 6
model		: 92
model name	: Intel(R) Pentium(R) CPU N4200 @ 1.10GHz
stepping	: 9
microcode	: 0x32
cpu MHz		: 2279.511
cache size	: 1024 KB
physical id	: 0
siblings	: 4
core id		: 1
cpu cores	: 4
apicid		: 2
initial apicid	: 2
fpu		: yes
fpu_exception	: yes
cpuid level	: 21
wp		: yes
flags		: fpu vme de pse tsc msr pae mce cx8 apic sep mtrr pge mca cmov pat pse36 clflush dts acpi mmx fxsr sse sse2 ss ht tm pbe syscall nx pdpe1gb rdtscp lm constant_tsc art arch_perfmon pebs bts rep_good nopl xtopology tsc_reliable nonstop_tsc cpuid aperfmperf tsc_known_freq pni pclmulqdq dtes64 monitor ds_cpl vmx est tm2 ssse3 sdbg cx16 xtpr pdcm sse4_1 sse4_2 x2apic movbe popcnt tsc_deadline_timer aes xsave rdrand lahf_lm 3dnowprefetch cpuid_fault cat_l2 ibrs ibpb stibp tpr_shadow vnmi flexpriority ept vpid fsgsbase tsc_adjust smep erms mpx rdt_a rdseed smap clflushopt intel_pt sha_ni xsaveopt xsavec xgetbv1 xsaves dtherm ida arat pln pts arch_capabilities
bugs		: monitor spectre_v1 spectre_v2
bogomips	: 2188.80
clflush size	: 64
cache_alignment	: 64
address sizes	: 39 bits physical, 48 bits virtual
power management:

processor	: 2
vendor_id	: GenuineIntel
cpu family	: 6
model		: 92
model name	: Intel(R) Pentium(R) CPU N4200 @ 1.10GHz
stepping	: 9
microcode	: 0x32
cpu MHz		: 2280.424
cache size	: 1024 KB
physical id	: 0
siblings	: 4
core id		: 2
cpu cores	: 4
apicid		: 4
initial apicid	: 4
fpu		: yes
fpu_exception	: yes
cpuid level	: 21
wp		: yes
flags		: fpu vme de pse tsc msr pae mce cx8 apic sep mtrr pge mca cmov pat pse36 clflush dts acpi mmx fxsr sse sse2 ss ht tm pbe syscall nx pdpe1gb rdtscp lm constant_tsc art arch_perfmon pebs bts rep_good nopl xtopology tsc_reliable nonstop_tsc cpuid aperfmperf tsc_known_freq pni pclmulqdq dtes64 monitor ds_cpl vmx est tm2 ssse3 sdbg cx16 xtpr pdcm sse4_1 sse4_2 x2apic movbe popcnt tsc_deadline_timer aes xsave rdrand lahf_lm 3dnowprefetch cpuid_fault cat_l2 tpr_shadow vnmi flexpriority ept vpid fsgsbase tsc_adjust smep erms mpx rdt_a rdseed smap clflushopt intel_pt sha_ni xsaveopt xsavec xgetbv1 xsaves dtherm ida arat pln pts
bugs		: monitor spectre_v1 spectre_v2
bogomips	: 2188.80
clflush size	: 64
cache_alignment	: 64
address sizes	: 39 bits physical, 48 bits virtual
power management:

processor	: 3
vendor_id	: GenuineIntel
cpu family	: 6
model		: 92
model name	: Intel(R) Pentium(R) CPU N4200 @ 1.10GHz
stepping	: 9
microcode	: 0x32
cpu MHz		: 2281.326
cache size	: 1024 KB
physical id	: 0
siblings	: 4
core id		: 3
cpu cores	: 4
apicid		: 6
initial apicid	: 6
fpu		: yes
fpu_exception	: yes
cpuid level	: 21
wp		: yes
flags		: fpu vme de pse tsc msr pae mce cx8 apic sep mtrr pge mca cmov pat pse36 clflush dts acpi mmx fxsr sse sse2 ss ht tm pbe syscall nx pdpe1gb rdtscp lm constant_tsc art arch_perfmon pebs bts rep_good nopl xtopology tsc_reliable nonstop_tsc cpuid aperfmperf tsc_known_freq pni pclmulqdq dtes64 monitor ds_cpl vmx est tm2 ssse3 sdbg cx16 xtpr pdcm sse4_1 sse4_2 x2apic movbe popcnt tsc_deadline_timer aes xsave rdrand lahf_lm 3dnowprefetch cpuid_fault cat_l2 ibrs ibpb stibp tpr_shadow vnmi flexpriority ept vpid fsgsbase tsc_adjust smep erms mpx rdt_a rdseed smap clflushopt intel_pt sha_ni xsaveopt xsavec xgetbv1 xsaves dtherm ida arat pln pts arch_capabilities
bugs		: monitor spectre_v1 spectre_v2
bogomips	: 2188.80
clflush size	: 64
cache_alignment	: 64
address sizes	: 39 bits physical, 48 bits virtual
power management:



Memory: 4k page, physical 16245772k(456068k free), swap 8208380k(8208380k free)

vm_info: Java HotSpot(TM) 64-Bit Server VM (25.201-b09) for linux-amd64 JRE (1.8.0_201-b09), built on Dec 15 2018 11:35:59 by "java_re" with gcc 7.3.0

time: Thu Mar 14 09:16:55 2019
timezone: CET
elapsed time: 12 seconds (0d 0h 0m 12s)

