#
# A fatal error has been detected by the Java Runtime Environment:
#
#  SIGSEGV (0xb) at pc=0x00007f6741ec4783, pid=4536, tid=0x00007f67431ac700
#
# JRE version: Java(TM) SE Runtime Environment (8.0_201-b09) (build 1.8.0_201-b09)
# Java VM: Java HotSpot(TM) 64-Bit Server VM (25.201-b09 mixed mode linux-amd64 compressed oops)
# Problematic frame:
# V  [libjvm.so+0x90b783]  SR_handler(int, siginfo*, ucontext*)+0x33
#
# Failed to write core dump. Core dumps have been disabled. To enable core dumping, try "ulimit -c unlimited" before starting Java again
#
# If you would like to submit a bug report, please visit:
#   http://bugreport.java.com/bugreport/crash.jsp
#

---------------  T H R E A D  ---------------

Current thread is native thread

siginfo: si_signo: 11 (SIGSEGV), si_code: 1 (SEGV_MAPERR), si_addr: 0x0000000000000128

Registers:
RAX=0x0000000000000000, RBX=0x00007f67431aa700, RCX=0x00007f6742d9098d, RDX=0x00007f67431aca20
RSP=0x00007fff1afc9e00, RBP=0x00007fff1afc9eb0, RSI=0x00007fff1afc9ff0, RDI=0x0000000000000001
R8 =0x00000000000000ca, R9 =0x00007f67431aa9d0, R10=0x0000000000000000, R11=0x0000000000000246
R12=0x00007f67431ac698, R13=0x0000000000000000, R14=0x00007fff1afc9ff0, R15=0x00007fff1afc9ec0
RIP=0x00007f6741ec4783, EFLAGS=0x0000000000010246, CSGSFS=0x002b000000000033, ERR=0x0000000000000004
  TRAPNO=0x000000000000000e

Top of Stack: (sp=0x00007fff1afc9e00)
0x00007fff1afc9e00:   00000000fbad8001 00007f67425b40c9
0x00007fff1afc9e10:   00007f67425aa550 00007fff1afc9e88
0x00007fff1afc9e20:   00000000f5e616f3 0000000003d7985b
0x00007fff1afc9e30:   00007fff00000033 00007fff1afc9f60
0x00007fff1afc9e40:   00007f67425b2ff8 00007f67425a5d80
0x00007fff1afc9e50:   00007fff1afc9e84 00007fff1afc9f50
0x00007fff1afc9e60:   00007f67431ae5d8 0000000000000000
0x00007fff1afc9e70:   0000000000000006 00000000000003ff
0x00007fff1afc9e80:   00000000431a0000 00007f67431aa700
0x00007fff1afc9e90:   00007fff1afca560 0000000000000000
0x00007fff1afc9ea0:   00007f67431ac700 00007f67431aad28
0x00007fff1afc9eb0:   00007fff1afca5c8 00007f6742d99390
0x00007fff1afc9ec0:   0000000000000007 0000000000000000
0x00007fff1afc9ed0:   0000000000000000 00007f6700000002
0x00007fff1afc9ee0:   0000000000000000 00000000000000ca
0x00007fff1afc9ef0:   00007f67431aa9d0 0000000000000000
0x00007fff1afc9f00:   0000000000000246 00007fff1afca560
0x00007fff1afc9f10:   0000000000000000 00007f67431ac700
0x00007fff1afc9f20:   00007f67431aad28 00007f67431aa9d0
0x00007fff1afc9f30:   0000000000000000 00007fff1afca5c8
0x00007fff1afc9f40:   00007f67431aa700 00000000000011b9
0x00007fff1afc9f50:   00000000000000ca 00007f6742d9098d
0x00007fff1afc9f60:   00007fff1afca550 00007f6742d9098b
0x00007fff1afc9f70:   0000000000000246 002b000000000033
0x00007fff1afc9f80:   0000000000000000 0000000000000000
0x00007fff1afc9f90:   0000000000000000 0000000000000000
0x00007fff1afc9fa0:   00007fff1afca080 00007fff1afca020
0x00007fff1afc9fb0:   0000000000000000 0000000000000000
0x00007fff1afc9fc0:   00007fff1afca050 0000000000000000
0x00007fff1afc9fd0:   00007fff0000000a 0000000000000004
0x00007fff1afc9fe0:   00007fff1afca484 0000000000000000
0x00007fff1afc9ff0:   000000000000000c 0000000200000000 

Instructions: (pc=0x00007f6741ec4783)
0x00007f6741ec4763:   48 81 ec 88 00 00 00 e8 81 1d 8f ff 44 8b 28 49
0x00007f6741ec4773:   89 c4 48 8d 05 2c 61 68 00 8b 38 e8 15 2c 8f ff
0x00007f6741ec4783:   48 8b 98 28 01 00 00 8b 83 a8 00 00 00 83 f8 01
0x00007f6741ec4793:   74 1b 45 89 2c 24 48 81 c4 88 00 00 00 5b 41 5c 

Register to memory mapping:

RAX=0x0000000000000000 is an unknown value
RBX=0x00007f67431aa700 is pointing into the stack for thread: 0x00007f673c00a800
RCX=0x00007f6742d9098d: pthread_join+0xbd in /lib/x86_64-linux-gnu/libpthread.so.0 at 0x00007f6742d88000
RDX=0x00007f67431aca20 is an unknown value
RSP=0x00007fff1afc9e00 is an unknown value
RBP=0x00007fff1afc9eb0 is an unknown value
RSI=0x00007fff1afc9ff0 is an unknown value
RDI=0x0000000000000001 is an unknown value
R8 =0x00000000000000ca is an unknown value
R9 =0x00007f67431aa9d0 is pointing into the stack for thread: 0x00007f673c00a800
R10=0x0000000000000000 is an unknown value
R11=0x0000000000000246 is an unknown value
R12=0x00007f67431ac698 is an unknown value
R13=0x0000000000000000 is an unknown value
R14=0x00007fff1afc9ff0 is an unknown value
R15=0x00007fff1afc9ec0 is an unknown value


Stack: [0x00007fff1aed3000,0x00007fff1afd3000],  sp=0x00007fff1afc9e00,  free space=987k
Native frames: (J=compiled Java code, j=interpreted, Vv=VM code, C=native code)
V  [libjvm.so+0x90b783]  SR_handler(int, siginfo*, ucontext*)+0x33
C  [libpthread.so.0+0x11390]


---------------  P R O C E S S  ---------------

VM state:not at safepoint (normal execution)

VM Mutex/Monitor currently owned by a thread: None

heap address: 0x00000006c8000000, size: 3968 MB, Compressed Oops mode: Zero based, Oop shift amount: 3
Narrow klass base: 0x0000000000000000, Narrow klass shift: 3
Compressed class space size: 1073741824 Address: 0x00000007c0000000

Heap:
 PSYoungGen      total 74240K, used 11098K [0x000000076d580000, 0x0000000772800000, 0x00000007c0000000)
  eden space 64000K, 17% used [0x000000076d580000,0x000000076e056bb8,0x0000000771400000)
  from space 10240K, 0% used [0x0000000771e00000,0x0000000771e00000,0x0000000772800000)
  to   space 10240K, 0% used [0x0000000771400000,0x0000000771400000,0x0000000771e00000)
 ParOldGen       total 169472K, used 0K [0x00000006c8000000, 0x00000006d2580000, 0x000000076d580000)
  object space 169472K, 0% used [0x00000006c8000000,0x00000006c8000000,0x00000006d2580000)
 Metaspace       used 5387K, capacity 5610K, committed 5888K, reserved 1056768K
  class space    used 592K, capacity 679K, committed 768K, reserved 1048576K

Card table byte_map: [0x00007f672c47f000,0x00007f672cc40000] byte_map_base: 0x00007f6728e3f000

Marking Bits: (ParMarkBitMap*) 0x00007f6742584d80
 Begin Bits: [0x00007f6724152000, 0x00007f6727f52000)
 End Bits:   [0x00007f6727f52000, 0x00007f672bd52000)

Polling page: 0x00007f67431c9000

CodeCache: size=245760Kb used=1946Kb max_used=1946Kb free=243813Kb
 bounds [0x00007f672d000000, 0x00007f672d270000, 0x00007f673c000000]
 total_blobs=651 nmethods=359 adapters=207
 compilation: enabled

Compilation events (10 events):
Event: 0,647 Thread 0x00007f673c185800  351       3       jdk.internal.org.objectweb.asm.ClassWriter::newClass (9 bytes)
Event: 0,648 Thread 0x00007f673c185800 nmethod 351 0x00007f672d1e2c50 code [0x00007f672d1e2dc0, 0x00007f672d1e2f68]
Event: 0,648 Thread 0x00007f673c183800  353       4       java.util.concurrent.ConcurrentHashMap::setTabAt (19 bytes)
Event: 0,648 Thread 0x00007f673c185800  352       3       java.lang.invoke.MemberName::initResolved (53 bytes)
Event: 0,648 Thread 0x00007f673c185800 nmethod 352 0x00007f672d1e31d0 code [0x00007f672d1e3340, 0x00007f672d1e3510]
Event: 0,648 Thread 0x00007f673c185800  355       3       java.lang.invoke.MethodType::parameterCount (6 bytes)
Event: 0,649 Thread 0x00007f673c185800 nmethod 355 0x00007f672d1e3590 code [0x00007f672d1e3700, 0x00007f672d1e3870]
Event: 0,649 Thread 0x00007f673c183800 nmethod 353 0x00007f672d1e6590 code [0x00007f672d1e66c0, 0x00007f672d1e6738]
Event: 0,649 Thread 0x00007f673c185800  356       3       sun.invoke.util.BytecodeDescriptor::unparseSig (75 bytes)
Event: 0,651 Thread 0x00007f673c185800 nmethod 356 0x00007f672d1e3c90 code [0x00007f672d1e3f80, 0x00007f672d1e5738]

GC Heap History (0 events):
No events

Deoptimization events (2 events):
Event: 0,425 Thread 0x00007f673c00a800 Uncommon trap: reason=unstable_if action=reinterpret pc=0x00007f672d144a64 method=java.util.HashMap.getNode(ILjava/lang/Object;)Ljava/util/HashMap$Node; @ 49
Event: 0,427 Thread 0x00007f673c00a800 Uncommon trap: reason=unstable_if action=reinterpret pc=0x00007f672d145138 method=java.util.HashMap.getNode(ILjava/lang/Object;)Ljava/util/HashMap$Node; @ 49

Classes redefined (0 events):
No events

Internal exceptions (8 events):
Event: 0,092 Thread 0x00007f673c00a800 Exception <a 'java/lang/NoSuchMethodError': Method sun.misc.Unsafe.defineClass(Ljava/lang/String;[BII)Ljava/lang/Class; name or signature does not match> (0x000000076d587cb0) thrown at [/HUDSON/workspace/8-2-build-linux-amd64/jdk8u201/12317/hotspot/src/sh
Event: 0,092 Thread 0x00007f673c00a800 Exception <a 'java/lang/NoSuchMethodError': Method sun.misc.Unsafe.prefetchRead(Ljava/lang/Object;J)V name or signature does not match> (0x000000076d587f98) thrown at [/HUDSON/workspace/8-2-build-linux-amd64/jdk8u201/12317/hotspot/src/share/vm/prims/jni.c
Event: 0,446 Thread 0x00007f673c00a800 Exception <a 'java/security/PrivilegedActionException'> (0x000000076dcc1c68) thrown at [/HUDSON/workspace/8-2-build-linux-amd64/jdk8u201/12317/hotspot/src/share/vm/prims/jvm.cpp, line 1502]
Event: 0,446 Thread 0x00007f673c00a800 Exception <a 'java/security/PrivilegedActionException'> (0x000000076dcc2060) thrown at [/HUDSON/workspace/8-2-build-linux-amd64/jdk8u201/12317/hotspot/src/share/vm/prims/jvm.cpp, line 1502]
Event: 0,446 Thread 0x00007f673c00a800 Exception <a 'java/security/PrivilegedActionException'> (0x000000076dcc46b0) thrown at [/HUDSON/workspace/8-2-build-linux-amd64/jdk8u201/12317/hotspot/src/share/vm/prims/jvm.cpp, line 1502]
Event: 0,447 Thread 0x00007f673c00a800 Exception <a 'java/security/PrivilegedActionException'> (0x000000076dcc4aa8) thrown at [/HUDSON/workspace/8-2-build-linux-amd64/jdk8u201/12317/hotspot/src/share/vm/prims/jvm.cpp, line 1502]
Event: 0,588 Thread 0x00007f673c00a800 Exception <a 'java/lang/NoSuchFieldError': method resolution failed> (0x000000076ddcdec8) thrown at [/HUDSON/workspace/8-2-build-linux-amd64/jdk8u201/12317/hotspot/src/share/vm/prims/methodHandles.cpp, line 1167]
Event: 0,592 Thread 0x00007f673c00a800 Exception <a 'java/lang/NoSuchFieldError': method resolution failed> (0x000000076dddb2a8) thrown at [/HUDSON/workspace/8-2-build-linux-amd64/jdk8u201/12317/hotspot/src/share/vm/prims/methodHandles.cpp, line 1167]

Events (10 events):
Event: 0,646 loading class java/lang/UNIXProcess$ProcessPipeOutputStream done
Event: 0,646 loading class java/lang/UNIXProcess$ProcessPipeInputStream
Event: 0,646 loading class java/lang/UNIXProcess$ProcessPipeInputStream done
Event: 0,646 Executing VM operation: Deoptimize
Event: 0,647 Executing VM operation: Deoptimize done
Event: 0,650 loading class java/util/concurrent/ThreadPoolExecutor$Worker
Event: 0,650 loading class java/util/concurrent/ThreadPoolExecutor$Worker done
Event: 0,650 Thread 0x00007f673c370800 Thread added: 0x00007f673c370800
Event: 4,188 Executing VM operation: EnableBiasedLocking
Event: 4,188 Executing VM operation: EnableBiasedLocking done


Dynamic libraries:
00400000-00401000 r-xp 00000000 08:02 36321787                           /usr/lib/jvm/java-8-oracle/jre/bin/java
00600000-00601000 r--p 00000000 08:02 36321787                           /usr/lib/jvm/java-8-oracle/jre/bin/java
00601000-00602000 rw-p 00001000 08:02 36321787                           /usr/lib/jvm/java-8-oracle/jre/bin/java
00799000-00a67000 rw-p 00000000 00:00 0                                  [heap]
6c8000000-6d2580000 rw-p 00000000 00:00 0 
6d2580000-76d580000 ---p 00000000 00:00 0 
76d580000-772800000 rw-p 00000000 00:00 0 
772800000-7c0000000 ---p 00000000 00:00 0 
7c0000000-7c00c0000 rw-p 00000000 00:00 0 
7c00c0000-800000000 ---p 00000000 00:00 0 
7f66e4000000-7f66e4021000 rw-p 00000000 00:00 0 
7f66e4021000-7f66e8000000 ---p 00000000 00:00 0 
7f66ec000000-7f66ec021000 rw-p 00000000 00:00 0 
7f66ec021000-7f66f0000000 ---p 00000000 00:00 0 
7f66f0000000-7f66f0021000 rw-p 00000000 00:00 0 
7f66f0021000-7f66f4000000 ---p 00000000 00:00 0 
7f66f4000000-7f66f43d5000 rw-p 00000000 00:00 0 
7f66f43d5000-7f66f8000000 ---p 00000000 00:00 0 
7f66f8000000-7f66f8423000 rw-p 00000000 00:00 0 
7f66f8423000-7f66fc000000 ---p 00000000 00:00 0 
7f66fc000000-7f66fc021000 rw-p 00000000 00:00 0 
7f66fc021000-7f6700000000 ---p 00000000 00:00 0 
7f6700000000-7f6700577000 rw-p 00000000 00:00 0 
7f6700577000-7f6704000000 ---p 00000000 00:00 0 
7f6704000000-7f6704021000 rw-p 00000000 00:00 0 
7f6704021000-7f6708000000 ---p 00000000 00:00 0 
7f6708000000-7f6708021000 rw-p 00000000 00:00 0 
7f6708021000-7f670c000000 ---p 00000000 00:00 0 
7f670c000000-7f670c021000 rw-p 00000000 00:00 0 
7f670c021000-7f6710000000 ---p 00000000 00:00 0 
7f6710000000-7f6710021000 rw-p 00000000 00:00 0 
7f6710021000-7f6714000000 ---p 00000000 00:00 0 
7f6714000000-7f6714021000 rw-p 00000000 00:00 0 
7f6714021000-7f6718000000 ---p 00000000 00:00 0 
7f6718000000-7f6718021000 rw-p 00000000 00:00 0 
7f6718021000-7f671c000000 ---p 00000000 00:00 0 
7f671c000000-7f671c021000 rw-p 00000000 00:00 0 
7f671c021000-7f6720000000 ---p 00000000 00:00 0 
7f6720ca3000-7f6720ca6000 ---p 00000000 00:00 0 
7f6720ca6000-7f6720cdc000 rw-p 00000000 00:00 0 
7f6720cdc000-7f6720d1c000 r--s 00396000 08:02 43521301                   /home/pawel/codem/nodeServerReact/app/services/convert-0.0.1-SNAPSHOT.jar
7f6720d1c000-7f6720d1d000 ---p 00000000 00:00 0 
7f6720d1d000-7f6720e1d000 rw-p 00000000 00:00 0 
7f6720e1d000-7f6720e20000 ---p 00000000 00:00 0 
7f6720e20000-7f6720f1e000 rw-p 00000000 00:00 0 
7f6720f1e000-7f6720f21000 ---p 00000000 00:00 0 
7f6720f21000-7f672101f000 rw-p 00000000 00:00 0 
7f672101f000-7f6721022000 ---p 00000000 00:00 0 
7f6721022000-7f6721120000 rw-p 00000000 00:00 0 
7f6721120000-7f6721123000 ---p 00000000 00:00 0 
7f6721123000-7f6721221000 rw-p 00000000 00:00 0 
7f6721221000-7f6721224000 ---p 00000000 00:00 0 
7f6721224000-7f6721322000 rw-p 00000000 00:00 0 
7f6721322000-7f6721ce1000 r--p 00000000 08:02 36313964                   /usr/lib/locale/locale-archive
7f6721ce1000-7f6721ce4000 ---p 00000000 00:00 0 
7f6721ce4000-7f6721de2000 rw-p 00000000 00:00 0 
7f6721de2000-7f6721de5000 ---p 00000000 00:00 0 
7f6721de5000-7f6721ee3000 rw-p 00000000 00:00 0 
7f6721ee3000-7f6721ee4000 ---p 00000000 00:00 0 
7f6721ee4000-7f6722f42000 rw-p 00000000 00:00 0 
7f6722f42000-7f672311c000 r--s 03d6f000 08:02 36321893                   /usr/lib/jvm/java-8-oracle/jre/lib/rt.jar
7f672311c000-7f6723692000 rw-p 00000000 00:00 0 
7f6723692000-7f6723992000 ---p 00000000 00:00 0 
7f6723992000-7f672bd52000 rw-p 00000000 00:00 0 
7f672bd52000-7f672bd53000 ---p 00000000 00:00 0 
7f672bd53000-7f672be53000 rw-p 00000000 00:00 0 
7f672be53000-7f672be54000 ---p 00000000 00:00 0 
7f672be54000-7f672bfa7000 rw-p 00000000 00:00 0 
7f672bfa7000-7f672c47f000 ---p 00000000 00:00 0 
7f672c47f000-7f672c4d2000 rw-p 00000000 00:00 0 
7f672c4d2000-7f672c9a9000 ---p 00000000 00:00 0 
7f672c9a9000-7f672c9d3000 rw-p 00000000 00:00 0 
7f672c9d3000-7f672cc3f000 ---p 00000000 00:00 0 
7f672cc3f000-7f672cc4a000 rw-p 00000000 00:00 0 
7f672cc4a000-7f672d000000 ---p 00000000 00:00 0 
7f672d000000-7f672d270000 rwxp 00000000 00:00 0 
7f672d270000-7f673c000000 ---p 00000000 00:00 0 
7f673c000000-7f673c4d6000 rw-p 00000000 00:00 0 
7f673c4d6000-7f6740000000 ---p 00000000 00:00 0 
7f674000c000-7f674000d000 ---p 00000000 00:00 0 
7f674000d000-7f674010d000 rw-p 00000000 00:00 0 
7f674010d000-7f674010e000 ---p 00000000 00:00 0 
7f674010e000-7f674020e000 rw-p 00000000 00:00 0 
7f674020e000-7f6740229000 r-xp 00000000 08:02 36322106                   /usr/lib/jvm/java-8-oracle/jre/lib/amd64/libzip.so
7f6740229000-7f6740428000 ---p 0001b000 08:02 36322106                   /usr/lib/jvm/java-8-oracle/jre/lib/amd64/libzip.so
7f6740428000-7f6740429000 r--p 0001a000 08:02 36322106                   /usr/lib/jvm/java-8-oracle/jre/lib/amd64/libzip.so
7f6740429000-7f674042a000 rw-p 0001b000 08:02 36322106                   /usr/lib/jvm/java-8-oracle/jre/lib/amd64/libzip.so
7f674042a000-7f6740435000 r-xp 00000000 08:02 528900                     /lib/x86_64-linux-gnu/libnss_files-2.23.so
7f6740435000-7f6740634000 ---p 0000b000 08:02 528900                     /lib/x86_64-linux-gnu/libnss_files-2.23.so
7f6740634000-7f6740635000 r--p 0000a000 08:02 528900                     /lib/x86_64-linux-gnu/libnss_files-2.23.so
7f6740635000-7f6740636000 rw-p 0000b000 08:02 528900                     /lib/x86_64-linux-gnu/libnss_files-2.23.so
7f6740636000-7f674063c000 rw-p 00000000 00:00 0 
7f674063c000-7f6740647000 r-xp 00000000 08:02 528910                     /lib/x86_64-linux-gnu/libnss_nis-2.23.so
7f6740647000-7f6740846000 ---p 0000b000 08:02 528910                     /lib/x86_64-linux-gnu/libnss_nis-2.23.so
7f6740846000-7f6740847000 r--p 0000a000 08:02 528910                     /lib/x86_64-linux-gnu/libnss_nis-2.23.so
7f6740847000-7f6740848000 rw-p 0000b000 08:02 528910                     /lib/x86_64-linux-gnu/libnss_nis-2.23.so
7f6740848000-7f674085e000 r-xp 00000000 08:02 528894                     /lib/x86_64-linux-gnu/libnsl-2.23.so
7f674085e000-7f6740a5d000 ---p 00016000 08:02 528894                     /lib/x86_64-linux-gnu/libnsl-2.23.so
7f6740a5d000-7f6740a5e000 r--p 00015000 08:02 528894                     /lib/x86_64-linux-gnu/libnsl-2.23.so
7f6740a5e000-7f6740a5f000 rw-p 00016000 08:02 528894                     /lib/x86_64-linux-gnu/libnsl-2.23.so
7f6740a5f000-7f6740a61000 rw-p 00000000 00:00 0 
7f6740a61000-7f6740a69000 r-xp 00000000 08:02 528896                     /lib/x86_64-linux-gnu/libnss_compat-2.23.so
7f6740a69000-7f6740c68000 ---p 00008000 08:02 528896                     /lib/x86_64-linux-gnu/libnss_compat-2.23.so
7f6740c68000-7f6740c69000 r--p 00007000 08:02 528896                     /lib/x86_64-linux-gnu/libnss_compat-2.23.so
7f6740c69000-7f6740c6a000 rw-p 00008000 08:02 528896                     /lib/x86_64-linux-gnu/libnss_compat-2.23.so
7f6740c6a000-7f6740c96000 r-xp 00000000 08:02 36322100                   /usr/lib/jvm/java-8-oracle/jre/lib/amd64/libjava.so
7f6740c96000-7f6740e96000 ---p 0002c000 08:02 36322100                   /usr/lib/jvm/java-8-oracle/jre/lib/amd64/libjava.so
7f6740e96000-7f6740e97000 r--p 0002c000 08:02 36322100                   /usr/lib/jvm/java-8-oracle/jre/lib/amd64/libjava.so
7f6740e97000-7f6740e99000 rw-p 0002d000 08:02 36322100                   /usr/lib/jvm/java-8-oracle/jre/lib/amd64/libjava.so
7f6740e99000-7f6740ea6000 r-xp 00000000 08:02 36322105                   /usr/lib/jvm/java-8-oracle/jre/lib/amd64/libverify.so
7f6740ea6000-7f67410a5000 ---p 0000d000 08:02 36322105                   /usr/lib/jvm/java-8-oracle/jre/lib/amd64/libverify.so
7f67410a5000-7f67410a7000 r--p 0000c000 08:02 36322105                   /usr/lib/jvm/java-8-oracle/jre/lib/amd64/libverify.so
7f67410a7000-7f67410a8000 rw-p 0000e000 08:02 36322105                   /usr/lib/jvm/java-8-oracle/jre/lib/amd64/libverify.so
7f67410a8000-7f67410af000 r-xp 00000000 08:02 528955                     /lib/x86_64-linux-gnu/librt-2.23.so
7f67410af000-7f67412ae000 ---p 00007000 08:02 528955                     /lib/x86_64-linux-gnu/librt-2.23.so
7f67412ae000-7f67412af000 r--p 00006000 08:02 528955                     /lib/x86_64-linux-gnu/librt-2.23.so
7f67412af000-7f67412b0000 rw-p 00007000 08:02 528955                     /lib/x86_64-linux-gnu/librt-2.23.so
7f67412b0000-7f67413b8000 r-xp 00000000 08:02 528871                     /lib/x86_64-linux-gnu/libm-2.23.so
7f67413b8000-7f67415b7000 ---p 00108000 08:02 528871                     /lib/x86_64-linux-gnu/libm-2.23.so
7f67415b7000-7f67415b8000 r--p 00107000 08:02 528871                     /lib/x86_64-linux-gnu/libm-2.23.so
7f67415b8000-7f67415b9000 rw-p 00108000 08:02 528871                     /lib/x86_64-linux-gnu/libm-2.23.so
7f67415b9000-7f67422a1000 r-xp 00000000 08:02 36322082                   /usr/lib/jvm/java-8-oracle/jre/lib/amd64/server/libjvm.so
7f67422a1000-7f67424a0000 ---p 00ce8000 08:02 36322082                   /usr/lib/jvm/java-8-oracle/jre/lib/amd64/server/libjvm.so
7f67424a0000-7f6742536000 r--p 00ce7000 08:02 36322082                   /usr/lib/jvm/java-8-oracle/jre/lib/amd64/server/libjvm.so
7f6742536000-7f6742567000 rw-p 00d7d000 08:02 36322082                   /usr/lib/jvm/java-8-oracle/jre/lib/amd64/server/libjvm.so
7f6742567000-7f67425a2000 rw-p 00000000 00:00 0 
7f67425a2000-7f6742762000 r-xp 00000000 08:02 528801                     /lib/x86_64-linux-gnu/libc-2.23.so
7f6742762000-7f6742962000 ---p 001c0000 08:02 528801                     /lib/x86_64-linux-gnu/libc-2.23.so
7f6742962000-7f6742966000 r--p 001c0000 08:02 528801                     /lib/x86_64-linux-gnu/libc-2.23.so
7f6742966000-7f6742968000 rw-p 001c4000 08:02 528801                     /lib/x86_64-linux-gnu/libc-2.23.so
7f6742968000-7f674296c000 rw-p 00000000 00:00 0 
7f674296c000-7f674296f000 r-xp 00000000 08:02 528825                     /lib/x86_64-linux-gnu/libdl-2.23.so
7f674296f000-7f6742b6e000 ---p 00003000 08:02 528825                     /lib/x86_64-linux-gnu/libdl-2.23.so
7f6742b6e000-7f6742b6f000 r--p 00002000 08:02 528825                     /lib/x86_64-linux-gnu/libdl-2.23.so
7f6742b6f000-7f6742b70000 rw-p 00003000 08:02 528825                     /lib/x86_64-linux-gnu/libdl-2.23.so
7f6742b70000-7f6742b87000 r-xp 00000000 08:02 36322077                   /usr/lib/jvm/java-8-oracle/jre/lib/amd64/jli/libjli.so
7f6742b87000-7f6742d86000 ---p 00017000 08:02 36322077                   /usr/lib/jvm/java-8-oracle/jre/lib/amd64/jli/libjli.so
7f6742d86000-7f6742d87000 r--p 00016000 08:02 36322077                   /usr/lib/jvm/java-8-oracle/jre/lib/amd64/jli/libjli.so
7f6742d87000-7f6742d88000 rw-p 00017000 08:02 36322077                   /usr/lib/jvm/java-8-oracle/jre/lib/amd64/jli/libjli.so
7f6742d88000-7f6742da0000 r-xp 00000000 08:02 528947                     /lib/x86_64-linux-gnu/libpthread-2.23.so
7f6742da0000-7f6742f9f000 ---p 00018000 08:02 528947                     /lib/x86_64-linux-gnu/libpthread-2.23.so
7f6742f9f000-7f6742fa0000 r--p 00017000 08:02 528947                     /lib/x86_64-linux-gnu/libpthread-2.23.so
7f6742fa0000-7f6742fa1000 rw-p 00018000 08:02 528947                     /lib/x86_64-linux-gnu/libpthread-2.23.so
7f6742fa1000-7f6742fa5000 rw-p 00000000 00:00 0 
7f6742fa5000-7f6742fcb000 r-xp 00000000 08:02 528773                     /lib/x86_64-linux-gnu/ld-2.23.so
7f6742fe5000-7f6743001000 r--s 00393000 08:02 36321954                   /usr/lib/jvm/java-8-oracle/jre/lib/ext/cldrdata.jar
7f6743001000-7f67430aa000 rw-p 00000000 00:00 0 
7f67430aa000-7f67430ad000 ---p 00000000 00:00 0 
7f67430ad000-7f67431b0000 rw-p 00000000 00:00 0 
7f67431b2000-7f67431bc000 r--s 00116000 08:02 36321961                   /usr/lib/jvm/java-8-oracle/jre/lib/ext/localedata.jar
7f67431bc000-7f67431c0000 r--s 000a1000 08:02 36321950                   /usr/lib/jvm/java-8-oracle/jre/lib/jsse.jar
7f67431c0000-7f67431c8000 rw-s 00000000 08:02 38409545                   /tmp/hsperfdata_pawel/4536
7f67431c8000-7f67431c9000 rw-p 00000000 00:00 0 
7f67431c9000-7f67431ca000 r--p 00000000 00:00 0 
7f67431ca000-7f67431cb000 r--p 00025000 08:02 528773                     /lib/x86_64-linux-gnu/ld-2.23.so
7f67431cb000-7f67431cc000 rw-p 00026000 08:02 528773                     /lib/x86_64-linux-gnu/ld-2.23.so
7f67431cc000-7f67431cd000 rw-p 00000000 00:00 0 
7fff1afb1000-7fff1afd3000 rw-p 00000000 00:00 0                          [stack]
7fff1aff8000-7fff1affb000 r--p 00000000 00:00 0                          [vvar]
7fff1affb000-7fff1affd000 r-xp 00000000 00:00 0                          [vdso]
ffffffffff600000-ffffffffff601000 r-xp 00000000 00:00 0                  [vsyscall]

VM Arguments:
java_command: /home/pawel/codem/nodeServerReact/app/services/convert-0.0.1-SNAPSHOT.jar -f html -i /home/pawel/codem/nodeServerReact/app/services/docx_Test.docx -o /home/pawel/codem/nodeServerReact/public/loads/docx.html
java_class_path (initial): /home/pawel/codem/nodeServerReact/app/services/convert-0.0.1-SNAPSHOT.jar
Launcher Type: SUN_STANDARD

Environment Variables:
PATH=/usr/local/lib/node_modules/npm/node_modules/npm-lifecycle/node-gyp-bin:/home/pawel/codem/nodeServerReact/node_modules/.bin:/home/pawel/bin:/home/pawel/.local/bin:/usr/local/sbin:/usr/local/bin:/usr/sbin:/usr/bin:/sbin:/bin:/usr/games:/usr/local/games:/snap/bin
SHELL=/bin/bash
DISPLAY=:0

Signal Handlers:
SIGSEGV: [libjvm.so+0xad3e60], sa_mask[0]=11111111011111111101111111111110, sa_flags=SA_RESTART|SA_SIGINFO
SIGBUS: [libjvm.so+0xad3e60], sa_mask[0]=11111111011111111101111111111110, sa_flags=SA_RESTART|SA_SIGINFO
SIGFPE: [libjvm.so+0x90b880], sa_mask[0]=11111111011111111101111111111110, sa_flags=SA_RESTART|SA_SIGINFO
SIGPIPE: [libjvm.so+0x90b880], sa_mask[0]=11111111011111111101111111111110, sa_flags=SA_RESTART|SA_SIGINFO
SIGXFSZ: [libjvm.so+0x90b880], sa_mask[0]=11111111011111111101111111111110, sa_flags=SA_RESTART|SA_SIGINFO
SIGILL: [libjvm.so+0x90b880], sa_mask[0]=11111111011111111101111111111110, sa_flags=SA_RESTART|SA_SIGINFO
SIGUSR1: SIG_DFL, sa_mask[0]=00000000000000000000000000000000, sa_flags=none
SIGUSR2: [libjvm.so+0x90b750], sa_mask[0]=00000000000000000000000000000000, sa_flags=SA_RESTART|SA_SIGINFO
SIGHUP: [libjvm.so+0x90bd70], sa_mask[0]=11111111011111111101111111111110, sa_flags=SA_RESTART|SA_SIGINFO
SIGINT: [libjvm.so+0x90bd70], sa_mask[0]=11111111011111111101111111111110, sa_flags=SA_RESTART|SA_SIGINFO
SIGTERM: [libjvm.so+0x90bd70], sa_mask[0]=11111111011111111101111111111110, sa_flags=SA_RESTART|SA_SIGINFO
SIGQUIT: [libjvm.so+0x90bd70], sa_mask[0]=11111111011111111101111111111110, sa_flags=SA_RESTART|SA_SIGINFO


---------------  S Y S T E M  ---------------

OS:DISTRIB_ID=Ubuntu
DISTRIB_RELEASE=16.04
DISTRIB_CODENAME=xenial
DISTRIB_DESCRIPTION="Ubuntu 16.04.5 LTS"

uname:Linux 4.15.0-45-generic #48~16.04.1-Ubuntu SMP Tue Jan 29 18:03:48 UTC 2019 x86_64
libc:glibc 2.23 NPTL 2.23 
rlimit: STACK 8192k, CORE 0k, NPROC 63036, NOFILE 1048576, AS infinity
load average:1,70 0,98 0,94

/proc/meminfo:
MemTotal:       16245772 kB
MemFree:         3659188 kB
MemAvailable:    7799088 kB
Buffers:         1102876 kB
Cached:          4028100 kB
SwapCached:            0 kB
Active:          8503880 kB
Inactive:        3032832 kB
Active(anon):    6270212 kB
Inactive(anon):  1434620 kB
Active(file):    2233668 kB
Inactive(file):  1598212 kB
Unevictable:          64 kB
Mlocked:              64 kB
SwapTotal:       8208380 kB
SwapFree:        8208380 kB
Dirty:              1528 kB
Writeback:             0 kB
AnonPages:       6405872 kB
Mapped:          1063148 kB
Shmem:           1511884 kB
Slab:             767176 kB
SReclaimable:     650248 kB
SUnreclaim:       116928 kB
KernelStack:       26056 kB
PageTables:       119280 kB
NFS_Unstable:          0 kB
Bounce:                0 kB
WritebackTmp:          0 kB
CommitLimit:    16331264 kB
Committed_AS:   21801116 kB
VmallocTotal:   34359738367 kB
VmallocUsed:           0 kB
VmallocChunk:          0 kB
HardwareCorrupted:     0 kB
AnonHugePages:      2048 kB
ShmemHugePages:        0 kB
ShmemPmdMapped:        0 kB
CmaTotal:              0 kB
CmaFree:               0 kB
HugePages_Total:       0
HugePages_Free:        0
HugePages_Rsvd:        0
HugePages_Surp:        0
Hugepagesize:       2048 kB
DirectMap4k:      891600 kB
DirectMap2M:    15706112 kB
DirectMap1G:     2097152 kB

container (cgroup) information:
container_type: cgroupv1
cpu_cpuset_cpus: 0-3
cpu_memory_nodes: 0
active_processor_count: 4
cpu_quota: -1
cpu_period: 100000
cpu_shares: -1
memory_limit_in_bytes: -1
memory_and_swap_limit_in_bytes: -2
memory_soft_limit_in_bytes: -1
memory_usage_in_bytes: 11814010880
memory_max_usage_in_bytes: 144596992


CPU:total 4 (initial active 4) (4 cores per cpu, 1 threads per core) family 6 model 92 stepping 9, cmov, cx8, fxsr, mmx, sse, sse2, sse3, ssse3, sse4.1, sse4.2, popcnt, aes, clmul, erms, 3dnowpref, tsc, tscinvbit

/proc/cpuinfo:
processor	: 0
vendor_id	: GenuineIntel
cpu family	: 6
model		: 92
model name	: Intel(R) Pentium(R) CPU N4200 @ 1.10GHz
stepping	: 9
microcode	: 0x32
cpu MHz		: 2090.196
cache size	: 1024 KB
physical id	: 0
siblings	: 4
core id		: 0
cpu cores	: 4
apicid		: 0
initial apicid	: 0
fpu		: yes
fpu_exception	: yes
cpuid level	: 21
wp		: yes
flags		: fpu vme de pse tsc msr pae mce cx8 apic sep mtrr pge mca cmov pat pse36 clflush dts acpi mmx fxsr sse sse2 ss ht tm pbe syscall nx pdpe1gb rdtscp lm constant_tsc art arch_perfmon pebs bts rep_good nopl xtopology tsc_reliable nonstop_tsc cpuid aperfmperf tsc_known_freq pni pclmulqdq dtes64 monitor ds_cpl vmx est tm2 ssse3 sdbg cx16 xtpr pdcm sse4_1 sse4_2 x2apic movbe popcnt tsc_deadline_timer aes xsave rdrand lahf_lm 3dnowprefetch cpuid_fault cat_l2 ibrs ibpb stibp tpr_shadow vnmi flexpriority ept vpid fsgsbase tsc_adjust smep erms mpx rdt_a rdseed smap clflushopt intel_pt sha_ni xsaveopt xsavec xgetbv1 xsaves dtherm ida arat pln pts arch_capabilities
bugs		: monitor spectre_v1 spectre_v2
bogomips	: 2188.80
clflush size	: 64
cache_alignment	: 64
address sizes	: 39 bits physical, 48 bits virtual
power management:

processor	: 1
vendor_id	: GenuineIntel
cpu family	: 6
model		: 92
model name	: Intel(R) Pentium(R) CPU N4200 @ 1.10GHz
stepping	: 9
microcode	: 0x32
cpu MHz		: 2094.007
cache size	: 1024 KB
physical id	: 0
siblings	: 4
core id		: 1
cpu cores	: 4
apicid		: 2
initial apicid	: 2
fpu		: yes
fpu_exception	: yes
cpuid level	: 21
wp		: yes
flags		: fpu vme de pse tsc msr pae mce cx8 apic sep mtrr pge mca cmov pat pse36 clflush dts acpi mmx fxsr sse sse2 ss ht tm pbe syscall nx pdpe1gb rdtscp lm constant_tsc art arch_perfmon pebs bts rep_good nopl xtopology tsc_reliable nonstop_tsc cpuid aperfmperf tsc_known_freq pni pclmulqdq dtes64 monitor ds_cpl vmx est tm2 ssse3 sdbg cx16 xtpr pdcm sse4_1 sse4_2 x2apic movbe popcnt tsc_deadline_timer aes xsave rdrand lahf_lm 3dnowprefetch cpuid_fault cat_l2 ibrs ibpb stibp tpr_shadow vnmi flexpriority ept vpid fsgsbase tsc_adjust smep erms mpx rdt_a rdseed smap clflushopt intel_pt sha_ni xsaveopt xsavec xgetbv1 xsaves dtherm ida arat pln pts arch_capabilities
bugs		: monitor spectre_v1 spectre_v2
bogomips	: 2188.80
clflush size	: 64
cache_alignment	: 64
address sizes	: 39 bits physical, 48 bits virtual
power management:

processor	: 2
vendor_id	: GenuineIntel
cpu family	: 6
model		: 92
model name	: Intel(R) Pentium(R) CPU N4200 @ 1.10GHz
stepping	: 9
microcode	: 0x32
cpu MHz		: 2096.693
cache size	: 1024 KB
physical id	: 0
siblings	: 4
core id		: 2
cpu cores	: 4
apicid		: 4
initial apicid	: 4
fpu		: yes
fpu_exception	: yes
cpuid level	: 21
wp		: yes
flags		: fpu vme de pse tsc msr pae mce cx8 apic sep mtrr pge mca cmov pat pse36 clflush dts acpi mmx fxsr sse sse2 ss ht tm pbe syscall nx pdpe1gb rdtscp lm constant_tsc art arch_perfmon pebs bts rep_good nopl xtopology tsc_reliable nonstop_tsc cpuid aperfmperf tsc_known_freq pni pclmulqdq dtes64 monitor ds_cpl vmx est tm2 ssse3 sdbg cx16 xtpr pdcm sse4_1 sse4_2 x2apic movbe popcnt tsc_deadline_timer aes xsave rdrand lahf_lm 3dnowprefetch cpuid_fault cat_l2 tpr_shadow vnmi flexpriority ept vpid fsgsbase tsc_adjust smep erms mpx rdt_a rdseed smap clflushopt intel_pt sha_ni xsaveopt xsavec xgetbv1 xsaves dtherm ida arat pln pts
bugs		: monitor spectre_v1 spectre_v2
bogomips	: 2188.80
clflush size	: 64
cache_alignment	: 64
address sizes	: 39 bits physical, 48 bits virtual
power management:

processor	: 3
vendor_id	: GenuineIntel
cpu family	: 6
model		: 92
model name	: Intel(R) Pentium(R) CPU N4200 @ 1.10GHz
stepping	: 9
microcode	: 0x32
cpu MHz		: 2099.248
cache size	: 1024 KB
physical id	: 0
siblings	: 4
core id		: 3
cpu cores	: 4
apicid		: 6
initial apicid	: 6
fpu		: yes
fpu_exception	: yes
cpuid level	: 21
wp		: yes
flags		: fpu vme de pse tsc msr pae mce cx8 apic sep mtrr pge mca cmov pat pse36 clflush dts acpi mmx fxsr sse sse2 ss ht tm pbe syscall nx pdpe1gb rdtscp lm constant_tsc art arch_perfmon pebs bts rep_good nopl xtopology tsc_reliable nonstop_tsc cpuid aperfmperf tsc_known_freq pni pclmulqdq dtes64 monitor ds_cpl vmx est tm2 ssse3 sdbg cx16 xtpr pdcm sse4_1 sse4_2 x2apic movbe popcnt tsc_deadline_timer aes xsave rdrand lahf_lm 3dnowprefetch cpuid_fault cat_l2 ibrs ibpb stibp tpr_shadow vnmi flexpriority ept vpid fsgsbase tsc_adjust smep erms mpx rdt_a rdseed smap clflushopt intel_pt sha_ni xsaveopt xsavec xgetbv1 xsaves dtherm ida arat pln pts arch_capabilities
bugs		: monitor spectre_v1 spectre_v2
bogomips	: 2188.80
clflush size	: 64
cache_alignment	: 64
address sizes	: 39 bits physical, 48 bits virtual
power management:



Memory: 4k page, physical 16245772k(3660252k free), swap 8208380k(8208380k free)

vm_info: Java HotSpot(TM) 64-Bit Server VM (25.201-b09) for linux-amd64 JRE (1.8.0_201-b09), built on Dec 15 2018 11:35:59 by "java_re" with gcc 7.3.0

time: Tue Mar 12 10:39:31 2019
timezone: CET
elapsed time: 33 seconds (0d 0h 0m 33s)

