#
# A fatal error has been detected by the Java Runtime Environment:
#
#  SIGSEGV (0xb) at pc=0x00007f4bd6a7f783, pid=4137, tid=0x00007f4bd7d67700
#
# JRE version: Java(TM) SE Runtime Environment (8.0_201-b09) (build 1.8.0_201-b09)
# Java VM: Java HotSpot(TM) 64-Bit Server VM (25.201-b09 mixed mode linux-amd64 compressed oops)
# Problematic frame:
# V  [libjvm.so+0x90b783]  SR_handler(int, siginfo*, ucontext*)+0x33
#
# Failed to write core dump. Core dumps have been disabled. To enable core dumping, try "ulimit -c unlimited" before starting Java again
#
# If you would like to submit a bug report, please visit:
#   http://bugreport.java.com/bugreport/crash.jsp
#

---------------  T H R E A D  ---------------

Current thread is native thread

siginfo: si_signo: 11 (SIGSEGV), si_code: 1 (SEGV_MAPERR), si_addr: 0x0000000000000128

Registers:
RAX=0x0000000000000000, RBX=0x00007f4bd7d65700, RCX=0x00007f4bd794b98d, RDX=0x00007f4bd7d67a20
RSP=0x00007ffe51bf4e80, RBP=0x00007ffe51bf4f30, RSI=0x00007ffe51bf5070, RDI=0x0000000000000001
R8 =0x00000000000000ca, R9 =0x00007f4bd7d659d0, R10=0x0000000000000000, R11=0x0000000000000246
R12=0x00007f4bd7d67698, R13=0x0000000000000000, R14=0x00007ffe51bf5070, R15=0x00007ffe51bf4f40
RIP=0x00007f4bd6a7f783, EFLAGS=0x0000000000010246, CSGSFS=0x002b000000000033, ERR=0x0000000000000004
  TRAPNO=0x000000000000000e

Top of Stack: (sp=0x00007ffe51bf4e80)
0x00007ffe51bf4e80:   00007f4bd7d69000 00007ffe51bf4f28
0x00007ffe51bf4e90:   00007ffe51bf4f24 00007f4bd71d3a49
0x00007ffe51bf4ea0:   00000000fbad8001 00007f4bd716f0c9
0x00007ffe51bf4eb0:   00007f4bd7165550 00007ffe51bf4f28
0x00007ffe51bf4ec0:   00000000f5e616f3 0000000003d7985b
0x00007ffe51bf4ed0:   00007ffe00000033 00007ffe51bf5000
0x00007ffe51bf4ee0:   00007f4bd716dff8 00007f4bd7160d80
0x00007ffe51bf4ef0:   00007ffe51bf4f24 00007ffe51bf4ff0
0x00007ffe51bf4f00:   00007f4bd7d695d8 00007f4bd7d65700
0x00007ffe51bf4f10:   00007ffe51bf5600 0000000000000000
0x00007ffe51bf4f20:   00007f4bd7d67700 00007f4bd7d65d28
0x00007ffe51bf4f30:   00007ffe51bf5668 00007f4bd7954390
0x00007ffe51bf4f40:   0000000000000007 0000000000000000
0x00007ffe51bf4f50:   0000000000000000 00007f4b00000002
0x00007ffe51bf4f60:   0000000000000000 00000000000000ca
0x00007ffe51bf4f70:   00007f4bd7d659d0 0000000000000000
0x00007ffe51bf4f80:   0000000000000246 00007ffe51bf5600
0x00007ffe51bf4f90:   0000000000000000 00007f4bd7d67700
0x00007ffe51bf4fa0:   00007f4bd7d65d28 00007f4bd7d659d0
0x00007ffe51bf4fb0:   0000000000000000 00007ffe51bf5668
0x00007ffe51bf4fc0:   00007f4bd7d65700 000000000000102a
0x00007ffe51bf4fd0:   00000000000000ca 00007f4bd794b98d
0x00007ffe51bf4fe0:   00007ffe51bf55f0 00007f4bd794b98b
0x00007ffe51bf4ff0:   0000000000000246 002b000000000033
0x00007ffe51bf5000:   0000000000000000 0000000000000000
0x00007ffe51bf5010:   0000000000000000 0000000000000000
0x00007ffe51bf5020:   00007ffe51bf5100 00007ffe51bf50e0
0x00007ffe51bf5030:   0000000000000000 00007ffe00000000
0x00007ffe51bf5040:   0000000000000000 00007ffe51bf5120
0x00007ffe51bf5050:   0000000000000000 0000000000000000
0x00007ffe51bf5060:   00007ffe51bf50f0 0000000000000000
0x00007ffe51bf5070:   000000000000000c 0000000000000000 

Instructions: (pc=0x00007f4bd6a7f783)
0x00007f4bd6a7f763:   48 81 ec 88 00 00 00 e8 81 1d 8f ff 44 8b 28 49
0x00007f4bd6a7f773:   89 c4 48 8d 05 2c 61 68 00 8b 38 e8 15 2c 8f ff
0x00007f4bd6a7f783:   48 8b 98 28 01 00 00 8b 83 a8 00 00 00 83 f8 01
0x00007f4bd6a7f793:   74 1b 45 89 2c 24 48 81 c4 88 00 00 00 5b 41 5c 

Register to memory mapping:

RAX=0x0000000000000000 is an unknown value
RBX=0x00007f4bd7d65700 is pointing into the stack for thread: 0x00007f4bd000a800
RCX=0x00007f4bd794b98d: pthread_join+0xbd in /lib/x86_64-linux-gnu/libpthread.so.0 at 0x00007f4bd7943000
RDX=0x00007f4bd7d67a20 is an unknown value
RSP=0x00007ffe51bf4e80 is an unknown value
RBP=0x00007ffe51bf4f30 is an unknown value
RSI=0x00007ffe51bf5070 is an unknown value
RDI=0x0000000000000001 is an unknown value
R8 =0x00000000000000ca is an unknown value
R9 =0x00007f4bd7d659d0 is pointing into the stack for thread: 0x00007f4bd000a800
R10=0x0000000000000000 is an unknown value
R11=0x0000000000000246 is an unknown value
R12=0x00007f4bd7d67698 is an unknown value
R13=0x0000000000000000 is an unknown value
R14=0x00007ffe51bf5070 is an unknown value
R15=0x00007ffe51bf4f40 is an unknown value


Stack: [0x00007ffe51afd000,0x00007ffe51bfd000],  sp=0x00007ffe51bf4e80,  free space=991k
Native frames: (J=compiled Java code, j=interpreted, Vv=VM code, C=native code)
V  [libjvm.so+0x90b783]  SR_handler(int, siginfo*, ucontext*)+0x33
C  [libpthread.so.0+0x11390]


---------------  P R O C E S S  ---------------

VM state:not at safepoint (normal execution)

VM Mutex/Monitor currently owned by a thread: None

heap address: 0x00000006c8000000, size: 3968 MB, Compressed Oops mode: Zero based, Oop shift amount: 3
Narrow klass base: 0x0000000000000000, Narrow klass shift: 3
Compressed class space size: 1073741824 Address: 0x00000007c0000000

Heap:
 PSYoungGen      total 74240K, used 9818K [0x000000076d580000, 0x0000000772800000, 0x00000007c0000000)
  eden space 64000K, 15% used [0x000000076d580000,0x000000076df16bc0,0x0000000771400000)
  from space 10240K, 0% used [0x0000000771e00000,0x0000000771e00000,0x0000000772800000)
  to   space 10240K, 0% used [0x0000000771400000,0x0000000771400000,0x0000000771e00000)
 ParOldGen       total 169472K, used 0K [0x00000006c8000000, 0x00000006d2580000, 0x000000076d580000)
  object space 169472K, 0% used [0x00000006c8000000,0x00000006c8000000,0x00000006d2580000)
 Metaspace       used 5303K, capacity 5506K, committed 5632K, reserved 1056768K
  class space    used 585K, capacity 647K, committed 768K, reserved 1048576K

Card table byte_map: [0x00007f4bd4248000,0x00007f4bd4a09000] byte_map_base: 0x00007f4bd0c08000

Marking Bits: (ParMarkBitMap*) 0x00007f4bd713fd80
 Begin Bits: [0x00007f4bb8cd3000, 0x00007f4bbcad3000)
 End Bits:   [0x00007f4bbcad3000, 0x00007f4bc08d3000)

Polling page: 0x00007f4bd7d84000

CodeCache: size=245760Kb used=1909Kb max_used=1943Kb free=243850Kb
 bounds [0x00007f4bc1000000, 0x00007f4bc1270000, 0x00007f4bd0000000]
 total_blobs=643 nmethods=351 adapters=207
 compilation: enabled

Compilation events (10 events):
Event: 0,611 Thread 0x00007f4bd0185800 nmethod 346 0x00007f4bc11c9f10 code [0x00007f4bc11ca080, 0x00007f4bc11ca228]
Event: 0,612 Thread 0x00007f4bd0185800  347       3       java.lang.invoke.MemberName::initResolved (53 bytes)
Event: 0,612 Thread 0x00007f4bd0183800  348       4       java.util.concurrent.ConcurrentHashMap::setTabAt (19 bytes)
Event: 0,613 Thread 0x00007f4bd0185800 nmethod 347 0x00007f4bc11ca310 code [0x00007f4bc11ca480, 0x00007f4bc11ca650]
Event: 0,613 Thread 0x00007f4bd0185800  350       3       java.lang.invoke.MethodType::parameterCount (6 bytes)
Event: 0,613 Thread 0x00007f4bd0185800 nmethod 350 0x00007f4bc11ca6d0 code [0x00007f4bc11ca840, 0x00007f4bc11ca9b0]
Event: 0,613 Thread 0x00007f4bd0183800 nmethod 348 0x00007f4bc11cd6d0 code [0x00007f4bc11cd800, 0x00007f4bc11cd878]
Event: 0,615 Thread 0x00007f4bd0185800  351       3       sun.invoke.util.BytecodeDescriptor::unparseSig (75 bytes)
Event: 0,617 Thread 0x00007f4bd0185800 nmethod 351 0x00007f4bc11cadd0 code [0x00007f4bc11cb0c0, 0x00007f4bc11cc878]
Event: 0,632 Thread 0x00007f4bd0180800 nmethod 112 0x00007f4bc11d61d0 code [0x00007f4bc11d68c0, 0x00007f4bc11dc378]

GC Heap History (0 events):
No events

Deoptimization events (2 events):
Event: 0,351 Thread 0x00007f4bd000a800 Uncommon trap: reason=unstable_if action=reinterpret pc=0x00007f4bc1149eb8 method=java.util.HashMap.get(Ljava/lang/Object;)Ljava/lang/Object; @ 11
Event: 0,383 Thread 0x00007f4bd000a800 Uncommon trap: reason=unstable_if action=reinterpret pc=0x00007f4bc114a5b8 method=java.util.HashMap.getNode(ILjava/lang/Object;)Ljava/util/HashMap$Node; @ 49

Classes redefined (0 events):
No events

Internal exceptions (9 events):
Event: 0,053 Thread 0x00007f4bd000a800 Exception <a 'java/lang/NoSuchMethodError': Method sun.misc.Unsafe.defineClass(Ljava/lang/String;[BII)Ljava/lang/Class; name or signature does not match> (0x000000076d587cb0) thrown at [/HUDSON/workspace/8-2-build-linux-amd64/jdk8u201/12317/hotspot/src/sh
Event: 0,053 Thread 0x00007f4bd000a800 Exception <a 'java/lang/NoSuchMethodError': Method sun.misc.Unsafe.prefetchRead(Ljava/lang/Object;J)V name or signature does not match> (0x000000076d587f98) thrown at [/HUDSON/workspace/8-2-build-linux-amd64/jdk8u201/12317/hotspot/src/share/vm/prims/jni.c
Event: 0,351 Thread 0x00007f4bd000a800 Implicit null exception at 0x00007f4bc1149d41 to 0x00007f4bc1149ead
Event: 0,404 Thread 0x00007f4bd000a800 Exception <a 'java/security/PrivilegedActionException'> (0x000000076dcc1c68) thrown at [/HUDSON/workspace/8-2-build-linux-amd64/jdk8u201/12317/hotspot/src/share/vm/prims/jvm.cpp, line 1502]
Event: 0,404 Thread 0x00007f4bd000a800 Exception <a 'java/security/PrivilegedActionException'> (0x000000076dcc2060) thrown at [/HUDSON/workspace/8-2-build-linux-amd64/jdk8u201/12317/hotspot/src/share/vm/prims/jvm.cpp, line 1502]
Event: 0,404 Thread 0x00007f4bd000a800 Exception <a 'java/security/PrivilegedActionException'> (0x000000076dcc46b0) thrown at [/HUDSON/workspace/8-2-build-linux-amd64/jdk8u201/12317/hotspot/src/share/vm/prims/jvm.cpp, line 1502]
Event: 0,404 Thread 0x00007f4bd000a800 Exception <a 'java/security/PrivilegedActionException'> (0x000000076dcc4aa8) thrown at [/HUDSON/workspace/8-2-build-linux-amd64/jdk8u201/12317/hotspot/src/share/vm/prims/jvm.cpp, line 1502]
Event: 0,550 Thread 0x00007f4bd000a800 Exception <a 'java/lang/NoSuchFieldError': method resolution failed> (0x000000076ddcdec8) thrown at [/HUDSON/workspace/8-2-build-linux-amd64/jdk8u201/12317/hotspot/src/share/vm/prims/methodHandles.cpp, line 1167]
Event: 0,555 Thread 0x00007f4bd000a800 Exception <a 'java/lang/NoSuchFieldError': method resolution failed> (0x000000076dddb330) thrown at [/HUDSON/workspace/8-2-build-linux-amd64/jdk8u201/12317/hotspot/src/share/vm/prims/methodHandles.cpp, line 1167]

Events (10 events):
Event: 0,611 loading class java/lang/UNIXProcess$ProcessPipeOutputStream done
Event: 0,611 loading class java/lang/UNIXProcess$ProcessPipeInputStream
Event: 0,611 loading class java/lang/UNIXProcess$ProcessPipeInputStream done
Event: 0,611 Executing VM operation: Deoptimize
Event: 0,611 Executing VM operation: Deoptimize done
Event: 0,614 loading class java/util/concurrent/ThreadPoolExecutor$Worker
Event: 0,614 loading class java/util/concurrent/ThreadPoolExecutor$Worker done
Event: 0,615 Thread 0x00007f4bd0300800 Thread added: 0x00007f4bd0300800
Event: 4,134 Executing VM operation: EnableBiasedLocking
Event: 4,134 Executing VM operation: EnableBiasedLocking done


Dynamic libraries:
00400000-00401000 r-xp 00000000 08:02 36321787                           /usr/lib/jvm/java-8-oracle/jre/bin/java
00600000-00601000 r--p 00000000 08:02 36321787                           /usr/lib/jvm/java-8-oracle/jre/bin/java
00601000-00602000 rw-p 00001000 08:02 36321787                           /usr/lib/jvm/java-8-oracle/jre/bin/java
00ecf000-0119d000 rw-p 00000000 00:00 0                                  [heap]
6c8000000-6d2580000 rw-p 00000000 00:00 0 
6d2580000-76d580000 ---p 00000000 00:00 0 
76d580000-772800000 rw-p 00000000 00:00 0 
772800000-7c0000000 ---p 00000000 00:00 0 
7c0000000-7c00c0000 rw-p 00000000 00:00 0 
7c00c0000-800000000 ---p 00000000 00:00 0 
7f4b7c000000-7f4b7c021000 rw-p 00000000 00:00 0 
7f4b7c021000-7f4b80000000 ---p 00000000 00:00 0 
7f4b80000000-7f4b80021000 rw-p 00000000 00:00 0 
7f4b80021000-7f4b84000000 ---p 00000000 00:00 0 
7f4b84000000-7f4b84341000 rw-p 00000000 00:00 0 
7f4b84341000-7f4b88000000 ---p 00000000 00:00 0 
7f4b88000000-7f4b88021000 rw-p 00000000 00:00 0 
7f4b88021000-7f4b8c000000 ---p 00000000 00:00 0 
7f4b8c000000-7f4b8c625000 rw-p 00000000 00:00 0 
7f4b8c625000-7f4b90000000 ---p 00000000 00:00 0 
7f4b90000000-7f4b903ba000 rw-p 00000000 00:00 0 
7f4b903ba000-7f4b94000000 ---p 00000000 00:00 0 
7f4b94000000-7f4b94021000 rw-p 00000000 00:00 0 
7f4b94021000-7f4b98000000 ---p 00000000 00:00 0 
7f4b98000000-7f4b98021000 rw-p 00000000 00:00 0 
7f4b98021000-7f4b9c000000 ---p 00000000 00:00 0 
7f4b9c000000-7f4b9c021000 rw-p 00000000 00:00 0 
7f4b9c021000-7f4ba0000000 ---p 00000000 00:00 0 
7f4ba0000000-7f4ba0021000 rw-p 00000000 00:00 0 
7f4ba0021000-7f4ba4000000 ---p 00000000 00:00 0 
7f4ba4000000-7f4ba4021000 rw-p 00000000 00:00 0 
7f4ba4021000-7f4ba8000000 ---p 00000000 00:00 0 
7f4ba8000000-7f4ba8021000 rw-p 00000000 00:00 0 
7f4ba8021000-7f4bac000000 ---p 00000000 00:00 0 
7f4bac000000-7f4bac021000 rw-p 00000000 00:00 0 
7f4bac021000-7f4bb0000000 ---p 00000000 00:00 0 
7f4bb182b000-7f4bb182c000 ---p 00000000 00:00 0 
7f4bb182c000-7f4bb192c000 rw-p 00000000 00:00 0 
7f4bb192c000-7f4bb192f000 ---p 00000000 00:00 0 
7f4bb192f000-7f4bb1a2d000 rw-p 00000000 00:00 0 
7f4bb1a2d000-7f4bb1a30000 ---p 00000000 00:00 0 
7f4bb1a30000-7f4bb1b2e000 rw-p 00000000 00:00 0 
7f4bb1b2e000-7f4bb1b31000 ---p 00000000 00:00 0 
7f4bb1b31000-7f4bb1c2f000 rw-p 00000000 00:00 0 
7f4bb1c2f000-7f4bb1c32000 ---p 00000000 00:00 0 
7f4bb1c32000-7f4bb1d30000 rw-p 00000000 00:00 0 
7f4bb1d30000-7f4bb1d33000 ---p 00000000 00:00 0 
7f4bb1d33000-7f4bb1e31000 rw-p 00000000 00:00 0 
7f4bb1e31000-7f4bb27f0000 r--p 00000000 08:02 36313964                   /usr/lib/locale/locale-archive
7f4bb27f0000-7f4bb27f3000 ---p 00000000 00:00 0 
7f4bb27f3000-7f4bb28f1000 rw-p 00000000 00:00 0 
7f4bb28f1000-7f4bb28f4000 ---p 00000000 00:00 0 
7f4bb28f4000-7f4bb29f2000 rw-p 00000000 00:00 0 
7f4bb29f2000-7f4bb29f3000 ---p 00000000 00:00 0 
7f4bb29f3000-7f4bb3cc0000 rw-p 00000000 00:00 0 
7f4bb3cc0000-7f4bb4000000 ---p 00000000 00:00 0 
7f4bb4000000-7f4bb4021000 rw-p 00000000 00:00 0 
7f4bb4021000-7f4bb8000000 ---p 00000000 00:00 0 
7f4bb8039000-7f4bb803c000 ---p 00000000 00:00 0 
7f4bb803c000-7f4bb82c3000 rw-p 00000000 00:00 0 
7f4bb82c3000-7f4bb849d000 r--s 03d6f000 08:02 36321893                   /usr/lib/jvm/java-8-oracle/jre/lib/rt.jar
7f4bb849d000-7f4bc08d3000 rw-p 00000000 00:00 0 
7f4bc08d3000-7f4bc08d4000 ---p 00000000 00:00 0 
7f4bc08d4000-7f4bc09d4000 rw-p 00000000 00:00 0 
7f4bc09d4000-7f4bc09d5000 ---p 00000000 00:00 0 
7f4bc09d5000-7f4bc0b28000 rw-p 00000000 00:00 0 
7f4bc0b28000-7f4bc1000000 ---p 00000000 00:00 0 
7f4bc1000000-7f4bc1270000 rwxp 00000000 00:00 0 
7f4bc1270000-7f4bd0000000 ---p 00000000 00:00 0 
7f4bd0000000-7f4bd04d2000 rw-p 00000000 00:00 0 
7f4bd04d2000-7f4bd4000000 ---p 00000000 00:00 0 
7f4bd4006000-7f4bd4046000 r--s 00396000 08:02 43521301                   /home/pawel/codem/nodeServerReact/app/services/convert-0.0.1-SNAPSHOT.jar
7f4bd4046000-7f4bd4047000 ---p 00000000 00:00 0 
7f4bd4047000-7f4bd4147000 rw-p 00000000 00:00 0 
7f4bd4147000-7f4bd4148000 ---p 00000000 00:00 0 
7f4bd4148000-7f4bd429b000 rw-p 00000000 00:00 0 
7f4bd429b000-7f4bd4772000 ---p 00000000 00:00 0 
7f4bd4772000-7f4bd479c000 rw-p 00000000 00:00 0 
7f4bd479c000-7f4bd4a08000 ---p 00000000 00:00 0 
7f4bd4a08000-7f4bd4a13000 rw-p 00000000 00:00 0 
7f4bd4a13000-7f4bd4dc9000 ---p 00000000 00:00 0 
7f4bd4dc9000-7f4bd4de4000 r-xp 00000000 08:02 36322106                   /usr/lib/jvm/java-8-oracle/jre/lib/amd64/libzip.so
7f4bd4de4000-7f4bd4fe3000 ---p 0001b000 08:02 36322106                   /usr/lib/jvm/java-8-oracle/jre/lib/amd64/libzip.so
7f4bd4fe3000-7f4bd4fe4000 r--p 0001a000 08:02 36322106                   /usr/lib/jvm/java-8-oracle/jre/lib/amd64/libzip.so
7f4bd4fe4000-7f4bd4fe5000 rw-p 0001b000 08:02 36322106                   /usr/lib/jvm/java-8-oracle/jre/lib/amd64/libzip.so
7f4bd4fe5000-7f4bd4ff0000 r-xp 00000000 08:02 528900                     /lib/x86_64-linux-gnu/libnss_files-2.23.so
7f4bd4ff0000-7f4bd51ef000 ---p 0000b000 08:02 528900                     /lib/x86_64-linux-gnu/libnss_files-2.23.so
7f4bd51ef000-7f4bd51f0000 r--p 0000a000 08:02 528900                     /lib/x86_64-linux-gnu/libnss_files-2.23.so
7f4bd51f0000-7f4bd51f1000 rw-p 0000b000 08:02 528900                     /lib/x86_64-linux-gnu/libnss_files-2.23.so
7f4bd51f1000-7f4bd51f7000 rw-p 00000000 00:00 0 
7f4bd51f7000-7f4bd5202000 r-xp 00000000 08:02 528910                     /lib/x86_64-linux-gnu/libnss_nis-2.23.so
7f4bd5202000-7f4bd5401000 ---p 0000b000 08:02 528910                     /lib/x86_64-linux-gnu/libnss_nis-2.23.so
7f4bd5401000-7f4bd5402000 r--p 0000a000 08:02 528910                     /lib/x86_64-linux-gnu/libnss_nis-2.23.so
7f4bd5402000-7f4bd5403000 rw-p 0000b000 08:02 528910                     /lib/x86_64-linux-gnu/libnss_nis-2.23.so
7f4bd5403000-7f4bd5419000 r-xp 00000000 08:02 528894                     /lib/x86_64-linux-gnu/libnsl-2.23.so
7f4bd5419000-7f4bd5618000 ---p 00016000 08:02 528894                     /lib/x86_64-linux-gnu/libnsl-2.23.so
7f4bd5618000-7f4bd5619000 r--p 00015000 08:02 528894                     /lib/x86_64-linux-gnu/libnsl-2.23.so
7f4bd5619000-7f4bd561a000 rw-p 00016000 08:02 528894                     /lib/x86_64-linux-gnu/libnsl-2.23.so
7f4bd561a000-7f4bd561c000 rw-p 00000000 00:00 0 
7f4bd561c000-7f4bd5624000 r-xp 00000000 08:02 528896                     /lib/x86_64-linux-gnu/libnss_compat-2.23.so
7f4bd5624000-7f4bd5823000 ---p 00008000 08:02 528896                     /lib/x86_64-linux-gnu/libnss_compat-2.23.so
7f4bd5823000-7f4bd5824000 r--p 00007000 08:02 528896                     /lib/x86_64-linux-gnu/libnss_compat-2.23.so
7f4bd5824000-7f4bd5825000 rw-p 00008000 08:02 528896                     /lib/x86_64-linux-gnu/libnss_compat-2.23.so
7f4bd5825000-7f4bd5851000 r-xp 00000000 08:02 36322100                   /usr/lib/jvm/java-8-oracle/jre/lib/amd64/libjava.so
7f4bd5851000-7f4bd5a51000 ---p 0002c000 08:02 36322100                   /usr/lib/jvm/java-8-oracle/jre/lib/amd64/libjava.so
7f4bd5a51000-7f4bd5a52000 r--p 0002c000 08:02 36322100                   /usr/lib/jvm/java-8-oracle/jre/lib/amd64/libjava.so
7f4bd5a52000-7f4bd5a54000 rw-p 0002d000 08:02 36322100                   /usr/lib/jvm/java-8-oracle/jre/lib/amd64/libjava.so
7f4bd5a54000-7f4bd5a61000 r-xp 00000000 08:02 36322105                   /usr/lib/jvm/java-8-oracle/jre/lib/amd64/libverify.so
7f4bd5a61000-7f4bd5c60000 ---p 0000d000 08:02 36322105                   /usr/lib/jvm/java-8-oracle/jre/lib/amd64/libverify.so
7f4bd5c60000-7f4bd5c62000 r--p 0000c000 08:02 36322105                   /usr/lib/jvm/java-8-oracle/jre/lib/amd64/libverify.so
7f4bd5c62000-7f4bd5c63000 rw-p 0000e000 08:02 36322105                   /usr/lib/jvm/java-8-oracle/jre/lib/amd64/libverify.so
7f4bd5c63000-7f4bd5c6a000 r-xp 00000000 08:02 528955                     /lib/x86_64-linux-gnu/librt-2.23.so
7f4bd5c6a000-7f4bd5e69000 ---p 00007000 08:02 528955                     /lib/x86_64-linux-gnu/librt-2.23.so
7f4bd5e69000-7f4bd5e6a000 r--p 00006000 08:02 528955                     /lib/x86_64-linux-gnu/librt-2.23.so
7f4bd5e6a000-7f4bd5e6b000 rw-p 00007000 08:02 528955                     /lib/x86_64-linux-gnu/librt-2.23.so
7f4bd5e6b000-7f4bd5f73000 r-xp 00000000 08:02 528871                     /lib/x86_64-linux-gnu/libm-2.23.so
7f4bd5f73000-7f4bd6172000 ---p 00108000 08:02 528871                     /lib/x86_64-linux-gnu/libm-2.23.so
7f4bd6172000-7f4bd6173000 r--p 00107000 08:02 528871                     /lib/x86_64-linux-gnu/libm-2.23.so
7f4bd6173000-7f4bd6174000 rw-p 00108000 08:02 528871                     /lib/x86_64-linux-gnu/libm-2.23.so
7f4bd6174000-7f4bd6e5c000 r-xp 00000000 08:02 36322082                   /usr/lib/jvm/java-8-oracle/jre/lib/amd64/server/libjvm.so
7f4bd6e5c000-7f4bd705b000 ---p 00ce8000 08:02 36322082                   /usr/lib/jvm/java-8-oracle/jre/lib/amd64/server/libjvm.so
7f4bd705b000-7f4bd70f1000 r--p 00ce7000 08:02 36322082                   /usr/lib/jvm/java-8-oracle/jre/lib/amd64/server/libjvm.so
7f4bd70f1000-7f4bd7122000 rw-p 00d7d000 08:02 36322082                   /usr/lib/jvm/java-8-oracle/jre/lib/amd64/server/libjvm.so
7f4bd7122000-7f4bd715d000 rw-p 00000000 00:00 0 
7f4bd715d000-7f4bd731d000 r-xp 00000000 08:02 528801                     /lib/x86_64-linux-gnu/libc-2.23.so
7f4bd731d000-7f4bd751d000 ---p 001c0000 08:02 528801                     /lib/x86_64-linux-gnu/libc-2.23.so
7f4bd751d000-7f4bd7521000 r--p 001c0000 08:02 528801                     /lib/x86_64-linux-gnu/libc-2.23.so
7f4bd7521000-7f4bd7523000 rw-p 001c4000 08:02 528801                     /lib/x86_64-linux-gnu/libc-2.23.so
7f4bd7523000-7f4bd7527000 rw-p 00000000 00:00 0 
7f4bd7527000-7f4bd752a000 r-xp 00000000 08:02 528825                     /lib/x86_64-linux-gnu/libdl-2.23.so
7f4bd752a000-7f4bd7729000 ---p 00003000 08:02 528825                     /lib/x86_64-linux-gnu/libdl-2.23.so
7f4bd7729000-7f4bd772a000 r--p 00002000 08:02 528825                     /lib/x86_64-linux-gnu/libdl-2.23.so
7f4bd772a000-7f4bd772b000 rw-p 00003000 08:02 528825                     /lib/x86_64-linux-gnu/libdl-2.23.so
7f4bd772b000-7f4bd7742000 r-xp 00000000 08:02 36322077                   /usr/lib/jvm/java-8-oracle/jre/lib/amd64/jli/libjli.so
7f4bd7742000-7f4bd7941000 ---p 00017000 08:02 36322077                   /usr/lib/jvm/java-8-oracle/jre/lib/amd64/jli/libjli.so
7f4bd7941000-7f4bd7942000 r--p 00016000 08:02 36322077                   /usr/lib/jvm/java-8-oracle/jre/lib/amd64/jli/libjli.so
7f4bd7942000-7f4bd7943000 rw-p 00017000 08:02 36322077                   /usr/lib/jvm/java-8-oracle/jre/lib/amd64/jli/libjli.so
7f4bd7943000-7f4bd795b000 r-xp 00000000 08:02 528947                     /lib/x86_64-linux-gnu/libpthread-2.23.so
7f4bd795b000-7f4bd7b5a000 ---p 00018000 08:02 528947                     /lib/x86_64-linux-gnu/libpthread-2.23.so
7f4bd7b5a000-7f4bd7b5b000 r--p 00017000 08:02 528947                     /lib/x86_64-linux-gnu/libpthread-2.23.so
7f4bd7b5b000-7f4bd7b5c000 rw-p 00018000 08:02 528947                     /lib/x86_64-linux-gnu/libpthread-2.23.so
7f4bd7b5c000-7f4bd7b60000 rw-p 00000000 00:00 0 
7f4bd7b60000-7f4bd7b86000 r-xp 00000000 08:02 528773                     /lib/x86_64-linux-gnu/ld-2.23.so
7f4bd7ba0000-7f4bd7bbc000 r--s 00393000 08:02 36321954                   /usr/lib/jvm/java-8-oracle/jre/lib/ext/cldrdata.jar
7f4bd7bbc000-7f4bd7c65000 rw-p 00000000 00:00 0 
7f4bd7c65000-7f4bd7c68000 ---p 00000000 00:00 0 
7f4bd7c68000-7f4bd7d6b000 rw-p 00000000 00:00 0 
7f4bd7d6d000-7f4bd7d77000 r--s 00116000 08:02 36321961                   /usr/lib/jvm/java-8-oracle/jre/lib/ext/localedata.jar
7f4bd7d77000-7f4bd7d7b000 r--s 000a1000 08:02 36321950                   /usr/lib/jvm/java-8-oracle/jre/lib/jsse.jar
7f4bd7d7b000-7f4bd7d83000 rw-s 00000000 08:02 38409526                   /tmp/hsperfdata_pawel/4137
7f4bd7d83000-7f4bd7d84000 rw-p 00000000 00:00 0 
7f4bd7d84000-7f4bd7d85000 r--p 00000000 00:00 0 
7f4bd7d85000-7f4bd7d86000 r--p 00025000 08:02 528773                     /lib/x86_64-linux-gnu/ld-2.23.so
7f4bd7d86000-7f4bd7d87000 rw-p 00026000 08:02 528773                     /lib/x86_64-linux-gnu/ld-2.23.so
7f4bd7d87000-7f4bd7d88000 rw-p 00000000 00:00 0 
7ffe51bdb000-7ffe51bfd000 rw-p 00000000 00:00 0                          [stack]
7ffe51d09000-7ffe51d0c000 r--p 00000000 00:00 0                          [vvar]
7ffe51d0c000-7ffe51d0e000 r-xp 00000000 00:00 0                          [vdso]
ffffffffff600000-ffffffffff601000 r-xp 00000000 00:00 0                  [vsyscall]

VM Arguments:
java_command: /home/pawel/codem/nodeServerReact/app/services/convert-0.0.1-SNAPSHOT.jar -f html -i /home/pawel/codem/nodeServerReact/app/services/docx_Test.docx -o /home/pawel/codem/nodeServerReact/public/loads/docx.html
java_class_path (initial): /home/pawel/codem/nodeServerReact/app/services/convert-0.0.1-SNAPSHOT.jar
Launcher Type: SUN_STANDARD

Environment Variables:
PATH=/usr/local/lib/node_modules/npm/node_modules/npm-lifecycle/node-gyp-bin:/home/pawel/codem/nodeServerReact/node_modules/.bin:/home/pawel/bin:/home/pawel/.local/bin:/usr/local/sbin:/usr/local/bin:/usr/sbin:/usr/bin:/sbin:/bin:/usr/games:/usr/local/games:/snap/bin
SHELL=/bin/bash
DISPLAY=:0

Signal Handlers:
SIGSEGV: [libjvm.so+0xad3e60], sa_mask[0]=11111111011111111101111111111110, sa_flags=SA_RESTART|SA_SIGINFO
SIGBUS: [libjvm.so+0xad3e60], sa_mask[0]=11111111011111111101111111111110, sa_flags=SA_RESTART|SA_SIGINFO
SIGFPE: [libjvm.so+0x90b880], sa_mask[0]=11111111011111111101111111111110, sa_flags=SA_RESTART|SA_SIGINFO
SIGPIPE: [libjvm.so+0x90b880], sa_mask[0]=11111111011111111101111111111110, sa_flags=SA_RESTART|SA_SIGINFO
SIGXFSZ: [libjvm.so+0x90b880], sa_mask[0]=11111111011111111101111111111110, sa_flags=SA_RESTART|SA_SIGINFO
SIGILL: [libjvm.so+0x90b880], sa_mask[0]=11111111011111111101111111111110, sa_flags=SA_RESTART|SA_SIGINFO
SIGUSR1: SIG_DFL, sa_mask[0]=00000000000000000000000000000000, sa_flags=none
SIGUSR2: [libjvm.so+0x90b750], sa_mask[0]=00000000000000000000000000000000, sa_flags=SA_RESTART|SA_SIGINFO
SIGHUP: [libjvm.so+0x90bd70], sa_mask[0]=11111111011111111101111111111110, sa_flags=SA_RESTART|SA_SIGINFO
SIGINT: [libjvm.so+0x90bd70], sa_mask[0]=11111111011111111101111111111110, sa_flags=SA_RESTART|SA_SIGINFO
SIGTERM: [libjvm.so+0x90bd70], sa_mask[0]=11111111011111111101111111111110, sa_flags=SA_RESTART|SA_SIGINFO
SIGQUIT: [libjvm.so+0x90bd70], sa_mask[0]=11111111011111111101111111111110, sa_flags=SA_RESTART|SA_SIGINFO


---------------  S Y S T E M  ---------------

OS:DISTRIB_ID=Ubuntu
DISTRIB_RELEASE=16.04
DISTRIB_CODENAME=xenial
DISTRIB_DESCRIPTION="Ubuntu 16.04.5 LTS"

uname:Linux 4.15.0-45-generic #48~16.04.1-Ubuntu SMP Tue Jan 29 18:03:48 UTC 2019 x86_64
libc:glibc 2.23 NPTL 2.23 
rlimit: STACK 8192k, CORE 0k, NPROC 63036, NOFILE 1048576, AS infinity
load average:1,81 1,03 0,89

/proc/meminfo:
MemTotal:       16245772 kB
MemFree:         3797704 kB
MemAvailable:    7925312 kB
Buffers:         1101964 kB
Cached:          4056740 kB
SwapCached:            0 kB
Active:          8342008 kB
Inactive:        3059912 kB
Active(anon):    6110344 kB
Inactive(anon):  1467136 kB
Active(file):    2231664 kB
Inactive(file):  1592776 kB
Unevictable:          64 kB
Mlocked:              64 kB
SwapTotal:       8208380 kB
SwapFree:        8208380 kB
Dirty:               348 kB
Writeback:             0 kB
AnonPages:       6243352 kB
Mapped:          1125092 kB
Shmem:           1544392 kB
Slab:             762108 kB
SReclaimable:     645396 kB
SUnreclaim:       116712 kB
KernelStack:       26000 kB
PageTables:       119276 kB
NFS_Unstable:          0 kB
Bounce:                0 kB
WritebackTmp:          0 kB
CommitLimit:    16331264 kB
Committed_AS:   21788608 kB
VmallocTotal:   34359738367 kB
VmallocUsed:           0 kB
VmallocChunk:          0 kB
HardwareCorrupted:     0 kB
AnonHugePages:      2048 kB
ShmemHugePages:        0 kB
ShmemPmdMapped:        0 kB
CmaTotal:              0 kB
CmaFree:               0 kB
HugePages_Total:       0
HugePages_Free:        0
HugePages_Rsvd:        0
HugePages_Surp:        0
Hugepagesize:       2048 kB
DirectMap4k:      891600 kB
DirectMap2M:    15706112 kB
DirectMap1G:     2097152 kB

container (cgroup) information:
container_type: cgroupv1
cpu_cpuset_cpus: 0-3
cpu_memory_nodes: 0
active_processor_count: 4
cpu_quota: -1
cpu_period: 100000
cpu_shares: -1
memory_limit_in_bytes: -1
memory_and_swap_limit_in_bytes: -2
memory_soft_limit_in_bytes: -1
memory_usage_in_bytes: 11675258880
memory_max_usage_in_bytes: 144596992


CPU:total 4 (initial active 4) (4 cores per cpu, 1 threads per core) family 6 model 92 stepping 9, cmov, cx8, fxsr, mmx, sse, sse2, sse3, ssse3, sse4.1, sse4.2, popcnt, aes, clmul, erms, 3dnowpref, tsc, tscinvbit

/proc/cpuinfo:
processor	: 0
vendor_id	: GenuineIntel
cpu family	: 6
model		: 92
model name	: Intel(R) Pentium(R) CPU N4200 @ 1.10GHz
stepping	: 9
microcode	: 0x32
cpu MHz		: 2177.420
cache size	: 1024 KB
physical id	: 0
siblings	: 4
core id		: 0
cpu cores	: 4
apicid		: 0
initial apicid	: 0
fpu		: yes
fpu_exception	: yes
cpuid level	: 21
wp		: yes
flags		: fpu vme de pse tsc msr pae mce cx8 apic sep mtrr pge mca cmov pat pse36 clflush dts acpi mmx fxsr sse sse2 ss ht tm pbe syscall nx pdpe1gb rdtscp lm constant_tsc art arch_perfmon pebs bts rep_good nopl xtopology tsc_reliable nonstop_tsc cpuid aperfmperf tsc_known_freq pni pclmulqdq dtes64 monitor ds_cpl vmx est tm2 ssse3 sdbg cx16 xtpr pdcm sse4_1 sse4_2 x2apic movbe popcnt tsc_deadline_timer aes xsave rdrand lahf_lm 3dnowprefetch cpuid_fault cat_l2 ibrs ibpb stibp tpr_shadow vnmi flexpriority ept vpid fsgsbase tsc_adjust smep erms mpx rdt_a rdseed smap clflushopt intel_pt sha_ni xsaveopt xsavec xgetbv1 xsaves dtherm ida arat pln pts arch_capabilities
bugs		: monitor spectre_v1 spectre_v2
bogomips	: 2188.80
clflush size	: 64
cache_alignment	: 64
address sizes	: 39 bits physical, 48 bits virtual
power management:

processor	: 1
vendor_id	: GenuineIntel
cpu family	: 6
model		: 92
model name	: Intel(R) Pentium(R) CPU N4200 @ 1.10GHz
stepping	: 9
microcode	: 0x32
cpu MHz		: 2174.021
cache size	: 1024 KB
physical id	: 0
siblings	: 4
core id		: 1
cpu cores	: 4
apicid		: 2
initial apicid	: 2
fpu		: yes
fpu_exception	: yes
cpuid level	: 21
wp		: yes
flags		: fpu vme de pse tsc msr pae mce cx8 apic sep mtrr pge mca cmov pat pse36 clflush dts acpi mmx fxsr sse sse2 ss ht tm pbe syscall nx pdpe1gb rdtscp lm constant_tsc art arch_perfmon pebs bts rep_good nopl xtopology tsc_reliable nonstop_tsc cpuid aperfmperf tsc_known_freq pni pclmulqdq dtes64 monitor ds_cpl vmx est tm2 ssse3 sdbg cx16 xtpr pdcm sse4_1 sse4_2 x2apic movbe popcnt tsc_deadline_timer aes xsave rdrand lahf_lm 3dnowprefetch cpuid_fault cat_l2 ibrs ibpb stibp tpr_shadow vnmi flexpriority ept vpid fsgsbase tsc_adjust smep erms mpx rdt_a rdseed smap clflushopt intel_pt sha_ni xsaveopt xsavec xgetbv1 xsaves dtherm ida arat pln pts arch_capabilities
bugs		: monitor spectre_v1 spectre_v2
bogomips	: 2188.80
clflush size	: 64
cache_alignment	: 64
address sizes	: 39 bits physical, 48 bits virtual
power management:

processor	: 2
vendor_id	: GenuineIntel
cpu family	: 6
model		: 92
model name	: Intel(R) Pentium(R) CPU N4200 @ 1.10GHz
stepping	: 9
microcode	: 0x32
cpu MHz		: 2166.312
cache size	: 1024 KB
physical id	: 0
siblings	: 4
core id		: 2
cpu cores	: 4
apicid		: 4
initial apicid	: 4
fpu		: yes
fpu_exception	: yes
cpuid level	: 21
wp		: yes
flags		: fpu vme de pse tsc msr pae mce cx8 apic sep mtrr pge mca cmov pat pse36 clflush dts acpi mmx fxsr sse sse2 ss ht tm pbe syscall nx pdpe1gb rdtscp lm constant_tsc art arch_perfmon pebs bts rep_good nopl xtopology tsc_reliable nonstop_tsc cpuid aperfmperf tsc_known_freq pni pclmulqdq dtes64 monitor ds_cpl vmx est tm2 ssse3 sdbg cx16 xtpr pdcm sse4_1 sse4_2 x2apic movbe popcnt tsc_deadline_timer aes xsave rdrand lahf_lm 3dnowprefetch cpuid_fault cat_l2 tpr_shadow vnmi flexpriority ept vpid fsgsbase tsc_adjust smep erms mpx rdt_a rdseed smap clflushopt intel_pt sha_ni xsaveopt xsavec xgetbv1 xsaves dtherm ida arat pln pts
bugs		: monitor spectre_v1 spectre_v2
bogomips	: 2188.80
clflush size	: 64
cache_alignment	: 64
address sizes	: 39 bits physical, 48 bits virtual
power management:

processor	: 3
vendor_id	: GenuineIntel
cpu family	: 6
model		: 92
model name	: Intel(R) Pentium(R) CPU N4200 @ 1.10GHz
stepping	: 9
microcode	: 0x32
cpu MHz		: 2164.445
cache size	: 1024 KB
physical id	: 0
siblings	: 4
core id		: 3
cpu cores	: 4
apicid		: 6
initial apicid	: 6
fpu		: yes
fpu_exception	: yes
cpuid level	: 21
wp		: yes
flags		: fpu vme de pse tsc msr pae mce cx8 apic sep mtrr pge mca cmov pat pse36 clflush dts acpi mmx fxsr sse sse2 ss ht tm pbe syscall nx pdpe1gb rdtscp lm constant_tsc art arch_perfmon pebs bts rep_good nopl xtopology tsc_reliable nonstop_tsc cpuid aperfmperf tsc_known_freq pni pclmulqdq dtes64 monitor ds_cpl vmx est tm2 ssse3 sdbg cx16 xtpr pdcm sse4_1 sse4_2 x2apic movbe popcnt tsc_deadline_timer aes xsave rdrand lahf_lm 3dnowprefetch cpuid_fault cat_l2 ibrs ibpb stibp tpr_shadow vnmi flexpriority ept vpid fsgsbase tsc_adjust smep erms mpx rdt_a rdseed smap clflushopt intel_pt sha_ni xsaveopt xsavec xgetbv1 xsaves dtherm ida arat pln pts arch_capabilities
bugs		: monitor spectre_v1 spectre_v2
bogomips	: 2188.80
clflush size	: 64
cache_alignment	: 64
address sizes	: 39 bits physical, 48 bits virtual
power management:



Memory: 4k page, physical 16245772k(3838512k free), swap 8208380k(8208380k free)

vm_info: Java HotSpot(TM) 64-Bit Server VM (25.201-b09) for linux-amd64 JRE (1.8.0_201-b09), built on Dec 15 2018 11:35:59 by "java_re" with gcc 7.3.0

time: Tue Mar 12 10:23:53 2019
timezone: CET
elapsed time: 96 seconds (0d 0h 1m 36s)

